INFO - 2023-08-19 13:43:26 --> Session: Class initialized using 'CodeIgniter\Session\Handlers\FileHandler' driver.
INFO - 2023-08-19 13:43:27 --> Session: Class initialized using 'CodeIgniter\Session\Handlers\FileHandler' driver.
INFO - 2023-08-19 13:43:38 --> Session: Class initialized using 'CodeIgniter\Session\Handlers\FileHandler' driver.
INFO - 2023-08-19 13:43:39 --> Session: Class initialized using 'CodeIgniter\Session\Handlers\FileHandler' driver.
INFO - 2023-08-19 13:43:45 --> Session: Class initialized using 'CodeIgniter\Session\Handlers\FileHandler' driver.
CRITICAL - 2023-08-19 13:43:46 --> Invalid file: "login.php"
in SYSTEMPATH\Exceptions\FrameworkException.php on line 33.
 1 SYSTEMPATH\View\View.php(201): CodeIgniter\Exceptions\FrameworkException::forInvalidFile('login.php')
 2 SYSTEMPATH\Common.php(1184): CodeIgniter\View\View->render('login', [], true)
 3 APPPATH\Controllers\Login.php(87): view('login', [...])
 4 SYSTEMPATH\CodeIgniter.php(934): App\Controllers\Login->create()
 5 SYSTEMPATH\CodeIgniter.php(499): CodeIgniter\CodeIgniter->runController(Object(App\Controllers\Login))
 6 SYSTEMPATH\CodeIgniter.php(368): CodeIgniter\CodeIgniter->handleRequest(null, Object(Config\Cache), false)
 7 FCPATH\index.php(67): CodeIgniter\CodeIgniter->run()
 8 SYSTEMPATH\Commands\Server\rewrite.php(47): require_once('FCPATH\\index.php')
INFO - 2023-08-19 13:43:49 --> Session: Class initialized using 'CodeIgniter\Session\Handlers\FileHandler' driver.
INFO - 2023-08-19 13:44:32 --> Session: Class initialized using 'CodeIgniter\Session\Handlers\FileHandler' driver.
INFO - 2023-08-19 13:44:38 --> Session: Class initialized using 'CodeIgniter\Session\Handlers\FileHandler' driver.
CRITICAL - 2023-08-19 13:44:38 --> Invalid file: "/login.php"
in SYSTEMPATH\Exceptions\FrameworkException.php on line 33.
 1 SYSTEMPATH\View\View.php(201): CodeIgniter\Exceptions\FrameworkException::forInvalidFile('/login.php')
 2 SYSTEMPATH\Common.php(1184): CodeIgniter\View\View->render('/login', [], true)
 3 APPPATH\Controllers\Login.php(87): view('/login', [...])
 4 SYSTEMPATH\CodeIgniter.php(934): App\Controllers\Login->create()
 5 SYSTEMPATH\CodeIgniter.php(499): CodeIgniter\CodeIgniter->runController(Object(App\Controllers\Login))
 6 SYSTEMPATH\CodeIgniter.php(368): CodeIgniter\CodeIgniter->handleRequest(null, Object(Config\Cache), false)
 7 FCPATH\index.php(67): CodeIgniter\CodeIgniter->run()
 8 SYSTEMPATH\Commands\Server\rewrite.php(47): require_once('FCPATH\\index.php')
INFO - 2023-08-19 13:44:43 --> Session: Class initialized using 'CodeIgniter\Session\Handlers\FileHandler' driver.
INFO - 2023-08-19 13:48:45 --> Session: Class initialized using 'CodeIgniter\Session\Handlers\FileHandler' driver.
INFO - 2023-08-19 13:48:46 --> Session: Class initialized using 'CodeIgniter\Session\Handlers\FileHandler' driver.
INFO - 2023-08-19 13:48:59 --> Session: Class initialized using 'CodeIgniter\Session\Handlers\FileHandler' driver.
CRITICAL - 2023-08-19 13:48:59 --> Invalid file: "/login.php"
in SYSTEMPATH\Exceptions\FrameworkException.php on line 33.
 1 SYSTEMPATH\View\View.php(201): CodeIgniter\Exceptions\FrameworkException::forInvalidFile('/login.php')
 2 SYSTEMPATH\Common.php(1184): CodeIgniter\View\View->render('/login', [], true)
 3 APPPATH\Controllers\Login.php(87): view('/login', [...])
 4 SYSTEMPATH\CodeIgniter.php(934): App\Controllers\Login->create()
 5 SYSTEMPATH\CodeIgniter.php(499): CodeIgniter\CodeIgniter->runController(Object(App\Controllers\Login))
 6 SYSTEMPATH\CodeIgniter.php(368): CodeIgniter\CodeIgniter->handleRequest(null, Object(Config\Cache), false)
 7 FCPATH\index.php(67): CodeIgniter\CodeIgniter->run()
 8 SYSTEMPATH\Commands\Server\rewrite.php(47): require_once('FCPATH\\index.php')
INFO - 2023-08-19 13:49:03 --> Session: Class initialized using 'CodeIgniter\Session\Handlers\FileHandler' driver.
INFO - 2023-08-19 14:02:40 --> Session: Class initialized using 'CodeIgniter\Session\Handlers\FileHandler' driver.
INFO - 2023-08-19 14:02:48 --> Session: Class initialized using 'CodeIgniter\Session\Handlers\FileHandler' driver.
INFO - 2023-08-19 14:02:54 --> Session: Class initialized using 'CodeIgniter\Session\Handlers\FileHandler' driver.
INFO - 2023-08-19 14:03:07 --> Session: Class initialized using 'CodeIgniter\Session\Handlers\FileHandler' driver.
INFO - 2023-08-19 14:03:12 --> Session: Class initialized using 'CodeIgniter\Session\Handlers\FileHandler' driver.
INFO - 2023-08-19 14:03:49 --> Session: Class initialized using 'CodeIgniter\Session\Handlers\FileHandler' driver.
INFO - 2023-08-19 14:03:54 --> Session: Class initialized using 'CodeIgniter\Session\Handlers\FileHandler' driver.
INFO - 2023-08-19 14:03:54 --> Session: Class initialized using 'CodeIgniter\Session\Handlers\FileHandler' driver.
INFO - 2023-08-19 14:03:59 --> Session: Class initialized using 'CodeIgniter\Session\Handlers\FileHandler' driver.
INFO - 2023-08-19 14:03:59 --> Session: Class initialized using 'CodeIgniter\Session\Handlers\FileHandler' driver.
INFO - 2023-08-19 14:04:04 --> Session: Class initialized using 'CodeIgniter\Session\Handlers\FileHandler' driver.
INFO - 2023-08-19 14:05:01 --> Session: Class initialized using 'CodeIgniter\Session\Handlers\FileHandler' driver.
INFO - 2023-08-19 14:05:08 --> Session: Class initialized using 'CodeIgniter\Session\Handlers\FileHandler' driver.
INFO - 2023-08-19 14:06:03 --> Session: Class initialized using 'CodeIgniter\Session\Handlers\FileHandler' driver.
INFO - 2023-08-19 14:06:10 --> Session: Class initialized using 'CodeIgniter\Session\Handlers\FileHandler' driver.
INFO - 2023-08-19 14:06:53 --> Session: Class initialized using 'CodeIgniter\Session\Handlers\FileHandler' driver.
INFO - 2023-08-19 14:06:58 --> Session: Class initialized using 'CodeIgniter\Session\Handlers\FileHandler' driver.
INFO - 2023-08-19 14:06:58 --> Session: Class initialized using 'CodeIgniter\Session\Handlers\FileHandler' driver.
INFO - 2023-08-19 14:06:58 --> Session: Class initialized using 'CodeIgniter\Session\Handlers\FileHandler' driver.
INFO - 2023-08-19 14:07:02 --> Session: Class initialized using 'CodeIgniter\Session\Handlers\FileHandler' driver.
INFO - 2023-08-19 14:07:03 --> Session: Class initialized using 'CodeIgniter\Session\Handlers\FileHandler' driver.
INFO - 2023-08-19 14:07:04 --> Session: Class initialized using 'CodeIgniter\Session\Handlers\FileHandler' driver.
INFO - 2023-08-19 14:30:19 --> Session: Class initialized using 'CodeIgniter\Session\Handlers\FileHandler' driver.
INFO - 2023-08-19 14:56:50 --> Session: Class initialized using 'CodeIgniter\Session\Handlers\FileHandler' driver.
WARNING - 2023-08-19 14:56:50 --> Session: Sessions is enabled, and one exists.Please don't $session->start();
INFO - 2023-08-19 14:56:59 --> Session: Class initialized using 'CodeIgniter\Session\Handlers\FileHandler' driver.
WARNING - 2023-08-19 14:56:59 --> Session: Sessions is enabled, and one exists.Please don't $session->start();
INFO - 2023-08-19 15:00:11 --> Session: Class initialized using 'CodeIgniter\Session\Handlers\FileHandler' driver.
WARNING - 2023-08-19 15:00:11 --> Session: Sessions is enabled, and one exists.Please don't $session->start();
INFO - 2023-08-19 15:00:14 --> Session: Class initialized using 'CodeIgniter\Session\Handlers\FileHandler' driver.
WARNING - 2023-08-19 15:00:14 --> Session: Sessions is enabled, and one exists.Please don't $session->start();
INFO - 2023-08-19 15:00:16 --> Session: Class initialized using 'CodeIgniter\Session\Handlers\FileHandler' driver.
WARNING - 2023-08-19 15:00:16 --> Session: Sessions is enabled, and one exists.Please don't $session->start();
INFO - 2023-08-19 15:00:23 --> Session: Class initialized using 'CodeIgniter\Session\Handlers\FileHandler' driver.
WARNING - 2023-08-19 15:00:23 --> Session: Sessions is enabled, and one exists.Please don't $session->start();
INFO - 2023-08-19 15:00:23 --> Session: Class initialized using 'CodeIgniter\Session\Handlers\FileHandler' driver.
WARNING - 2023-08-19 15:00:23 --> Session: Sessions is enabled, and one exists.Please don't $session->start();
INFO - 2023-08-19 15:02:58 --> Session: Class initialized using 'CodeIgniter\Session\Handlers\FileHandler' driver.
WARNING - 2023-08-19 15:02:58 --> Session: Sessions is enabled, and one exists.Please don't $session->start();
INFO - 2023-08-19 15:03:05 --> Session: Class initialized using 'CodeIgniter\Session\Handlers\FileHandler' driver.
WARNING - 2023-08-19 15:03:05 --> Session: Sessions is enabled, and one exists.Please don't $session->start();
INFO - 2023-08-19 15:03:09 --> Session: Class initialized using 'CodeIgniter\Session\Handlers\FileHandler' driver.
WARNING - 2023-08-19 15:03:09 --> Session: Sessions is enabled, and one exists.Please don't $session->start();
INFO - 2023-08-19 15:10:39 --> Session: Class initialized using 'CodeIgniter\Session\Handlers\FileHandler' driver.
WARNING - 2023-08-19 15:10:39 --> Session: Sessions is enabled, and one exists.Please don't $session->start();
INFO - 2023-08-19 15:13:30 --> Session: Class initialized using 'CodeIgniter\Session\Handlers\FileHandler' driver.
INFO - 2023-08-19 15:13:34 --> Session: Class initialized using 'CodeIgniter\Session\Handlers\FileHandler' driver.
INFO - 2023-08-19 15:13:37 --> Session: Class initialized using 'CodeIgniter\Session\Handlers\FileHandler' driver.
INFO - 2023-08-19 15:19:11 --> Session: Class initialized using 'CodeIgniter\Session\Handlers\FileHandler' driver.
INFO - 2023-08-19 15:19:52 --> Session: Class initialized using 'CodeIgniter\Session\Handlers\FileHandler' driver.
INFO - 2023-08-19 15:27:14 --> Session: Class initialized using 'CodeIgniter\Session\Handlers\FileHandler' driver.
WARNING - 2023-08-19 15:27:14 --> Session: Sessions is enabled, and one exists.Please don't $session->start();
INFO - 2023-08-19 15:27:16 --> Session: Class initialized using 'CodeIgniter\Session\Handlers\FileHandler' driver.
WARNING - 2023-08-19 15:27:16 --> Session: Sessions is enabled, and one exists.Please don't $session->start();
INFO - 2023-08-19 15:28:44 --> Session: Class initialized using 'CodeIgniter\Session\Handlers\FileHandler' driver.
WARNING - 2023-08-19 15:28:44 --> Session: Sessions is enabled, and one exists.Please don't $session->start();
INFO - 2023-08-19 15:31:30 --> Session: Class initialized using 'CodeIgniter\Session\Handlers\FileHandler' driver.
WARNING - 2023-08-19 15:31:30 --> Session: Sessions is enabled, and one exists.Please don't $session->start();
INFO - 2023-08-19 15:31:41 --> Session: Class initialized using 'CodeIgniter\Session\Handlers\FileHandler' driver.
WARNING - 2023-08-19 15:31:41 --> Session: Sessions is enabled, and one exists.Please don't $session->start();
INFO - 2023-08-19 15:35:47 --> Session: Class initialized using 'CodeIgniter\Session\Handlers\FileHandler' driver.
WARNING - 2023-08-19 15:35:47 --> Session: Sessions is enabled, and one exists.Please don't $session->start();
INFO - 2023-08-19 15:37:36 --> Session: Class initialized using 'CodeIgniter\Session\Handlers\FileHandler' driver.
WARNING - 2023-08-19 15:37:36 --> Session: Sessions is enabled, and one exists.Please don't $session->start();
INFO - 2023-08-19 15:41:30 --> Session: Class initialized using 'CodeIgniter\Session\Handlers\FileHandler' driver.
WARNING - 2023-08-19 15:41:30 --> Session: Sessions is enabled, and one exists.Please don't $session->start();
INFO - 2023-08-19 15:41:49 --> Session: Class initialized using 'CodeIgniter\Session\Handlers\FileHandler' driver.
WARNING - 2023-08-19 15:41:49 --> Session: Sessions is enabled, and one exists.Please don't $session->start();
INFO - 2023-08-19 15:42:19 --> Session: Class initialized using 'CodeIgniter\Session\Handlers\FileHandler' driver.
WARNING - 2023-08-19 15:42:19 --> Session: Sessions is enabled, and one exists.Please don't $session->start();
INFO - 2023-08-19 15:42:23 --> Session: Class initialized using 'CodeIgniter\Session\Handlers\FileHandler' driver.
ERROR - 2023-08-19 15:42:23 --> mysqli_sql_exception: MySQL server has gone away in C:\xampp\htdocs\CertifyCraft\system\Database\MySQLi\Connection.php:295
Stack trace:
#0 C:\xampp\htdocs\CertifyCraft\system\Database\MySQLi\Connection.php(295): mysqli->query('SELECT COUNT(*)...', 0)
#1 C:\xampp\htdocs\CertifyCraft\system\Database\BaseConnection.php(691): CodeIgniter\Database\MySQLi\Connection->execute('SELECT COUNT(*)...')
#2 C:\xampp\htdocs\CertifyCraft\system\Database\BaseConnection.php(605): CodeIgniter\Database\BaseConnection->simpleQuery('SELECT COUNT(*)...')
#3 C:\xampp\htdocs\CertifyCraft\system\Database\BaseBuilder.php(1645): CodeIgniter\Database\BaseConnection->query('SELECT COUNT(*)...', NULL, false)
#4 C:\xampp\htdocs\CertifyCraft\system\Model.php(840): CodeIgniter\Database\BaseBuilder->countAll()
#5 C:\xampp\htdocs\CertifyCraft\app\Controllers\Home.php(17): CodeIgniter\Model->__call('countAll', Array)
#6 C:\xampp\htdocs\CertifyCraft\system\CodeIgniter.php(934): App\Controllers\Home->index()
#7 C:\xampp\htdocs\CertifyCraft\system\CodeIgniter.php(499): CodeIgniter\CodeIgniter->runController(Object(App\Controllers\Home))
#8 C:\xampp\htdocs\CertifyCraft\system\CodeIgniter.php(368): CodeIgniter\CodeIgniter->handleRequest(NULL, Object(Config\Cache), false)
#9 C:\xampp\htdocs\CertifyCraft\public\index.php(67): CodeIgniter\CodeIgniter->run()
#10 C:\xampp\htdocs\CertifyCraft\system\Commands\Server\rewrite.php(47): require_once('C:\\xampp\\htdocs...')
#11 {main}
CRITICAL - 2023-08-19 15:42:24 --> MySQL server has gone away
in SYSTEMPATH\Database\BaseConnection.php on line 645.
 1 SYSTEMPATH\Database\BaseBuilder.php(1645): CodeIgniter\Database\BaseConnection->query('SELECT COUNT(*) AS `numrows` FROM `umkmdata`', null, false)
 2 SYSTEMPATH\Model.php(840): CodeIgniter\Database\BaseBuilder->countAll()
 3 APPPATH\Controllers\Home.php(17): CodeIgniter\Model->__call('countAll', [])
 4 SYSTEMPATH\CodeIgniter.php(934): App\Controllers\Home->index()
 5 SYSTEMPATH\CodeIgniter.php(499): CodeIgniter\CodeIgniter->runController(Object(App\Controllers\Home))
 6 SYSTEMPATH\CodeIgniter.php(368): CodeIgniter\CodeIgniter->handleRequest(null, Object(Config\Cache), false)
 7 FCPATH\index.php(67): CodeIgniter\CodeIgniter->run()
 8 SYSTEMPATH\Commands\Server\rewrite.php(47): require_once('FCPATH\\index.php')
INFO - 2023-08-19 15:42:38 --> Session: Class initialized using 'CodeIgniter\Session\Handlers\FileHandler' driver.
INFO - 2023-08-19 15:42:42 --> Session: Class initialized using 'CodeIgniter\Session\Handlers\FileHandler' driver.
WARNING - 2023-08-19 15:42:42 --> Session: Sessions is enabled, and one exists.Please don't $session->start();
INFO - 2023-08-19 15:43:11 --> Session: Class initialized using 'CodeIgniter\Session\Handlers\FileHandler' driver.
WARNING - 2023-08-19 15:43:11 --> Session: Sessions is enabled, and one exists.Please don't $session->start();
INFO - 2023-08-19 15:43:42 --> Session: Class initialized using 'CodeIgniter\Session\Handlers\FileHandler' driver.
WARNING - 2023-08-19 15:43:42 --> Session: Sessions is enabled, and one exists.Please don't $session->start();
INFO - 2023-08-19 15:45:41 --> Session: Class initialized using 'CodeIgniter\Session\Handlers\FileHandler' driver.
WARNING - 2023-08-19 15:45:41 --> Session: Sessions is enabled, and one exists.Please don't $session->start();
INFO - 2023-08-19 15:47:51 --> Session: Class initialized using 'CodeIgniter\Session\Handlers\FileHandler' driver.
WARNING - 2023-08-19 15:47:51 --> Session: Sessions is enabled, and one exists.Please don't $session->start();
INFO - 2023-08-19 15:48:07 --> Session: Class initialized using 'CodeIgniter\Session\Handlers\FileHandler' driver.
INFO - 2023-08-19 15:48:10 --> Session: Class initialized using 'CodeIgniter\Session\Handlers\FileHandler' driver.
WARNING - 2023-08-19 15:48:10 --> Session: Sessions is enabled, and one exists.Please don't $session->start();
INFO - 2023-08-19 15:48:12 --> Session: Class initialized using 'CodeIgniter\Session\Handlers\FileHandler' driver.
WARNING - 2023-08-19 15:48:12 --> Session: Sessions is enabled, and one exists.Please don't $session->start();
INFO - 2023-08-19 15:50:11 --> Session: Class initialized using 'CodeIgniter\Session\Handlers\FileHandler' driver.
WARNING - 2023-08-19 15:50:11 --> Session: Sessions is enabled, and one exists.Please don't $session->start();
INFO - 2023-08-19 15:51:52 --> Session: Class initialized using 'CodeIgniter\Session\Handlers\FileHandler' driver.
WARNING - 2023-08-19 15:51:52 --> Session: Sessions is enabled, and one exists.Please don't $session->start();
INFO - 2023-08-19 15:52:00 --> Session: Class initialized using 'CodeIgniter\Session\Handlers\FileHandler' driver.
WARNING - 2023-08-19 15:52:00 --> Session: Sessions is enabled, and one exists.Please don't $session->start();
INFO - 2023-08-19 16:04:25 --> Session: Class initialized using 'CodeIgniter\Session\Handlers\FileHandler' driver.
WARNING - 2023-08-19 16:04:25 --> Session: Sessions is enabled, and one exists.Please don't $session->start();
ERROR - 2023-08-19 16:04:29 --> Error connecting to the database: mysqli_sql_exception: No connection could be made because the target machine actively refused it in C:\xampp\htdocs\CertifyCraft\system\Database\MySQLi\Connection.php:174
Stack trace:
#0 C:\xampp\htdocs\CertifyCraft\system\Database\MySQLi\Connection.php(174): mysqli->real_connect('localhost', 'root', '', 'certifycraft2', 3306, '', 0)
#1 C:\xampp\htdocs\CertifyCraft\system\Database\BaseConnection.php(391): CodeIgniter\Database\MySQLi\Connection->connect(false)
#2 C:\xampp\htdocs\CertifyCraft\system\Database\BaseConnection.php(573): CodeIgniter\Database\BaseConnection->initialize()
#3 C:\xampp\htdocs\CertifyCraft\system\Database\BaseBuilder.php(1700): CodeIgniter\Database\BaseConnection->query('SELECT COUNT(*)...', Array, false)
#4 C:\xampp\htdocs\CertifyCraft\system\Model.php(606): CodeIgniter\Database\BaseBuilder->countAllResults(false)
#5 C:\xampp\htdocs\CertifyCraft\system\BaseModel.php(1188): CodeIgniter\Model->countAllResults(false)
#6 C:\xampp\htdocs\CertifyCraft\app\Controllers\Admin.php(37): CodeIgniter\BaseModel->paginate(50, 'umkmdata')
#7 C:\xampp\htdocs\CertifyCraft\system\CodeIgniter.php(934): App\Controllers\Admin->index()
#8 C:\xampp\htdocs\CertifyCraft\system\CodeIgniter.php(499): CodeIgniter\CodeIgniter->runController(Object(App\Controllers\Admin))
#9 C:\xampp\htdocs\CertifyCraft\system\CodeIgniter.php(368): CodeIgniter\CodeIgniter->handleRequest(NULL, Object(Config\Cache), false)
#10 C:\xampp\htdocs\CertifyCraft\public\index.php(67): CodeIgniter\CodeIgniter->run()
#11 C:\xampp\htdocs\CertifyCraft\system\Commands\Server\rewrite.php(47): require_once('C:\\xampp\\htdocs...')
#12 {main}

Next CodeIgniter\Database\Exceptions\DatabaseException: No connection could be made because the target machine actively refused it in C:\xampp\htdocs\CertifyCraft\system\Database\MySQLi\Connection.php:218
Stack trace:
#0 C:\xampp\htdocs\CertifyCraft\system\Database\BaseConnection.php(391): CodeIgniter\Database\MySQLi\Connection->connect(false)
#1 C:\xampp\htdocs\CertifyCraft\system\Database\BaseConnection.php(573): CodeIgniter\Database\BaseConnection->initialize()
#2 C:\xampp\htdocs\CertifyCraft\system\Database\BaseBuilder.php(1700): CodeIgniter\Database\BaseConnection->query('SELECT COUNT(*)...', Array, false)
#3 C:\xampp\htdocs\CertifyCraft\system\Model.php(606): CodeIgniter\Database\BaseBuilder->countAllResults(false)
#4 C:\xampp\htdocs\CertifyCraft\system\BaseModel.php(1188): CodeIgniter\Model->countAllResults(false)
#5 C:\xampp\htdocs\CertifyCraft\app\Controllers\Admin.php(37): CodeIgniter\BaseModel->paginate(50, 'umkmdata')
#6 C:\xampp\htdocs\CertifyCraft\system\CodeIgniter.php(934): App\Controllers\Admin->index()
#7 C:\xampp\htdocs\CertifyCraft\system\CodeIgniter.php(499): CodeIgniter\CodeIgniter->runController(Object(App\Controllers\Admin))
#8 C:\xampp\htdocs\CertifyCraft\system\CodeIgniter.php(368): CodeIgniter\CodeIgniter->handleRequest(NULL, Object(Config\Cache), false)
#9 C:\xampp\htdocs\CertifyCraft\public\index.php(67): CodeIgniter\CodeIgniter->run()
#10 C:\xampp\htdocs\CertifyCraft\system\Commands\Server\rewrite.php(47): require_once('C:\\xampp\\htdocs...')
#11 {main}
CRITICAL - 2023-08-19 16:04:29 --> Unable to connect to the database.
Main connection [MySQLi]: No connection could be made because the target machine actively refused it
in SYSTEMPATH\Database\BaseConnection.php on line 427.
 1 SYSTEMPATH\Database\BaseConnection.php(573): CodeIgniter\Database\BaseConnection->initialize()
 2 SYSTEMPATH\Database\BaseBuilder.php(1700): CodeIgniter\Database\BaseConnection->query('SELECT COUNT(*) AS `numrows`
FROM `umkmdata`', [], false)
 3 SYSTEMPATH\Model.php(606): CodeIgniter\Database\BaseBuilder->countAllResults(false)
 4 SYSTEMPATH\BaseModel.php(1188): CodeIgniter\Model->countAllResults(false)
 5 APPPATH\Controllers\Admin.php(37): CodeIgniter\BaseModel->paginate(50, 'umkmdata')
 6 SYSTEMPATH\CodeIgniter.php(934): App\Controllers\Admin->index()
 7 SYSTEMPATH\CodeIgniter.php(499): CodeIgniter\CodeIgniter->runController(Object(App\Controllers\Admin))
 8 SYSTEMPATH\CodeIgniter.php(368): CodeIgniter\CodeIgniter->handleRequest(null, Object(Config\Cache), false)
 9 FCPATH\index.php(67): CodeIgniter\CodeIgniter->run()
10 SYSTEMPATH\Commands\Server\rewrite.php(47): require_once('FCPATH\\index.php')
INFO - 2023-08-19 16:04:56 --> Session: Class initialized using 'CodeIgniter\Session\Handlers\FileHandler' driver.
WARNING - 2023-08-19 16:04:56 --> Session: Sessions is enabled, and one exists.Please don't $session->start();
INFO - 2023-08-19 16:05:07 --> Session: Class initialized using 'CodeIgniter\Session\Handlers\FileHandler' driver.
WARNING - 2023-08-19 16:05:07 --> Session: Sessions is enabled, and one exists.Please don't $session->start();
INFO - 2023-08-19 16:05:18 --> Session: Class initialized using 'CodeIgniter\Session\Handlers\FileHandler' driver.
WARNING - 2023-08-19 16:05:18 --> Session: Sessions is enabled, and one exists.Please don't $session->start();
INFO - 2023-08-19 16:05:18 --> Session: Class initialized using 'CodeIgniter\Session\Handlers\FileHandler' driver.
WARNING - 2023-08-19 16:05:18 --> Session: Sessions is enabled, and one exists.Please don't $session->start();
INFO - 2023-08-19 16:05:21 --> Session: Class initialized using 'CodeIgniter\Session\Handlers\FileHandler' driver.
WARNING - 2023-08-19 16:05:21 --> Session: Sessions is enabled, and one exists.Please don't $session->start();
INFO - 2023-08-19 16:05:41 --> Session: Class initialized using 'CodeIgniter\Session\Handlers\FileHandler' driver.
WARNING - 2023-08-19 16:05:41 --> Session: Sessions is enabled, and one exists.Please don't $session->start();
INFO - 2023-08-19 16:05:55 --> Session: Class initialized using 'CodeIgniter\Session\Handlers\FileHandler' driver.
WARNING - 2023-08-19 16:05:55 --> Session: Sessions is enabled, and one exists.Please don't $session->start();
INFO - 2023-08-19 16:12:11 --> Session: Class initialized using 'CodeIgniter\Session\Handlers\FileHandler' driver.
INFO - 2023-08-19 16:12:17 --> Session: Class initialized using 'CodeIgniter\Session\Handlers\FileHandler' driver.
INFO - 2023-08-19 16:15:31 --> Session: Class initialized using 'CodeIgniter\Session\Handlers\FileHandler' driver.
WARNING - 2023-08-19 16:15:31 --> Session: Sessions is enabled, and one exists.Please don't $session->start();
INFO - 2023-08-19 16:20:22 --> Session: Class initialized using 'CodeIgniter\Session\Handlers\FileHandler' driver.
WARNING - 2023-08-19 16:20:22 --> Session: Sessions is enabled, and one exists.Please don't $session->start();
INFO - 2023-08-19 16:24:43 --> Session: Class initialized using 'CodeIgniter\Session\Handlers\FileHandler' driver.
WARNING - 2023-08-19 16:24:43 --> Session: Sessions is enabled, and one exists.Please don't $session->start();
INFO - 2023-08-19 16:24:47 --> Session: Class initialized using 'CodeIgniter\Session\Handlers\FileHandler' driver.
WARNING - 2023-08-19 16:24:47 --> Session: Sessions is enabled, and one exists.Please don't $session->start();
INFO - 2023-08-19 16:24:49 --> Session: Class initialized using 'CodeIgniter\Session\Handlers\FileHandler' driver.
WARNING - 2023-08-19 16:24:49 --> Session: Sessions is enabled, and one exists.Please don't $session->start();
INFO - 2023-08-19 16:24:53 --> Session: Class initialized using 'CodeIgniter\Session\Handlers\FileHandler' driver.
WARNING - 2023-08-19 16:24:53 --> Session: Sessions is enabled, and one exists.Please don't $session->start();
INFO - 2023-08-19 16:24:53 --> Session: Class initialized using 'CodeIgniter\Session\Handlers\FileHandler' driver.
WARNING - 2023-08-19 16:24:53 --> Session: Sessions is enabled, and one exists.Please don't $session->start();
INFO - 2023-08-19 16:25:17 --> Session: Class initialized using 'CodeIgniter\Session\Handlers\FileHandler' driver.
WARNING - 2023-08-19 16:25:17 --> Session: Sessions is enabled, and one exists.Please don't $session->start();
INFO - 2023-08-19 16:25:17 --> Session: Class initialized using 'CodeIgniter\Session\Handlers\FileHandler' driver.
WARNING - 2023-08-19 16:25:17 --> Session: Sessions is enabled, and one exists.Please don't $session->start();
INFO - 2023-08-19 16:25:17 --> Session: Class initialized using 'CodeIgniter\Session\Handlers\FileHandler' driver.
WARNING - 2023-08-19 16:25:17 --> Session: Sessions is enabled, and one exists.Please don't $session->start();
INFO - 2023-08-19 16:25:27 --> Session: Class initialized using 'CodeIgniter\Session\Handlers\FileHandler' driver.
WARNING - 2023-08-19 16:25:27 --> Session: Sessions is enabled, and one exists.Please don't $session->start();
INFO - 2023-08-19 16:25:27 --> Session: Class initialized using 'CodeIgniter\Session\Handlers\FileHandler' driver.
WARNING - 2023-08-19 16:25:27 --> Session: Sessions is enabled, and one exists.Please don't $session->start();
INFO - 2023-08-19 16:29:43 --> Session: Class initialized using 'CodeIgniter\Session\Handlers\FileHandler' driver.
WARNING - 2023-08-19 16:29:43 --> Session: Sessions is enabled, and one exists.Please don't $session->start();
INFO - 2023-08-19 16:29:57 --> Session: Class initialized using 'CodeIgniter\Session\Handlers\FileHandler' driver.
WARNING - 2023-08-19 16:29:57 --> Session: Sessions is enabled, and one exists.Please don't $session->start();
CRITICAL - 2023-08-19 16:29:57 --> Invalid file: "umkmdata/delete.php"
in SYSTEMPATH\Exceptions\FrameworkException.php on line 33.
 1 SYSTEMPATH\View\View.php(201): CodeIgniter\Exceptions\FrameworkException::forInvalidFile('umkmdata/delete.php')
 2 SYSTEMPATH\Common.php(1184): CodeIgniter\View\View->render('umkmdata/delete', [], true)
 3 APPPATH\Controllers\Admin.php(236): view('umkmdata/delete', [...])
 4 SYSTEMPATH\CodeIgniter.php(934): App\Controllers\Admin->delete('617')
 5 SYSTEMPATH\CodeIgniter.php(499): CodeIgniter\CodeIgniter->runController(Object(App\Controllers\Admin))
 6 SYSTEMPATH\CodeIgniter.php(368): CodeIgniter\CodeIgniter->handleRequest(null, Object(Config\Cache), false)
 7 FCPATH\index.php(67): CodeIgniter\CodeIgniter->run()
 8 SYSTEMPATH\Commands\Server\rewrite.php(47): require_once('FCPATH\\index.php')
INFO - 2023-08-19 16:30:43 --> Session: Class initialized using 'CodeIgniter\Session\Handlers\FileHandler' driver.
WARNING - 2023-08-19 16:30:43 --> Session: Sessions is enabled, and one exists.Please don't $session->start();
INFO - 2023-08-19 16:30:50 --> Session: Class initialized using 'CodeIgniter\Session\Handlers\FileHandler' driver.
WARNING - 2023-08-19 16:30:50 --> Session: Sessions is enabled, and one exists.Please don't $session->start();
INFO - 2023-08-19 16:31:15 --> Session: Class initialized using 'CodeIgniter\Session\Handlers\FileHandler' driver.
WARNING - 2023-08-19 16:31:15 --> Session: Sessions is enabled, and one exists.Please don't $session->start();
INFO - 2023-08-19 16:31:15 --> Session: Class initialized using 'CodeIgniter\Session\Handlers\FileHandler' driver.
WARNING - 2023-08-19 16:31:15 --> Session: Sessions is enabled, and one exists.Please don't $session->start();
INFO - 2023-08-19 16:31:15 --> Session: Class initialized using 'CodeIgniter\Session\Handlers\FileHandler' driver.
WARNING - 2023-08-19 16:31:15 --> Session: Sessions is enabled, and one exists.Please don't $session->start();
INFO - 2023-08-19 16:31:42 --> Session: Class initialized using 'CodeIgniter\Session\Handlers\FileHandler' driver.
WARNING - 2023-08-19 16:31:42 --> Session: Sessions is enabled, and one exists.Please don't $session->start();
INFO - 2023-08-19 16:31:42 --> Session: Class initialized using 'CodeIgniter\Session\Handlers\FileHandler' driver.
WARNING - 2023-08-19 16:31:42 --> Session: Sessions is enabled, and one exists.Please don't $session->start();
INFO - 2023-08-19 16:31:50 --> Session: Class initialized using 'CodeIgniter\Session\Handlers\FileHandler' driver.
WARNING - 2023-08-19 16:31:50 --> Session: Sessions is enabled, and one exists.Please don't $session->start();
INFO - 2023-08-19 16:31:50 --> Session: Class initialized using 'CodeIgniter\Session\Handlers\FileHandler' driver.
WARNING - 2023-08-19 16:31:50 --> Session: Sessions is enabled, and one exists.Please don't $session->start();
INFO - 2023-08-19 16:31:50 --> Session: Class initialized using 'CodeIgniter\Session\Handlers\FileHandler' driver.
WARNING - 2023-08-19 16:31:50 --> Session: Sessions is enabled, and one exists.Please don't $session->start();
INFO - 2023-08-19 16:31:50 --> Session: Class initialized using 'CodeIgniter\Session\Handlers\FileHandler' driver.
WARNING - 2023-08-19 16:31:50 --> Session: Sessions is enabled, and one exists.Please don't $session->start();
INFO - 2023-08-19 16:32:01 --> Session: Class initialized using 'CodeIgniter\Session\Handlers\FileHandler' driver.
WARNING - 2023-08-19 16:32:01 --> Session: Sessions is enabled, and one exists.Please don't $session->start();
INFO - 2023-08-19 16:32:01 --> Session: Class initialized using 'CodeIgniter\Session\Handlers\FileHandler' driver.
WARNING - 2023-08-19 16:32:01 --> Session: Sessions is enabled, and one exists.Please don't $session->start();
INFO - 2023-08-19 16:32:10 --> Session: Class initialized using 'CodeIgniter\Session\Handlers\FileHandler' driver.
WARNING - 2023-08-19 16:32:10 --> Session: Sessions is enabled, and one exists.Please don't $session->start();
INFO - 2023-08-19 16:32:10 --> Session: Class initialized using 'CodeIgniter\Session\Handlers\FileHandler' driver.
WARNING - 2023-08-19 16:32:10 --> Session: Sessions is enabled, and one exists.Please don't $session->start();
INFO - 2023-08-19 16:34:29 --> Session: Class initialized using 'CodeIgniter\Session\Handlers\FileHandler' driver.
INFO - 2023-08-19 16:35:05 --> Session: Class initialized using 'CodeIgniter\Session\Handlers\FileHandler' driver.
INFO - 2023-08-19 16:35:35 --> Session: Class initialized using 'CodeIgniter\Session\Handlers\FileHandler' driver.
INFO - 2023-08-19 16:35:36 --> Session: Class initialized using 'CodeIgniter\Session\Handlers\FileHandler' driver.
INFO - 2023-08-19 16:35:45 --> Session: Class initialized using 'CodeIgniter\Session\Handlers\FileHandler' driver.
INFO - 2023-08-19 16:35:46 --> Session: Class initialized using 'CodeIgniter\Session\Handlers\FileHandler' driver.
