INFO - 2023-07-05 08:04:04 --> Session: Class initialized using 'CodeIgniter\Session\Handlers\FileHandler' driver.
INFO - 2023-07-05 13:50:57 --> Session: Class initialized using 'CodeIgniter\Session\Handlers\FileHandler' driver.
INFO - 2023-07-05 13:51:26 --> Session: Class initialized using 'CodeIgniter\Session\Handlers\FileHandler' driver.
CRITICAL - 2023-07-05 13:51:26 --> User not found!
in APPPATH\Controllers\Login.php on line 68.
 1 SYSTEMPATH\CodeIgniter.php(934): App\Controllers\Login->create()
 2 SYSTEMPATH\CodeIgniter.php(499): CodeIgniter\CodeIgniter->runController(Object(App\Controllers\Login))
 3 SYSTEMPATH\CodeIgniter.php(368): CodeIgniter\CodeIgniter->handleRequest(null, Object(Config\Cache), false)
 4 FCPATH\index.php(67): CodeIgniter\CodeIgniter->run()
 5 SYSTEMPATH\Commands\Server\rewrite.php(47): require_once('FCPATH\\index.php')
INFO - 2023-07-05 13:54:03 --> Session: Class initialized using 'CodeIgniter\Session\Handlers\FileHandler' driver.
INFO - 2023-07-05 13:54:15 --> Session: Class initialized using 'CodeIgniter\Session\Handlers\FileHandler' driver.
INFO - 2023-07-05 13:54:15 --> Session: Class initialized using 'CodeIgniter\Session\Handlers\FileHandler' driver.
INFO - 2023-07-05 13:54:31 --> Session: Class initialized using 'CodeIgniter\Session\Handlers\FileHandler' driver.
INFO - 2023-07-05 13:54:39 --> Session: Class initialized using 'CodeIgniter\Session\Handlers\FileHandler' driver.
WARNING - 2023-07-05 13:54:39 --> Session: Sessions is enabled, and one exists.Please don't $session->start();
INFO - 2023-07-05 13:54:49 --> Session: Class initialized using 'CodeIgniter\Session\Handlers\FileHandler' driver.
WARNING - 2023-07-05 13:54:49 --> Session: Sessions is enabled, and one exists.Please don't $session->start();
INFO - 2023-07-05 13:54:57 --> Session: Class initialized using 'CodeIgniter\Session\Handlers\FileHandler' driver.
WARNING - 2023-07-05 13:54:57 --> Session: Sessions is enabled, and one exists.Please don't $session->start();
INFO - 2023-07-05 13:55:04 --> Session: Class initialized using 'CodeIgniter\Session\Handlers\FileHandler' driver.
WARNING - 2023-07-05 13:55:04 --> Session: Sessions is enabled, and one exists.Please don't $session->start();
INFO - 2023-07-05 13:55:07 --> Session: Class initialized using 'CodeIgniter\Session\Handlers\FileHandler' driver.
WARNING - 2023-07-05 13:55:07 --> Session: Sessions is enabled, and one exists.Please don't $session->start();
INFO - 2023-07-05 13:55:34 --> Session: Class initialized using 'CodeIgniter\Session\Handlers\FileHandler' driver.
WARNING - 2023-07-05 13:55:34 --> Session: Sessions is enabled, and one exists.Please don't $session->start();
INFO - 2023-07-05 13:55:35 --> Session: Class initialized using 'CodeIgniter\Session\Handlers\FileHandler' driver.
WARNING - 2023-07-05 13:55:35 --> Session: Sessions is enabled, and one exists.Please don't $session->start();
INFO - 2023-07-05 13:55:39 --> Session: Class initialized using 'CodeIgniter\Session\Handlers\FileHandler' driver.
WARNING - 2023-07-05 13:55:39 --> Session: Sessions is enabled, and one exists.Please don't $session->start();
INFO - 2023-07-05 13:55:59 --> Session: Class initialized using 'CodeIgniter\Session\Handlers\FileHandler' driver.
WARNING - 2023-07-05 13:55:59 --> Session: Sessions is enabled, and one exists.Please don't $session->start();
INFO - 2023-07-05 13:55:59 --> Session: Class initialized using 'CodeIgniter\Session\Handlers\FileHandler' driver.
WARNING - 2023-07-05 13:55:59 --> Session: Sessions is enabled, and one exists.Please don't $session->start();
INFO - 2023-07-05 13:56:00 --> Session: Class initialized using 'CodeIgniter\Session\Handlers\FileHandler' driver.
WARNING - 2023-07-05 13:56:00 --> Session: Sessions is enabled, and one exists.Please don't $session->start();
INFO - 2023-07-05 13:56:00 --> Session: Class initialized using 'CodeIgniter\Session\Handlers\FileHandler' driver.
WARNING - 2023-07-05 13:56:00 --> Session: Sessions is enabled, and one exists.Please don't $session->start();
INFO - 2023-07-05 13:56:05 --> Session: Class initialized using 'CodeIgniter\Session\Handlers\FileHandler' driver.
INFO - 2023-07-05 13:56:09 --> Session: Class initialized using 'CodeIgniter\Session\Handlers\FileHandler' driver.
WARNING - 2023-07-05 13:56:09 --> Session: Sessions is enabled, and one exists.Please don't $session->start();
INFO - 2023-07-05 13:56:17 --> Session: Class initialized using 'CodeIgniter\Session\Handlers\FileHandler' driver.
INFO - 2023-07-05 13:56:17 --> Session: Class initialized using 'CodeIgniter\Session\Handlers\FileHandler' driver.
INFO - 2023-07-05 13:56:50 --> Session: Class initialized using 'CodeIgniter\Session\Handlers\FileHandler' driver.
INFO - 2023-07-05 13:56:50 --> Session: Class initialized using 'CodeIgniter\Session\Handlers\FileHandler' driver.
