ERROR - 2023-08-15 18:33:50 --> mysqli_sql_exception: Row size too large. The maximum row size for the used table type, not counting BLOBs, is 65535. This includes storage overhead, check the manual. You have to change some columns to TEXT or BLOBs in C:\xampp\htdocs\CertifyCraft\system\Database\MySQLi\Connection.php:295
Stack trace:
#0 C:\xampp\htdocs\CertifyCraft\system\Database\MySQLi\Connection.php(295): mysqli->query('CREATE TABLE `u...', 0)
#1 C:\xampp\htdocs\CertifyCraft\system\Database\BaseConnection.php(691): CodeIgniter\Database\MySQLi\Connection->execute('CREATE TABLE `u...')
#2 C:\xampp\htdocs\CertifyCraft\system\Database\BaseConnection.php(605): CodeIgniter\Database\BaseConnection->simpleQuery('CREATE TABLE `u...')
#3 C:\xampp\htdocs\CertifyCraft\system\Database\Forge.php(546): CodeIgniter\Database\BaseConnection->query('CREATE TABLE `u...')
#4 C:\xampp\htdocs\CertifyCraft\app\Database\Migrations\2023-06-29-041902_CreateUmkmDataTable.php(108): CodeIgniter\Database\Forge->createTable('umkmdata', true)
#5 C:\xampp\htdocs\CertifyCraft\system\Database\MigrationRunner.php(877): App\Database\Migrations\CreateUmkmDataTable->up()
#6 C:\xampp\htdocs\CertifyCraft\system\Database\MigrationRunner.php(188): CodeIgniter\Database\MigrationRunner->migrate('up', Object(stdClass))
#7 C:\xampp\htdocs\CertifyCraft\system\Commands\Database\Migrate.php(84): CodeIgniter\Database\MigrationRunner->latest(NULL)
#8 C:\xampp\htdocs\CertifyCraft\system\CLI\Commands.php(65): CodeIgniter\Commands\Database\Migrate->run(Array)
#9 C:\xampp\htdocs\CertifyCraft\system\CLI\Console.php(37): CodeIgniter\CLI\Commands->run('migrate', Array)
#10 C:\xampp\htdocs\CertifyCraft\spark(97): CodeIgniter\CLI\Console->run()
#11 {main}
ERROR - 2023-08-15 18:37:30 --> mysqli_sql_exception: Row size too large. The maximum row size for the used table type, not counting BLOBs, is 65535. This includes storage overhead, check the manual. You have to change some columns to TEXT or BLOBs in C:\xampp\htdocs\CertifyCraft\system\Database\MySQLi\Connection.php:295
Stack trace:
#0 C:\xampp\htdocs\CertifyCraft\system\Database\MySQLi\Connection.php(295): mysqli->query('CREATE TABLE `u...', 0)
#1 C:\xampp\htdocs\CertifyCraft\system\Database\BaseConnection.php(691): CodeIgniter\Database\MySQLi\Connection->execute('CREATE TABLE `u...')
#2 C:\xampp\htdocs\CertifyCraft\system\Database\BaseConnection.php(605): CodeIgniter\Database\BaseConnection->simpleQuery('CREATE TABLE `u...')
#3 C:\xampp\htdocs\CertifyCraft\system\Database\Forge.php(546): CodeIgniter\Database\BaseConnection->query('CREATE TABLE `u...')
#4 C:\xampp\htdocs\CertifyCraft\app\Database\Migrations\2023-06-29-041902_CreateUmkmDataTable.php(108): CodeIgniter\Database\Forge->createTable('umkmdata', true)
#5 C:\xampp\htdocs\CertifyCraft\system\Database\MigrationRunner.php(877): App\Database\Migrations\CreateUmkmDataTable->up()
#6 C:\xampp\htdocs\CertifyCraft\system\Database\MigrationRunner.php(188): CodeIgniter\Database\MigrationRunner->migrate('up', Object(stdClass))
#7 C:\xampp\htdocs\CertifyCraft\system\Commands\Database\Migrate.php(84): CodeIgniter\Database\MigrationRunner->latest(NULL)
#8 C:\xampp\htdocs\CertifyCraft\system\CLI\Commands.php(65): CodeIgniter\Commands\Database\Migrate->run(Array)
#9 C:\xampp\htdocs\CertifyCraft\system\CLI\Console.php(37): CodeIgniter\CLI\Commands->run('migrate', Array)
#10 C:\xampp\htdocs\CertifyCraft\spark(97): CodeIgniter\CLI\Console->run()
#11 {main}
ERROR - 2023-08-15 18:38:15 --> mysqli_sql_exception: Row size too large. The maximum row size for the used table type, not counting BLOBs, is 65535. This includes storage overhead, check the manual. You have to change some columns to TEXT or BLOBs in C:\xampp\htdocs\CertifyCraft\system\Database\MySQLi\Connection.php:295
Stack trace:
#0 C:\xampp\htdocs\CertifyCraft\system\Database\MySQLi\Connection.php(295): mysqli->query('CREATE TABLE `u...', 0)
#1 C:\xampp\htdocs\CertifyCraft\system\Database\BaseConnection.php(691): CodeIgniter\Database\MySQLi\Connection->execute('CREATE TABLE `u...')
#2 C:\xampp\htdocs\CertifyCraft\system\Database\BaseConnection.php(605): CodeIgniter\Database\BaseConnection->simpleQuery('CREATE TABLE `u...')
#3 C:\xampp\htdocs\CertifyCraft\system\Database\Forge.php(546): CodeIgniter\Database\BaseConnection->query('CREATE TABLE `u...')
#4 C:\xampp\htdocs\CertifyCraft\app\Database\Migrations\2023-06-29-041902_CreateUmkmDataTable.php(108): CodeIgniter\Database\Forge->createTable('umkmdata', true)
#5 C:\xampp\htdocs\CertifyCraft\system\Database\MigrationRunner.php(877): App\Database\Migrations\CreateUmkmDataTable->up()
#6 C:\xampp\htdocs\CertifyCraft\system\Database\MigrationRunner.php(188): CodeIgniter\Database\MigrationRunner->migrate('up', Object(stdClass))
#7 C:\xampp\htdocs\CertifyCraft\system\Commands\Database\Migrate.php(84): CodeIgniter\Database\MigrationRunner->latest(NULL)
#8 C:\xampp\htdocs\CertifyCraft\system\CLI\Commands.php(65): CodeIgniter\Commands\Database\Migrate->run(Array)
#9 C:\xampp\htdocs\CertifyCraft\system\CLI\Console.php(37): CodeIgniter\CLI\Commands->run('migrate', Array)
#10 C:\xampp\htdocs\CertifyCraft\spark(97): CodeIgniter\CLI\Console->run()
#11 {main}
INFO - 2023-08-15 18:40:00 --> Session: Class initialized using 'CodeIgniter\Session\Handlers\FileHandler' driver.
INFO - 2023-08-15 18:40:00 --> Session: Class initialized using 'CodeIgniter\Session\Handlers\FileHandler' driver.
INFO - 2023-08-15 18:40:09 --> Session: Class initialized using 'CodeIgniter\Session\Handlers\FileHandler' driver.
INFO - 2023-08-15 18:40:09 --> Session: Class initialized using 'CodeIgniter\Session\Handlers\FileHandler' driver.
INFO - 2023-08-15 18:40:12 --> Session: Class initialized using 'CodeIgniter\Session\Handlers\FileHandler' driver.
WARNING - 2023-08-15 18:40:12 --> Session: Sessions is enabled, and one exists.Please don't $session->start();
INFO - 2023-08-15 18:40:20 --> Session: Class initialized using 'CodeIgniter\Session\Handlers\FileHandler' driver.
WARNING - 2023-08-15 18:40:20 --> Session: Sessions is enabled, and one exists.Please don't $session->start();
INFO - 2023-08-15 18:40:47 --> Session: Class initialized using 'CodeIgniter\Session\Handlers\FileHandler' driver.
WARNING - 2023-08-15 18:40:47 --> Session: Sessions is enabled, and one exists.Please don't $session->start();
INFO - 2023-08-15 18:40:47 --> Session: Class initialized using 'CodeIgniter\Session\Handlers\FileHandler' driver.
WARNING - 2023-08-15 18:40:47 --> Session: Sessions is enabled, and one exists.Please don't $session->start();
INFO - 2023-08-15 18:41:00 --> Session: Class initialized using 'CodeIgniter\Session\Handlers\FileHandler' driver.
WARNING - 2023-08-15 18:41:00 --> Session: Sessions is enabled, and one exists.Please don't $session->start();
INFO - 2023-08-15 18:41:00 --> Session: Class initialized using 'CodeIgniter\Session\Handlers\FileHandler' driver.
WARNING - 2023-08-15 18:41:00 --> Session: Sessions is enabled, and one exists.Please don't $session->start();
INFO - 2023-08-15 18:41:16 --> Session: Class initialized using 'CodeIgniter\Session\Handlers\FileHandler' driver.
WARNING - 2023-08-15 18:41:16 --> Session: Sessions is enabled, and one exists.Please don't $session->start();
INFO - 2023-08-15 18:41:16 --> Session: Class initialized using 'CodeIgniter\Session\Handlers\FileHandler' driver.
WARNING - 2023-08-15 18:41:16 --> Session: Sessions is enabled, and one exists.Please don't $session->start();
INFO - 2023-08-15 18:42:42 --> Session: Class initialized using 'CodeIgniter\Session\Handlers\FileHandler' driver.
WARNING - 2023-08-15 18:42:42 --> Session: Sessions is enabled, and one exists.Please don't $session->start();
INFO - 2023-08-15 18:43:05 --> Session: Class initialized using 'CodeIgniter\Session\Handlers\FileHandler' driver.
WARNING - 2023-08-15 18:43:05 --> Session: Sessions is enabled, and one exists.Please don't $session->start();
INFO - 2023-08-15 18:43:05 --> Session: Class initialized using 'CodeIgniter\Session\Handlers\FileHandler' driver.
WARNING - 2023-08-15 18:43:05 --> Session: Sessions is enabled, and one exists.Please don't $session->start();
INFO - 2023-08-15 18:46:22 --> Session: Class initialized using 'CodeIgniter\Session\Handlers\FileHandler' driver.
WARNING - 2023-08-15 18:46:22 --> Session: Sessions is enabled, and one exists.Please don't $session->start();
INFO - 2023-08-15 18:46:23 --> Session: Class initialized using 'CodeIgniter\Session\Handlers\FileHandler' driver.
WARNING - 2023-08-15 18:46:23 --> Session: Sessions is enabled, and one exists.Please don't $session->start();
INFO - 2023-08-15 18:46:51 --> Session: Class initialized using 'CodeIgniter\Session\Handlers\FileHandler' driver.
WARNING - 2023-08-15 18:46:52 --> Session: Sessions is enabled, and one exists.Please don't $session->start();
INFO - 2023-08-15 18:46:52 --> Session: Class initialized using 'CodeIgniter\Session\Handlers\FileHandler' driver.
WARNING - 2023-08-15 18:46:52 --> Session: Sessions is enabled, and one exists.Please don't $session->start();
INFO - 2023-08-15 18:46:57 --> Session: Class initialized using 'CodeIgniter\Session\Handlers\FileHandler' driver.
WARNING - 2023-08-15 18:46:57 --> Session: Sessions is enabled, and one exists.Please don't $session->start();
INFO - 2023-08-15 18:48:21 --> Session: Class initialized using 'CodeIgniter\Session\Handlers\FileHandler' driver.
INFO - 2023-08-15 18:49:01 --> Session: Class initialized using 'CodeIgniter\Session\Handlers\FileHandler' driver.
WARNING - 2023-08-15 18:49:01 --> Session: Sessions is enabled, and one exists.Please don't $session->start();
INFO - 2023-08-15 18:49:01 --> Session: Class initialized using 'CodeIgniter\Session\Handlers\FileHandler' driver.
INFO - 2023-08-15 18:51:13 --> Session: Class initialized using 'CodeIgniter\Session\Handlers\FileHandler' driver.
INFO - 2023-08-15 18:51:17 --> Session: Class initialized using 'CodeIgniter\Session\Handlers\FileHandler' driver.
WARNING - 2023-08-15 18:51:17 --> Session: Sessions is enabled, and one exists.Please don't $session->start();
INFO - 2023-08-15 18:51:44 --> Session: Class initialized using 'CodeIgniter\Session\Handlers\FileHandler' driver.
WARNING - 2023-08-15 18:51:44 --> Session: Sessions is enabled, and one exists.Please don't $session->start();
INFO - 2023-08-15 18:51:44 --> Session: Class initialized using 'CodeIgniter\Session\Handlers\FileHandler' driver.
WARNING - 2023-08-15 18:51:44 --> Session: Sessions is enabled, and one exists.Please don't $session->start();
INFO - 2023-08-15 18:53:37 --> Session: Class initialized using 'CodeIgniter\Session\Handlers\FileHandler' driver.
WARNING - 2023-08-15 18:53:37 --> Session: Sessions is enabled, and one exists.Please don't $session->start();
INFO - 2023-08-15 18:54:08 --> Session: Class initialized using 'CodeIgniter\Session\Handlers\FileHandler' driver.
WARNING - 2023-08-15 18:54:08 --> Session: Sessions is enabled, and one exists.Please don't $session->start();
INFO - 2023-08-15 18:54:08 --> Session: Class initialized using 'CodeIgniter\Session\Handlers\FileHandler' driver.
WARNING - 2023-08-15 18:54:08 --> Session: Sessions is enabled, and one exists.Please don't $session->start();
INFO - 2023-08-15 18:54:38 --> Session: Class initialized using 'CodeIgniter\Session\Handlers\FileHandler' driver.
WARNING - 2023-08-15 18:54:38 --> Session: Sessions is enabled, and one exists.Please don't $session->start();
INFO - 2023-08-15 18:55:02 --> Session: Class initialized using 'CodeIgniter\Session\Handlers\FileHandler' driver.
WARNING - 2023-08-15 18:55:02 --> Session: Sessions is enabled, and one exists.Please don't $session->start();
ERROR - 2023-08-15 18:55:02 --> mysqli_sql_exception: Column 'kodepos' cannot be null in C:\xampp\htdocs\CertifyCraft\system\Database\MySQLi\Connection.php:295
Stack trace:
#0 C:\xampp\htdocs\CertifyCraft\system\Database\MySQLi\Connection.php(295): mysqli->query('INSERT INTO `um...', 0)
#1 C:\xampp\htdocs\CertifyCraft\system\Database\BaseConnection.php(691): CodeIgniter\Database\MySQLi\Connection->execute('INSERT INTO `um...')
#2 C:\xampp\htdocs\CertifyCraft\system\Database\BaseConnection.php(605): CodeIgniter\Database\BaseConnection->simpleQuery('INSERT INTO `um...')
#3 C:\xampp\htdocs\CertifyCraft\system\Database\BaseBuilder.php(2309): CodeIgniter\Database\BaseConnection->query('INSERT INTO `um...', Array, false)
#4 C:\xampp\htdocs\CertifyCraft\system\Model.php(330): CodeIgniter\Database\BaseBuilder->insert()
#5 C:\xampp\htdocs\CertifyCraft\system\BaseModel.php(782): CodeIgniter\Model->doInsert(Array)
#6 C:\xampp\htdocs\CertifyCraft\system\Model.php(730): CodeIgniter\BaseModel->insert(Array, true)
#7 C:\xampp\htdocs\CertifyCraft\app\Controllers\Admin.php(157): CodeIgniter\Model->insert(Array)
#8 C:\xampp\htdocs\CertifyCraft\system\CodeIgniter.php(934): App\Controllers\Admin->save()
#9 C:\xampp\htdocs\CertifyCraft\system\CodeIgniter.php(499): CodeIgniter\CodeIgniter->runController(Object(App\Controllers\Admin))
#10 C:\xampp\htdocs\CertifyCraft\system\CodeIgniter.php(368): CodeIgniter\CodeIgniter->handleRequest(NULL, Object(Config\Cache), false)
#11 C:\xampp\htdocs\CertifyCraft\public\index.php(67): CodeIgniter\CodeIgniter->run()
#12 C:\xampp\htdocs\CertifyCraft\system\Commands\Server\rewrite.php(47): require_once('C:\\xampp\\htdocs...')
#13 {main}
CRITICAL - 2023-08-15 18:55:02 --> Column 'kodepos' cannot be null
in SYSTEMPATH\Database\BaseConnection.php on line 645.
 1 SYSTEMPATH\Database\BaseBuilder.php(2309): CodeIgniter\Database\BaseConnection->query('INSERT INTO `umkmdata` (`tanggal`, `nik`, `nama`, `kelamin`, `alamat`, `kelurahan`, `kecamatan`, `kota`, `kodepos`, `merek`, `produk1`, `produk2`, `produk3`, `produk4`, `akunnib`, `akunhalal`) VALUES (:tanggal:, :nik:, :nama:, :kelamin:, :alamat:, :kelurahan:, :kecamatan:, :kota:, :kodepos:, :merek:, :produk1:, :produk2:, :produk3:, :produk4:, :akunnib:, :akunhalal:)', [...], false)
 2 SYSTEMPATH\Model.php(330): CodeIgniter\Database\BaseBuilder->insert()
 3 SYSTEMPATH\BaseModel.php(782): CodeIgniter\Model->doInsert([...])
 4 SYSTEMPATH\Model.php(730): CodeIgniter\BaseModel->insert([...], true)
 5 APPPATH\Controllers\Admin.php(157): CodeIgniter\Model->insert([...])
 6 SYSTEMPATH\CodeIgniter.php(934): App\Controllers\Admin->save()
 7 SYSTEMPATH\CodeIgniter.php(499): CodeIgniter\CodeIgniter->runController(Object(App\Controllers\Admin))
 8 SYSTEMPATH\CodeIgniter.php(368): CodeIgniter\CodeIgniter->handleRequest(null, Object(Config\Cache), false)
 9 FCPATH\index.php(67): CodeIgniter\CodeIgniter->run()
10 SYSTEMPATH\Commands\Server\rewrite.php(47): require_once('FCPATH\\index.php')
INFO - 2023-08-15 18:56:59 --> Session: Class initialized using 'CodeIgniter\Session\Handlers\FileHandler' driver.
WARNING - 2023-08-15 18:56:59 --> Session: Sessions is enabled, and one exists.Please don't $session->start();
INFO - 2023-08-15 19:00:40 --> Session: Class initialized using 'CodeIgniter\Session\Handlers\FileHandler' driver.
INFO - 2023-08-15 19:00:45 --> Session: Class initialized using 'CodeIgniter\Session\Handlers\FileHandler' driver.
INFO - 2023-08-15 19:00:45 --> Session: Class initialized using 'CodeIgniter\Session\Handlers\FileHandler' driver.
INFO - 2023-08-15 19:00:52 --> Session: Class initialized using 'CodeIgniter\Session\Handlers\FileHandler' driver.
INFO - 2023-08-15 19:00:52 --> Session: Class initialized using 'CodeIgniter\Session\Handlers\FileHandler' driver.
INFO - 2023-08-15 19:00:54 --> Session: Class initialized using 'CodeIgniter\Session\Handlers\FileHandler' driver.
WARNING - 2023-08-15 19:00:54 --> Session: Sessions is enabled, and one exists.Please don't $session->start();
INFO - 2023-08-15 19:01:00 --> Session: Class initialized using 'CodeIgniter\Session\Handlers\FileHandler' driver.
WARNING - 2023-08-15 19:01:00 --> Session: Sessions is enabled, and one exists.Please don't $session->start();
INFO - 2023-08-15 19:01:33 --> Session: Class initialized using 'CodeIgniter\Session\Handlers\FileHandler' driver.
WARNING - 2023-08-15 19:01:33 --> Session: Sessions is enabled, and one exists.Please don't $session->start();
INFO - 2023-08-15 19:01:33 --> Session: Class initialized using 'CodeIgniter\Session\Handlers\FileHandler' driver.
WARNING - 2023-08-15 19:01:33 --> Session: Sessions is enabled, and one exists.Please don't $session->start();
INFO - 2023-08-15 19:04:27 --> Session: Class initialized using 'CodeIgniter\Session\Handlers\FileHandler' driver.
WARNING - 2023-08-15 19:04:27 --> Session: Sessions is enabled, and one exists.Please don't $session->start();
INFO - 2023-08-15 19:04:28 --> Session: Class initialized using 'CodeIgniter\Session\Handlers\FileHandler' driver.
WARNING - 2023-08-15 19:04:28 --> Session: Sessions is enabled, and one exists.Please don't $session->start();
INFO - 2023-08-15 19:04:31 --> Session: Class initialized using 'CodeIgniter\Session\Handlers\FileHandler' driver.
WARNING - 2023-08-15 19:04:31 --> Session: Sessions is enabled, and one exists.Please don't $session->start();
INFO - 2023-08-15 19:04:59 --> Session: Class initialized using 'CodeIgniter\Session\Handlers\FileHandler' driver.
WARNING - 2023-08-15 19:04:59 --> Session: Sessions is enabled, and one exists.Please don't $session->start();
INFO - 2023-08-15 19:04:59 --> Session: Class initialized using 'CodeIgniter\Session\Handlers\FileHandler' driver.
WARNING - 2023-08-15 19:04:59 --> Session: Sessions is enabled, and one exists.Please don't $session->start();
INFO - 2023-08-15 19:06:30 --> Session: Class initialized using 'CodeIgniter\Session\Handlers\FileHandler' driver.
WARNING - 2023-08-15 19:06:30 --> Session: Sessions is enabled, and one exists.Please don't $session->start();
INFO - 2023-08-15 19:08:12 --> Session: Class initialized using 'CodeIgniter\Session\Handlers\FileHandler' driver.
WARNING - 2023-08-15 19:08:12 --> Session: Sessions is enabled, and one exists.Please don't $session->start();
INFO - 2023-08-15 19:10:44 --> Session: Class initialized using 'CodeIgniter\Session\Handlers\FileHandler' driver.
WARNING - 2023-08-15 19:10:44 --> Session: Sessions is enabled, and one exists.Please don't $session->start();
INFO - 2023-08-15 19:11:12 --> Session: Class initialized using 'CodeIgniter\Session\Handlers\FileHandler' driver.
WARNING - 2023-08-15 19:11:12 --> Session: Sessions is enabled, and one exists.Please don't $session->start();
INFO - 2023-08-15 19:11:21 --> Session: Class initialized using 'CodeIgniter\Session\Handlers\FileHandler' driver.
WARNING - 2023-08-15 19:11:21 --> Session: Sessions is enabled, and one exists.Please don't $session->start();
INFO - 2023-08-15 19:13:50 --> Session: Class initialized using 'CodeIgniter\Session\Handlers\FileHandler' driver.
WARNING - 2023-08-15 19:13:50 --> Session: Sessions is enabled, and one exists.Please don't $session->start();
INFO - 2023-08-15 19:14:41 --> Session: Class initialized using 'CodeIgniter\Session\Handlers\FileHandler' driver.
WARNING - 2023-08-15 19:14:41 --> Session: Sessions is enabled, and one exists.Please don't $session->start();
INFO - 2023-08-15 19:15:43 --> Session: Class initialized using 'CodeIgniter\Session\Handlers\FileHandler' driver.
WARNING - 2023-08-15 19:15:43 --> Session: Sessions is enabled, and one exists.Please don't $session->start();
INFO - 2023-08-15 19:16:12 --> Session: Class initialized using 'CodeIgniter\Session\Handlers\FileHandler' driver.
WARNING - 2023-08-15 19:16:12 --> Session: Sessions is enabled, and one exists.Please don't $session->start();
INFO - 2023-08-15 19:16:45 --> Session: Class initialized using 'CodeIgniter\Session\Handlers\FileHandler' driver.
WARNING - 2023-08-15 19:16:45 --> Session: Sessions is enabled, and one exists.Please don't $session->start();
INFO - 2023-08-15 19:18:41 --> Session: Class initialized using 'CodeIgniter\Session\Handlers\FileHandler' driver.
WARNING - 2023-08-15 19:18:41 --> Session: Sessions is enabled, and one exists.Please don't $session->start();
INFO - 2023-08-15 19:18:43 --> Session: Class initialized using 'CodeIgniter\Session\Handlers\FileHandler' driver.
WARNING - 2023-08-15 19:18:43 --> Session: Sessions is enabled, and one exists.Please don't $session->start();
INFO - 2023-08-15 19:19:03 --> Session: Class initialized using 'CodeIgniter\Session\Handlers\FileHandler' driver.
WARNING - 2023-08-15 19:19:03 --> Session: Sessions is enabled, and one exists.Please don't $session->start();
INFO - 2023-08-15 19:21:12 --> Session: Class initialized using 'CodeIgniter\Session\Handlers\FileHandler' driver.
WARNING - 2023-08-15 19:21:12 --> Session: Sessions is enabled, and one exists.Please don't $session->start();
INFO - 2023-08-15 19:21:43 --> Session: Class initialized using 'CodeIgniter\Session\Handlers\FileHandler' driver.
WARNING - 2023-08-15 19:21:43 --> Session: Sessions is enabled, and one exists.Please don't $session->start();
INFO - 2023-08-15 19:21:47 --> Session: Class initialized using 'CodeIgniter\Session\Handlers\FileHandler' driver.
WARNING - 2023-08-15 19:21:47 --> Session: Sessions is enabled, and one exists.Please don't $session->start();
INFO - 2023-08-15 19:21:54 --> Session: Class initialized using 'CodeIgniter\Session\Handlers\FileHandler' driver.
WARNING - 2023-08-15 19:21:54 --> Session: Sessions is enabled, and one exists.Please don't $session->start();
INFO - 2023-08-15 19:21:59 --> Session: Class initialized using 'CodeIgniter\Session\Handlers\FileHandler' driver.
WARNING - 2023-08-15 19:22:00 --> Session: Sessions is enabled, and one exists.Please don't $session->start();
INFO - 2023-08-15 19:23:44 --> Session: Class initialized using 'CodeIgniter\Session\Handlers\FileHandler' driver.
WARNING - 2023-08-15 19:23:44 --> Session: Sessions is enabled, and one exists.Please don't $session->start();
INFO - 2023-08-15 19:23:47 --> Session: Class initialized using 'CodeIgniter\Session\Handlers\FileHandler' driver.
WARNING - 2023-08-15 19:23:47 --> Session: Sessions is enabled, and one exists.Please don't $session->start();
INFO - 2023-08-15 19:24:44 --> Session: Class initialized using 'CodeIgniter\Session\Handlers\FileHandler' driver.
WARNING - 2023-08-15 19:24:44 --> Session: Sessions is enabled, and one exists.Please don't $session->start();
INFO - 2023-08-15 19:26:41 --> Session: Class initialized using 'CodeIgniter\Session\Handlers\FileHandler' driver.
WARNING - 2023-08-15 19:26:41 --> Session: Sessions is enabled, and one exists.Please don't $session->start();
INFO - 2023-08-15 19:26:52 --> Session: Class initialized using 'CodeIgniter\Session\Handlers\FileHandler' driver.
WARNING - 2023-08-15 19:26:52 --> Session: Sessions is enabled, and one exists.Please don't $session->start();
INFO - 2023-08-15 19:26:59 --> Session: Class initialized using 'CodeIgniter\Session\Handlers\FileHandler' driver.
WARNING - 2023-08-15 19:26:59 --> Session: Sessions is enabled, and one exists.Please don't $session->start();
INFO - 2023-08-15 19:26:59 --> Session: Class initialized using 'CodeIgniter\Session\Handlers\FileHandler' driver.
WARNING - 2023-08-15 19:26:59 --> Session: Sessions is enabled, and one exists.Please don't $session->start();
INFO - 2023-08-15 19:27:06 --> Session: Class initialized using 'CodeIgniter\Session\Handlers\FileHandler' driver.
WARNING - 2023-08-15 19:27:06 --> Session: Sessions is enabled, and one exists.Please don't $session->start();
INFO - 2023-08-15 19:29:13 --> Session: Class initialized using 'CodeIgniter\Session\Handlers\FileHandler' driver.
WARNING - 2023-08-15 19:29:13 --> Session: Sessions is enabled, and one exists.Please don't $session->start();
INFO - 2023-08-15 19:29:34 --> Session: Class initialized using 'CodeIgniter\Session\Handlers\FileHandler' driver.
WARNING - 2023-08-15 19:29:34 --> Session: Sessions is enabled, and one exists.Please don't $session->start();
INFO - 2023-08-15 19:30:18 --> Session: Class initialized using 'CodeIgniter\Session\Handlers\FileHandler' driver.
WARNING - 2023-08-15 19:30:18 --> Session: Sessions is enabled, and one exists.Please don't $session->start();
INFO - 2023-08-15 19:30:21 --> Session: Class initialized using 'CodeIgniter\Session\Handlers\FileHandler' driver.
WARNING - 2023-08-15 19:30:21 --> Session: Sessions is enabled, and one exists.Please don't $session->start();
INFO - 2023-08-15 19:30:35 --> Session: Class initialized using 'CodeIgniter\Session\Handlers\FileHandler' driver.
WARNING - 2023-08-15 19:30:35 --> Session: Sessions is enabled, and one exists.Please don't $session->start();
INFO - 2023-08-15 19:30:52 --> Session: Class initialized using 'CodeIgniter\Session\Handlers\FileHandler' driver.
WARNING - 2023-08-15 19:30:52 --> Session: Sessions is enabled, and one exists.Please don't $session->start();
INFO - 2023-08-15 19:32:18 --> Session: Class initialized using 'CodeIgniter\Session\Handlers\FileHandler' driver.
WARNING - 2023-08-15 19:32:18 --> Session: Sessions is enabled, and one exists.Please don't $session->start();
INFO - 2023-08-15 19:34:01 --> Session: Class initialized using 'CodeIgniter\Session\Handlers\FileHandler' driver.
WARNING - 2023-08-15 19:34:01 --> Session: Sessions is enabled, and one exists.Please don't $session->start();
INFO - 2023-08-15 19:36:02 --> Session: Class initialized using 'CodeIgniter\Session\Handlers\FileHandler' driver.
WARNING - 2023-08-15 19:36:02 --> Session: Sessions is enabled, and one exists.Please don't $session->start();
INFO - 2023-08-15 19:36:19 --> Session: Class initialized using 'CodeIgniter\Session\Handlers\FileHandler' driver.
WARNING - 2023-08-15 19:36:19 --> Session: Sessions is enabled, and one exists.Please don't $session->start();
INFO - 2023-08-15 19:37:09 --> Session: Class initialized using 'CodeIgniter\Session\Handlers\FileHandler' driver.
WARNING - 2023-08-15 19:37:09 --> Session: Sessions is enabled, and one exists.Please don't $session->start();
INFO - 2023-08-15 19:38:07 --> Session: Class initialized using 'CodeIgniter\Session\Handlers\FileHandler' driver.
WARNING - 2023-08-15 19:38:07 --> Session: Sessions is enabled, and one exists.Please don't $session->start();
INFO - 2023-08-15 19:38:30 --> Session: Class initialized using 'CodeIgniter\Session\Handlers\FileHandler' driver.
WARNING - 2023-08-15 19:38:30 --> Session: Sessions is enabled, and one exists.Please don't $session->start();
INFO - 2023-08-15 19:38:41 --> Session: Class initialized using 'CodeIgniter\Session\Handlers\FileHandler' driver.
WARNING - 2023-08-15 19:38:41 --> Session: Sessions is enabled, and one exists.Please don't $session->start();
