INFO - 2023-07-12 06:57:23 --> Session: Class initialized using 'CodeIgniter\Session\Handlers\FileHandler' driver.
INFO - 2023-07-12 06:57:24 --> Session: Class initialized using 'CodeIgniter\Session\Handlers\FileHandler' driver.
INFO - 2023-07-12 06:57:45 --> Session: Class initialized using 'CodeIgniter\Session\Handlers\FileHandler' driver.
INFO - 2023-07-12 06:58:06 --> Session: Class initialized using 'CodeIgniter\Session\Handlers\FileHandler' driver.
INFO - 2023-07-12 06:58:06 --> Session: Class initialized using 'CodeIgniter\Session\Handlers\FileHandler' driver.
INFO - 2023-07-12 06:58:30 --> Session: Class initialized using 'CodeIgniter\Session\Handlers\FileHandler' driver.
INFO - 2023-07-12 07:09:19 --> Session: Class initialized using 'CodeIgniter\Session\Handlers\FileHandler' driver.
INFO - 2023-07-12 07:09:26 --> Session: Class initialized using 'CodeIgniter\Session\Handlers\FileHandler' driver.
INFO - 2023-07-12 07:10:01 --> Session: Class initialized using 'CodeIgniter\Session\Handlers\FileHandler' driver.
INFO - 2023-07-12 07:12:24 --> Session: Class initialized using 'CodeIgniter\Session\Handlers\FileHandler' driver.
INFO - 2023-07-12 07:19:55 --> Session: Class initialized using 'CodeIgniter\Session\Handlers\FileHandler' driver.
INFO - 2023-07-12 07:21:55 --> Session: Class initialized using 'CodeIgniter\Session\Handlers\FileHandler' driver.
INFO - 2023-07-12 07:31:55 --> Session: Class initialized using 'CodeIgniter\Session\Handlers\FileHandler' driver.
INFO - 2023-07-12 07:32:23 --> Session: Class initialized using 'CodeIgniter\Session\Handlers\FileHandler' driver.
INFO - 2023-07-12 07:32:25 --> Session: Class initialized using 'CodeIgniter\Session\Handlers\FileHandler' driver.
INFO - 2023-07-12 07:34:26 --> Session: Class initialized using 'CodeIgniter\Session\Handlers\FileHandler' driver.
INFO - 2023-07-12 07:39:00 --> Session: Class initialized using 'CodeIgniter\Session\Handlers\FileHandler' driver.
CRITICAL - 2023-07-12 07:45:51 --> Invalid file: "/main/baseForm.php"
in SYSTEMPATH\Exceptions\FrameworkException.php on line 33.
 1 SYSTEMPATH\View\View.php(201): CodeIgniter\Exceptions\FrameworkException::forInvalidFile('/main/baseForm.php')
 2 SYSTEMPATH\Common.php(1184): CodeIgniter\View\View->render('/main/baseForm', [], true)
 3 APPPATH\Controllers\User.php(20): view('/main/baseForm')
 4 SYSTEMPATH\CodeIgniter.php(934): App\Controllers\User->formulir()
 5 SYSTEMPATH\CodeIgniter.php(499): CodeIgniter\CodeIgniter->runController(Object(App\Controllers\User))
 6 SYSTEMPATH\CodeIgniter.php(368): CodeIgniter\CodeIgniter->handleRequest(null, Object(Config\Cache), false)
 7 FCPATH\index.php(67): CodeIgniter\CodeIgniter->run()
 8 SYSTEMPATH\Commands\Server\rewrite.php(47): require_once('FCPATH\\index.php')
INFO - 2023-07-12 07:49:30 --> Session: Class initialized using 'CodeIgniter\Session\Handlers\FileHandler' driver.
INFO - 2023-07-12 07:50:21 --> Session: Class initialized using 'CodeIgniter\Session\Handlers\FileHandler' driver.
INFO - 2023-07-12 07:50:46 --> Session: Class initialized using 'CodeIgniter\Session\Handlers\FileHandler' driver.
INFO - 2023-07-12 08:25:30 --> Session: Class initialized using 'CodeIgniter\Session\Handlers\FileHandler' driver.
INFO - 2023-07-12 08:33:23 --> Session: Class initialized using 'CodeIgniter\Session\Handlers\FileHandler' driver.
INFO - 2023-07-12 08:33:25 --> Session: Class initialized using 'CodeIgniter\Session\Handlers\FileHandler' driver.
WARNING - 2023-07-12 08:33:25 --> Session: Sessions is enabled, and one exists.Please don't $session->start();
INFO - 2023-07-12 08:33:27 --> Session: Class initialized using 'CodeIgniter\Session\Handlers\FileHandler' driver.
INFO - 2023-07-12 08:33:30 --> Session: Class initialized using 'CodeIgniter\Session\Handlers\FileHandler' driver.
WARNING - 2023-07-12 08:33:30 --> Session: Sessions is enabled, and one exists.Please don't $session->start();
INFO - 2023-07-12 08:35:02 --> Session: Class initialized using 'CodeIgniter\Session\Handlers\FileHandler' driver.
INFO - 2023-07-12 08:35:05 --> Session: Class initialized using 'CodeIgniter\Session\Handlers\FileHandler' driver.
INFO - 2023-07-12 08:35:24 --> Session: Class initialized using 'CodeIgniter\Session\Handlers\FileHandler' driver.
WARNING - 2023-07-12 08:35:24 --> Session: Sessions is enabled, and one exists.Please don't $session->start();
INFO - 2023-07-12 08:36:40 --> Session: Class initialized using 'CodeIgniter\Session\Handlers\FileHandler' driver.
INFO - 2023-07-12 08:36:42 --> Session: Class initialized using 'CodeIgniter\Session\Handlers\FileHandler' driver.
INFO - 2023-07-12 08:36:53 --> Session: Class initialized using 'CodeIgniter\Session\Handlers\FileHandler' driver.
WARNING - 2023-07-12 08:36:53 --> Session: Sessions is enabled, and one exists.Please don't $session->start();
INFO - 2023-07-12 08:36:53 --> Session: Class initialized using 'CodeIgniter\Session\Handlers\FileHandler' driver.
WARNING - 2023-07-12 08:36:53 --> Session: Sessions is enabled, and one exists.Please don't $session->start();
CRITICAL - 2023-07-12 08:36:53 --> Undefined variable $umkmdata
in APPPATH\Views\main\umkm.php on line 42.
 1 APPPATH\Views\main\umkm.php(42): CodeIgniter\Debug\Exceptions->errorHandler(2, 'Undefined variable $umkmdata', 'APPPATH\\Views\\main\\umkm.php', 42)
 2 SYSTEMPATH\View\View.php(213): include('APPPATH\\Views\\main\\umkm.php')
 3 SYSTEMPATH\View\View.php(216): CodeIgniter\View\View->CodeIgniter\View\{closure}()
 4 SYSTEMPATH\Common.php(1184): CodeIgniter\View\View->render('main/umkm', [], true)
 5 APPPATH\Controllers\Form.php(26): view('main/umkm')
 6 SYSTEMPATH\CodeIgniter.php(934): App\Controllers\Form->index()
 7 SYSTEMPATH\CodeIgniter.php(499): CodeIgniter\CodeIgniter->runController(Object(App\Controllers\Form))
 8 SYSTEMPATH\CodeIgniter.php(368): CodeIgniter\CodeIgniter->handleRequest(null, Object(Config\Cache), false)
 9 FCPATH\index.php(67): CodeIgniter\CodeIgniter->run()
10 SYSTEMPATH\Commands\Server\rewrite.php(47): require_once('FCPATH\\index.php')
INFO - 2023-07-12 08:43:33 --> Session: Class initialized using 'CodeIgniter\Session\Handlers\FileHandler' driver.
INFO - 2023-07-12 08:44:08 --> Session: Class initialized using 'CodeIgniter\Session\Handlers\FileHandler' driver.
INFO - 2023-07-12 08:44:20 --> Session: Class initialized using 'CodeIgniter\Session\Handlers\FileHandler' driver.
WARNING - 2023-07-12 08:44:20 --> Session: Sessions is enabled, and one exists.Please don't $session->start();
INFO - 2023-07-12 08:44:55 --> Session: Class initialized using 'CodeIgniter\Session\Handlers\FileHandler' driver.
INFO - 2023-07-12 08:45:01 --> Session: Class initialized using 'CodeIgniter\Session\Handlers\FileHandler' driver.
INFO - 2023-07-12 08:45:07 --> Session: Class initialized using 'CodeIgniter\Session\Handlers\FileHandler' driver.
INFO - 2023-07-12 08:45:07 --> Session: Class initialized using 'CodeIgniter\Session\Handlers\FileHandler' driver.
INFO - 2023-07-12 08:45:10 --> Session: Class initialized using 'CodeIgniter\Session\Handlers\FileHandler' driver.
WARNING - 2023-07-12 08:45:10 --> Session: Sessions is enabled, and one exists.Please don't $session->start();
INFO - 2023-07-12 08:45:20 --> Session: Class initialized using 'CodeIgniter\Session\Handlers\FileHandler' driver.
WARNING - 2023-07-12 08:45:20 --> Session: Sessions is enabled, and one exists.Please don't $session->start();
INFO - 2023-07-12 08:45:20 --> Session: Class initialized using 'CodeIgniter\Session\Handlers\FileHandler' driver.
WARNING - 2023-07-12 08:45:20 --> Session: Sessions is enabled, and one exists.Please don't $session->start();
CRITICAL - 2023-07-12 08:45:20 --> Undefined variable $umkmdata
in APPPATH\Views\main\umkm.php on line 41.
 1 APPPATH\Views\main\umkm.php(41): CodeIgniter\Debug\Exceptions->errorHandler(2, 'Undefined variable $umkmdata', 'APPPATH\\Views\\main\\umkm.php', 41)
 2 SYSTEMPATH\View\View.php(213): include('APPPATH\\Views\\main\\umkm.php')
 3 SYSTEMPATH\View\View.php(216): CodeIgniter\View\View->CodeIgniter\View\{closure}()
 4 SYSTEMPATH\Common.php(1184): CodeIgniter\View\View->render('/main/umkm', [], true)
 5 APPPATH\Controllers\Form.php(26): view('/main/umkm')
 6 SYSTEMPATH\CodeIgniter.php(934): App\Controllers\Form->index()
 7 SYSTEMPATH\CodeIgniter.php(499): CodeIgniter\CodeIgniter->runController(Object(App\Controllers\Form))
 8 SYSTEMPATH\CodeIgniter.php(368): CodeIgniter\CodeIgniter->handleRequest(null, Object(Config\Cache), false)
 9 FCPATH\index.php(67): CodeIgniter\CodeIgniter->run()
10 SYSTEMPATH\Commands\Server\rewrite.php(47): require_once('FCPATH\\index.php')
INFO - 2023-07-12 08:45:26 --> Session: Class initialized using 'CodeIgniter\Session\Handlers\FileHandler' driver.
WARNING - 2023-07-12 08:45:26 --> Session: Sessions is enabled, and one exists.Please don't $session->start();
INFO - 2023-07-12 08:46:11 --> Session: Class initialized using 'CodeIgniter\Session\Handlers\FileHandler' driver.
WARNING - 2023-07-12 08:46:11 --> Session: Sessions is enabled, and one exists.Please don't $session->start();
CRITICAL - 2023-07-12 08:46:11 --> Undefined variable $curpage
in APPPATH\Views\main\umkm.php on line 55.
 1 APPPATH\Views\main\umkm.php(55): CodeIgniter\Debug\Exceptions->errorHandler(2, 'Undefined variable $curpage', 'APPPATH\\Views\\main\\umkm.php', 55)
 2 SYSTEMPATH\View\View.php(213): include('APPPATH\\Views\\main\\umkm.php')
 3 SYSTEMPATH\View\View.php(216): CodeIgniter\View\View->CodeIgniter\View\{closure}()
 4 SYSTEMPATH\Common.php(1184): CodeIgniter\View\View->render('/main/umkm', [], true)
 5 APPPATH\Controllers\Form.php(26): view('/main/umkm')
 6 SYSTEMPATH\CodeIgniter.php(934): App\Controllers\Form->index()
 7 SYSTEMPATH\CodeIgniter.php(499): CodeIgniter\CodeIgniter->runController(Object(App\Controllers\Form))
 8 SYSTEMPATH\CodeIgniter.php(368): CodeIgniter\CodeIgniter->handleRequest(null, Object(Config\Cache), false)
 9 FCPATH\index.php(67): CodeIgniter\CodeIgniter->run()
10 SYSTEMPATH\Commands\Server\rewrite.php(47): require_once('FCPATH\\index.php')
INFO - 2023-07-12 08:47:21 --> Session: Class initialized using 'CodeIgniter\Session\Handlers\FileHandler' driver.
WARNING - 2023-07-12 08:47:21 --> Session: Sessions is enabled, and one exists.Please don't $session->start();
CRITICAL - 2023-07-12 08:47:21 --> Undefined variable $curpage
in APPPATH\Views\main\umkm.php on line 51.
 1 APPPATH\Views\main\umkm.php(51): CodeIgniter\Debug\Exceptions->errorHandler(2, 'Undefined variable $curpage', 'APPPATH\\Views\\main\\umkm.php', 51)
 2 SYSTEMPATH\View\View.php(213): include('APPPATH\\Views\\main\\umkm.php')
 3 SYSTEMPATH\View\View.php(216): CodeIgniter\View\View->CodeIgniter\View\{closure}()
 4 SYSTEMPATH\View\View.php(431): CodeIgniter\View\View->render('main/umkm', null, true)
 5 APPPATH\Views\main\baseMain.php(10): CodeIgniter\View\View->include('main/umkm')
 6 SYSTEMPATH\View\View.php(213): include('APPPATH\\Views\\main\\baseMain.php')
 7 SYSTEMPATH\View\View.php(216): CodeIgniter\View\View->CodeIgniter\View\{closure}()
 8 SYSTEMPATH\Common.php(1184): CodeIgniter\View\View->render('/main/baseMain', [], true)
 9 APPPATH\Controllers\Form.php(26): view('/main/baseMain')
10 SYSTEMPATH\CodeIgniter.php(934): App\Controllers\Form->index()
11 SYSTEMPATH\CodeIgniter.php(499): CodeIgniter\CodeIgniter->runController(Object(App\Controllers\Form))
12 SYSTEMPATH\CodeIgniter.php(368): CodeIgniter\CodeIgniter->handleRequest(null, Object(Config\Cache), false)
13 FCPATH\index.php(67): CodeIgniter\CodeIgniter->run()
14 SYSTEMPATH\Commands\Server\rewrite.php(47): require_once('FCPATH\\index.php')
INFO - 2023-07-12 08:47:32 --> Session: Class initialized using 'CodeIgniter\Session\Handlers\FileHandler' driver.
INFO - 2023-07-12 08:47:42 --> Session: Class initialized using 'CodeIgniter\Session\Handlers\FileHandler' driver.
WARNING - 2023-07-12 08:47:42 --> Session: Sessions is enabled, and one exists.Please don't $session->start();
INFO - 2023-07-12 08:47:42 --> Session: Class initialized using 'CodeIgniter\Session\Handlers\FileHandler' driver.
WARNING - 2023-07-12 08:47:42 --> Session: Sessions is enabled, and one exists.Please don't $session->start();
CRITICAL - 2023-07-12 08:47:42 --> Undefined variable $curpage
in APPPATH\Views\main\umkm.php on line 51.
 1 APPPATH\Views\main\umkm.php(51): CodeIgniter\Debug\Exceptions->errorHandler(2, 'Undefined variable $curpage', 'APPPATH\\Views\\main\\umkm.php', 51)
 2 SYSTEMPATH\View\View.php(213): include('APPPATH\\Views\\main\\umkm.php')
 3 SYSTEMPATH\View\View.php(216): CodeIgniter\View\View->CodeIgniter\View\{closure}()
 4 SYSTEMPATH\View\View.php(431): CodeIgniter\View\View->render('main/umkm', null, true)
 5 APPPATH\Views\main\baseMain.php(10): CodeIgniter\View\View->include('main/umkm')
 6 SYSTEMPATH\View\View.php(213): include('APPPATH\\Views\\main\\baseMain.php')
 7 SYSTEMPATH\View\View.php(216): CodeIgniter\View\View->CodeIgniter\View\{closure}()
 8 SYSTEMPATH\Common.php(1184): CodeIgniter\View\View->render('/main/baseMain', [], true)
 9 APPPATH\Controllers\Form.php(26): view('/main/baseMain')
10 SYSTEMPATH\CodeIgniter.php(934): App\Controllers\Form->index()
11 SYSTEMPATH\CodeIgniter.php(499): CodeIgniter\CodeIgniter->runController(Object(App\Controllers\Form))
12 SYSTEMPATH\CodeIgniter.php(368): CodeIgniter\CodeIgniter->handleRequest(null, Object(Config\Cache), false)
13 FCPATH\index.php(67): CodeIgniter\CodeIgniter->run()
14 SYSTEMPATH\Commands\Server\rewrite.php(47): require_once('FCPATH\\index.php')
INFO - 2023-07-12 08:47:44 --> Session: Class initialized using 'CodeIgniter\Session\Handlers\FileHandler' driver.
WARNING - 2023-07-12 08:47:44 --> Session: Sessions is enabled, and one exists.Please don't $session->start();
INFO - 2023-07-12 08:47:46 --> Session: Class initialized using 'CodeIgniter\Session\Handlers\FileHandler' driver.
WARNING - 2023-07-12 08:47:46 --> Session: Sessions is enabled, and one exists.Please don't $session->start();
INFO - 2023-07-12 08:48:25 --> Session: Class initialized using 'CodeIgniter\Session\Handlers\FileHandler' driver.
WARNING - 2023-07-12 08:48:25 --> Session: Sessions is enabled, and one exists.Please don't $session->start();
INFO - 2023-07-12 08:51:03 --> Session: Class initialized using 'CodeIgniter\Session\Handlers\FileHandler' driver.
WARNING - 2023-07-12 08:51:03 --> Session: Sessions is enabled, and one exists.Please don't $session->start();
INFO - 2023-07-12 08:51:08 --> Session: Class initialized using 'CodeIgniter\Session\Handlers\FileHandler' driver.
WARNING - 2023-07-12 08:51:08 --> Session: Sessions is enabled, and one exists.Please don't $session->start();
INFO - 2023-07-12 08:51:10 --> Session: Class initialized using 'CodeIgniter\Session\Handlers\FileHandler' driver.
WARNING - 2023-07-12 08:51:10 --> Session: Sessions is enabled, and one exists.Please don't $session->start();
INFO - 2023-07-12 08:51:15 --> Session: Class initialized using 'CodeIgniter\Session\Handlers\FileHandler' driver.
INFO - 2023-07-12 08:51:17 --> Session: Class initialized using 'CodeIgniter\Session\Handlers\FileHandler' driver.
WARNING - 2023-07-12 08:51:17 --> Session: Sessions is enabled, and one exists.Please don't $session->start();
INFO - 2023-07-12 08:51:22 --> Session: Class initialized using 'CodeIgniter\Session\Handlers\FileHandler' driver.
INFO - 2023-07-12 08:51:24 --> Session: Class initialized using 'CodeIgniter\Session\Handlers\FileHandler' driver.
WARNING - 2023-07-12 08:51:24 --> Session: Sessions is enabled, and one exists.Please don't $session->start();
INFO - 2023-07-12 08:51:40 --> Session: Class initialized using 'CodeIgniter\Session\Handlers\FileHandler' driver.
WARNING - 2023-07-12 08:51:40 --> Session: Sessions is enabled, and one exists.Please don't $session->start();
INFO - 2023-07-12 08:52:01 --> Session: Class initialized using 'CodeIgniter\Session\Handlers\FileHandler' driver.
WARNING - 2023-07-12 08:52:01 --> Session: Sessions is enabled, and one exists.Please don't $session->start();
INFO - 2023-07-12 08:52:01 --> Session: Class initialized using 'CodeIgniter\Session\Handlers\FileHandler' driver.
WARNING - 2023-07-12 08:52:01 --> Session: Sessions is enabled, and one exists.Please don't $session->start();
INFO - 2023-07-12 08:52:08 --> Session: Class initialized using 'CodeIgniter\Session\Handlers\FileHandler' driver.
WARNING - 2023-07-12 08:52:08 --> Session: Sessions is enabled, and one exists.Please don't $session->start();
INFO - 2023-07-12 08:52:08 --> Session: Class initialized using 'CodeIgniter\Session\Handlers\FileHandler' driver.
WARNING - 2023-07-12 08:52:08 --> Session: Sessions is enabled, and one exists.Please don't $session->start();
INFO - 2023-07-12 08:52:10 --> Session: Class initialized using 'CodeIgniter\Session\Handlers\FileHandler' driver.
WARNING - 2023-07-12 08:52:10 --> Session: Sessions is enabled, and one exists.Please don't $session->start();
INFO - 2023-07-12 08:52:10 --> Session: Class initialized using 'CodeIgniter\Session\Handlers\FileHandler' driver.
WARNING - 2023-07-12 08:52:10 --> Session: Sessions is enabled, and one exists.Please don't $session->start();
INFO - 2023-07-12 08:52:12 --> Session: Class initialized using 'CodeIgniter\Session\Handlers\FileHandler' driver.
WARNING - 2023-07-12 08:52:12 --> Session: Sessions is enabled, and one exists.Please don't $session->start();
INFO - 2023-07-12 08:52:12 --> Session: Class initialized using 'CodeIgniter\Session\Handlers\FileHandler' driver.
WARNING - 2023-07-12 08:52:12 --> Session: Sessions is enabled, and one exists.Please don't $session->start();
INFO - 2023-07-12 08:52:19 --> Session: Class initialized using 'CodeIgniter\Session\Handlers\FileHandler' driver.
WARNING - 2023-07-12 08:52:19 --> Session: Sessions is enabled, and one exists.Please don't $session->start();
INFO - 2023-07-12 08:52:19 --> Session: Class initialized using 'CodeIgniter\Session\Handlers\FileHandler' driver.
WARNING - 2023-07-12 08:52:19 --> Session: Sessions is enabled, and one exists.Please don't $session->start();
INFO - 2023-07-12 08:52:21 --> Session: Class initialized using 'CodeIgniter\Session\Handlers\FileHandler' driver.
WARNING - 2023-07-12 08:52:21 --> Session: Sessions is enabled, and one exists.Please don't $session->start();
INFO - 2023-07-12 08:52:21 --> Session: Class initialized using 'CodeIgniter\Session\Handlers\FileHandler' driver.
WARNING - 2023-07-12 08:52:21 --> Session: Sessions is enabled, and one exists.Please don't $session->start();
INFO - 2023-07-12 08:52:23 --> Session: Class initialized using 'CodeIgniter\Session\Handlers\FileHandler' driver.
WARNING - 2023-07-12 08:52:23 --> Session: Sessions is enabled, and one exists.Please don't $session->start();
INFO - 2023-07-12 08:52:23 --> Session: Class initialized using 'CodeIgniter\Session\Handlers\FileHandler' driver.
WARNING - 2023-07-12 08:52:23 --> Session: Sessions is enabled, and one exists.Please don't $session->start();
INFO - 2023-07-12 08:52:42 --> Session: Class initialized using 'CodeIgniter\Session\Handlers\FileHandler' driver.
WARNING - 2023-07-12 08:52:42 --> Session: Sessions is enabled, and one exists.Please don't $session->start();
INFO - 2023-07-12 08:52:52 --> Session: Class initialized using 'CodeIgniter\Session\Handlers\FileHandler' driver.
WARNING - 2023-07-12 08:52:52 --> Session: Sessions is enabled, and one exists.Please don't $session->start();
INFO - 2023-07-12 09:00:08 --> Session: Class initialized using 'CodeIgniter\Session\Handlers\FileHandler' driver.
INFO - 2023-07-12 09:00:31 --> Session: Class initialized using 'CodeIgniter\Session\Handlers\FileHandler' driver.
WARNING - 2023-07-12 09:00:31 --> Session: Sessions is enabled, and one exists.Please don't $session->start();
INFO - 2023-07-12 09:00:31 --> Session: Class initialized using 'CodeIgniter\Session\Handlers\FileHandler' driver.
WARNING - 2023-07-12 09:00:31 --> Session: Sessions is enabled, and one exists.Please don't $session->start();
CRITICAL - 2023-07-12 09:00:31 --> Trying to access array offset on value of type null
in APPPATH\Views\main\umkm.php on line 58.
 1 APPPATH\Views\main\umkm.php(58): CodeIgniter\Debug\Exceptions->errorHandler(2, 'Trying to access array offset on value of type null', 'APPPATH\\Views\\main\\umkm.php', 58)
 2 SYSTEMPATH\View\View.php(213): include('APPPATH\\Views\\main\\umkm.php')
 3 SYSTEMPATH\View\View.php(216): CodeIgniter\View\View->CodeIgniter\View\{closure}()
 4 SYSTEMPATH\View\View.php(431): CodeIgniter\View\View->render('main/umkm', null, true)
 5 APPPATH\Views\main\baseMain.php(10): CodeIgniter\View\View->include('main/umkm')
 6 SYSTEMPATH\View\View.php(213): include('APPPATH\\Views\\main\\baseMain.php')
 7 SYSTEMPATH\View\View.php(216): CodeIgniter\View\View->CodeIgniter\View\{closure}()
 8 SYSTEMPATH\Common.php(1184): CodeIgniter\View\View->render('/main/baseMain', [], true)
 9 APPPATH\Controllers\Form.php(33): view('/main/baseMain', [...])
10 SYSTEMPATH\CodeIgniter.php(934): App\Controllers\Form->index()
11 SYSTEMPATH\CodeIgniter.php(499): CodeIgniter\CodeIgniter->runController(Object(App\Controllers\Form))
12 SYSTEMPATH\CodeIgniter.php(368): CodeIgniter\CodeIgniter->handleRequest(null, Object(Config\Cache), false)
13 FCPATH\index.php(67): CodeIgniter\CodeIgniter->run()
14 SYSTEMPATH\Commands\Server\rewrite.php(47): require_once('FCPATH\\index.php')
INFO - 2023-07-12 09:01:07 --> Session: Class initialized using 'CodeIgniter\Session\Handlers\FileHandler' driver.
WARNING - 2023-07-12 09:01:07 --> Session: Sessions is enabled, and one exists.Please don't $session->start();
INFO - 2023-07-12 09:01:29 --> Session: Class initialized using 'CodeIgniter\Session\Handlers\FileHandler' driver.
INFO - 2023-07-12 09:08:11 --> Session: Class initialized using 'CodeIgniter\Session\Handlers\FileHandler' driver.
INFO - 2023-07-12 09:08:18 --> Session: Class initialized using 'CodeIgniter\Session\Handlers\FileHandler' driver.
WARNING - 2023-07-12 09:08:18 --> Session: Sessions is enabled, and one exists.Please don't $session->start();
CRITICAL - 2023-07-12 09:08:18 --> Trying to access array offset on value of type null
in APPPATH\Views\main\umkm.php on line 58.
 1 APPPATH\Views\main\umkm.php(58): CodeIgniter\Debug\Exceptions->errorHandler(2, 'Trying to access array offset on value of type null', 'APPPATH\\Views\\main\\umkm.php', 58)
 2 SYSTEMPATH\View\View.php(213): include('APPPATH\\Views\\main\\umkm.php')
 3 SYSTEMPATH\View\View.php(216): CodeIgniter\View\View->CodeIgniter\View\{closure}()
 4 SYSTEMPATH\View\View.php(431): CodeIgniter\View\View->render('main/umkm', null, true)
 5 APPPATH\Views\main\baseMain.php(10): CodeIgniter\View\View->include('main/umkm')
 6 SYSTEMPATH\View\View.php(213): include('APPPATH\\Views\\main\\baseMain.php')
 7 SYSTEMPATH\View\View.php(216): CodeIgniter\View\View->CodeIgniter\View\{closure}()
 8 SYSTEMPATH\Common.php(1184): CodeIgniter\View\View->render('/main/baseMain', [], true)
 9 APPPATH\Controllers\Form.php(33): view('/main/baseMain', [...])
10 SYSTEMPATH\CodeIgniter.php(934): App\Controllers\Form->index()
11 SYSTEMPATH\CodeIgniter.php(499): CodeIgniter\CodeIgniter->runController(Object(App\Controllers\Form))
12 SYSTEMPATH\CodeIgniter.php(368): CodeIgniter\CodeIgniter->handleRequest(null, Object(Config\Cache), false)
13 FCPATH\index.php(67): CodeIgniter\CodeIgniter->run()
14 SYSTEMPATH\Commands\Server\rewrite.php(47): require_once('FCPATH\\index.php')
INFO - 2023-07-12 09:14:53 --> Session: Class initialized using 'CodeIgniter\Session\Handlers\FileHandler' driver.
WARNING - 2023-07-12 09:14:53 --> Session: Sessions is enabled, and one exists.Please don't $session->start();
CRITICAL - 2023-07-12 09:14:53 --> Trying to access array offset on value of type null
in APPPATH\Views\main\umkm.php on line 58.
 1 APPPATH\Views\main\umkm.php(58): CodeIgniter\Debug\Exceptions->errorHandler(2, 'Trying to access array offset on value of type null', 'APPPATH\\Views\\main\\umkm.php', 58)
 2 SYSTEMPATH\View\View.php(213): include('APPPATH\\Views\\main\\umkm.php')
 3 SYSTEMPATH\View\View.php(216): CodeIgniter\View\View->CodeIgniter\View\{closure}()
 4 SYSTEMPATH\View\View.php(431): CodeIgniter\View\View->render('main/umkm', null, true)
 5 APPPATH\Views\main\baseMain.php(10): CodeIgniter\View\View->include('main/umkm')
 6 SYSTEMPATH\View\View.php(213): include('APPPATH\\Views\\main\\baseMain.php')
 7 SYSTEMPATH\View\View.php(216): CodeIgniter\View\View->CodeIgniter\View\{closure}()
 8 SYSTEMPATH\Common.php(1184): CodeIgniter\View\View->render('/main/baseMain', [], true)
 9 APPPATH\Controllers\Form.php(33): view('/main/baseMain', [...])
10 SYSTEMPATH\CodeIgniter.php(934): App\Controllers\Form->index()
11 SYSTEMPATH\CodeIgniter.php(499): CodeIgniter\CodeIgniter->runController(Object(App\Controllers\Form))
12 SYSTEMPATH\CodeIgniter.php(368): CodeIgniter\CodeIgniter->handleRequest(null, Object(Config\Cache), false)
13 FCPATH\index.php(67): CodeIgniter\CodeIgniter->run()
14 SYSTEMPATH\Commands\Server\rewrite.php(47): require_once('FCPATH\\index.php')
INFO - 2023-07-12 09:16:27 --> Session: Class initialized using 'CodeIgniter\Session\Handlers\FileHandler' driver.
WARNING - 2023-07-12 09:16:27 --> Session: Sessions is enabled, and one exists.Please don't $session->start();
INFO - 2023-07-12 09:16:59 --> Session: Class initialized using 'CodeIgniter\Session\Handlers\FileHandler' driver.
WARNING - 2023-07-12 09:16:59 --> Session: Sessions is enabled, and one exists.Please don't $session->start();
INFO - 2023-07-12 09:17:32 --> Session: Class initialized using 'CodeIgniter\Session\Handlers\FileHandler' driver.
WARNING - 2023-07-12 09:17:32 --> Session: Sessions is enabled, and one exists.Please don't $session->start();
INFO - 2023-07-12 09:18:15 --> Session: Class initialized using 'CodeIgniter\Session\Handlers\FileHandler' driver.
WARNING - 2023-07-12 09:18:15 --> Session: Sessions is enabled, and one exists.Please don't $session->start();
INFO - 2023-07-12 09:18:55 --> Session: Class initialized using 'CodeIgniter\Session\Handlers\FileHandler' driver.
WARNING - 2023-07-12 09:18:55 --> Session: Sessions is enabled, and one exists.Please don't $session->start();
INFO - 2023-07-12 09:19:09 --> Session: Class initialized using 'CodeIgniter\Session\Handlers\FileHandler' driver.
WARNING - 2023-07-12 09:19:09 --> Session: Sessions is enabled, and one exists.Please don't $session->start();
INFO - 2023-07-12 09:19:26 --> Session: Class initialized using 'CodeIgniter\Session\Handlers\FileHandler' driver.
WARNING - 2023-07-12 09:19:26 --> Session: Sessions is enabled, and one exists.Please don't $session->start();
INFO - 2023-07-12 09:21:59 --> Session: Class initialized using 'CodeIgniter\Session\Handlers\FileHandler' driver.
WARNING - 2023-07-12 09:21:59 --> Session: Sessions is enabled, and one exists.Please don't $session->start();
CRITICAL - 2023-07-12 09:21:59 --> Trying to access array offset on value of type null
in APPPATH\Views\main\umkm.php on line 41.
 1 APPPATH\Views\main\umkm.php(41): CodeIgniter\Debug\Exceptions->errorHandler(2, 'Trying to access array offset on value of type null', 'APPPATH\\Views\\main\\umkm.php', 41)
 2 SYSTEMPATH\View\View.php(213): include('APPPATH\\Views\\main\\umkm.php')
 3 SYSTEMPATH\View\View.php(216): CodeIgniter\View\View->CodeIgniter\View\{closure}()
 4 SYSTEMPATH\View\View.php(431): CodeIgniter\View\View->render('main/umkm', null, true)
 5 APPPATH\Views\main\baseMain.php(10): CodeIgniter\View\View->include('main/umkm')
 6 SYSTEMPATH\View\View.php(213): include('APPPATH\\Views\\main\\baseMain.php')
 7 SYSTEMPATH\View\View.php(216): CodeIgniter\View\View->CodeIgniter\View\{closure}()
 8 SYSTEMPATH\Common.php(1184): CodeIgniter\View\View->render('/main/baseMain', [], true)
 9 APPPATH\Controllers\Form.php(33): view('/main/baseMain', [...])
10 SYSTEMPATH\CodeIgniter.php(934): App\Controllers\Form->index()
11 SYSTEMPATH\CodeIgniter.php(499): CodeIgniter\CodeIgniter->runController(Object(App\Controllers\Form))
12 SYSTEMPATH\CodeIgniter.php(368): CodeIgniter\CodeIgniter->handleRequest(null, Object(Config\Cache), false)
13 FCPATH\index.php(67): CodeIgniter\CodeIgniter->run()
14 SYSTEMPATH\Commands\Server\rewrite.php(47): require_once('FCPATH\\index.php')
INFO - 2023-07-12 09:22:05 --> Session: Class initialized using 'CodeIgniter\Session\Handlers\FileHandler' driver.
INFO - 2023-07-12 09:22:26 --> Session: Class initialized using 'CodeIgniter\Session\Handlers\FileHandler' driver.
WARNING - 2023-07-12 09:22:26 --> Session: Sessions is enabled, and one exists.Please don't $session->start();
INFO - 2023-07-12 09:22:39 --> Session: Class initialized using 'CodeIgniter\Session\Handlers\FileHandler' driver.
WARNING - 2023-07-12 09:22:39 --> Session: Sessions is enabled, and one exists.Please don't $session->start();
INFO - 2023-07-12 09:22:43 --> Session: Class initialized using 'CodeIgniter\Session\Handlers\FileHandler' driver.
WARNING - 2023-07-12 09:22:43 --> Session: Sessions is enabled, and one exists.Please don't $session->start();
INFO - 2023-07-12 09:24:18 --> Session: Class initialized using 'CodeIgniter\Session\Handlers\FileHandler' driver.
INFO - 2023-07-12 09:24:22 --> Session: Class initialized using 'CodeIgniter\Session\Handlers\FileHandler' driver.
WARNING - 2023-07-12 09:24:22 --> Session: Sessions is enabled, and one exists.Please don't $session->start();
INFO - 2023-07-12 09:25:25 --> Session: Class initialized using 'CodeIgniter\Session\Handlers\FileHandler' driver.
WARNING - 2023-07-12 09:25:25 --> Session: Sessions is enabled, and one exists.Please don't $session->start();
CRITICAL - 2023-07-12 09:25:25 --> Trying to access array offset on value of type null
in APPPATH\Views\main\umkm.php on line 41.
 1 APPPATH\Views\main\umkm.php(41): CodeIgniter\Debug\Exceptions->errorHandler(2, 'Trying to access array offset on value of type null', 'APPPATH\\Views\\main\\umkm.php', 41)
 2 SYSTEMPATH\View\View.php(213): include('APPPATH\\Views\\main\\umkm.php')
 3 SYSTEMPATH\View\View.php(216): CodeIgniter\View\View->CodeIgniter\View\{closure}()
 4 SYSTEMPATH\View\View.php(431): CodeIgniter\View\View->render('main/umkm', null, true)
 5 APPPATH\Views\main\baseMain.php(10): CodeIgniter\View\View->include('main/umkm')
 6 SYSTEMPATH\View\View.php(213): include('APPPATH\\Views\\main\\baseMain.php')
 7 SYSTEMPATH\View\View.php(216): CodeIgniter\View\View->CodeIgniter\View\{closure}()
 8 SYSTEMPATH\Common.php(1184): CodeIgniter\View\View->render('/main/baseMain', [], true)
 9 APPPATH\Controllers\Form.php(33): view('/main/baseMain', [...])
10 SYSTEMPATH\CodeIgniter.php(934): App\Controllers\Form->index()
11 SYSTEMPATH\CodeIgniter.php(499): CodeIgniter\CodeIgniter->runController(Object(App\Controllers\Form))
12 SYSTEMPATH\CodeIgniter.php(368): CodeIgniter\CodeIgniter->handleRequest(null, Object(Config\Cache), false)
13 FCPATH\index.php(67): CodeIgniter\CodeIgniter->run()
14 SYSTEMPATH\Commands\Server\rewrite.php(47): require_once('FCPATH\\index.php')
INFO - 2023-07-12 09:25:56 --> Session: Class initialized using 'CodeIgniter\Session\Handlers\FileHandler' driver.
WARNING - 2023-07-12 09:25:56 --> Session: Sessions is enabled, and one exists.Please don't $session->start();
CRITICAL - 2023-07-12 09:25:56 --> Trying to access array offset on value of type null
in APPPATH\Views\main\umkm.php on line 41.
 1 APPPATH\Views\main\umkm.php(41): CodeIgniter\Debug\Exceptions->errorHandler(2, 'Trying to access array offset on value of type null', 'APPPATH\\Views\\main\\umkm.php', 41)
 2 SYSTEMPATH\View\View.php(213): include('APPPATH\\Views\\main\\umkm.php')
 3 SYSTEMPATH\View\View.php(216): CodeIgniter\View\View->CodeIgniter\View\{closure}()
 4 SYSTEMPATH\View\View.php(431): CodeIgniter\View\View->render('main/umkm', null, true)
 5 APPPATH\Views\main\baseMain.php(10): CodeIgniter\View\View->include('main/umkm')
 6 SYSTEMPATH\View\View.php(213): include('APPPATH\\Views\\main\\baseMain.php')
 7 SYSTEMPATH\View\View.php(216): CodeIgniter\View\View->CodeIgniter\View\{closure}()
 8 SYSTEMPATH\Common.php(1184): CodeIgniter\View\View->render('/main/baseMain', [], true)
 9 APPPATH\Controllers\Form.php(33): view('/main/baseMain', [...])
10 SYSTEMPATH\CodeIgniter.php(934): App\Controllers\Form->index()
11 SYSTEMPATH\CodeIgniter.php(499): CodeIgniter\CodeIgniter->runController(Object(App\Controllers\Form))
12 SYSTEMPATH\CodeIgniter.php(368): CodeIgniter\CodeIgniter->handleRequest(null, Object(Config\Cache), false)
13 FCPATH\index.php(67): CodeIgniter\CodeIgniter->run()
14 SYSTEMPATH\Commands\Server\rewrite.php(47): require_once('FCPATH\\index.php')
INFO - 2023-07-12 09:26:00 --> Session: Class initialized using 'CodeIgniter\Session\Handlers\FileHandler' driver.
INFO - 2023-07-12 09:26:10 --> Session: Class initialized using 'CodeIgniter\Session\Handlers\FileHandler' driver.
WARNING - 2023-07-12 09:26:10 --> Session: Sessions is enabled, and one exists.Please don't $session->start();
INFO - 2023-07-12 09:26:10 --> Session: Class initialized using 'CodeIgniter\Session\Handlers\FileHandler' driver.
WARNING - 2023-07-12 09:26:10 --> Session: Sessions is enabled, and one exists.Please don't $session->start();
CRITICAL - 2023-07-12 09:26:10 --> Trying to access array offset on value of type null
in APPPATH\Views\main\umkm.php on line 41.
 1 APPPATH\Views\main\umkm.php(41): CodeIgniter\Debug\Exceptions->errorHandler(2, 'Trying to access array offset on value of type null', 'APPPATH\\Views\\main\\umkm.php', 41)
 2 SYSTEMPATH\View\View.php(213): include('APPPATH\\Views\\main\\umkm.php')
 3 SYSTEMPATH\View\View.php(216): CodeIgniter\View\View->CodeIgniter\View\{closure}()
 4 SYSTEMPATH\View\View.php(431): CodeIgniter\View\View->render('main/umkm', null, true)
 5 APPPATH\Views\main\baseMain.php(10): CodeIgniter\View\View->include('main/umkm')
 6 SYSTEMPATH\View\View.php(213): include('APPPATH\\Views\\main\\baseMain.php')
 7 SYSTEMPATH\View\View.php(216): CodeIgniter\View\View->CodeIgniter\View\{closure}()
 8 SYSTEMPATH\Common.php(1184): CodeIgniter\View\View->render('/main/baseMain', [], true)
 9 APPPATH\Controllers\Form.php(33): view('/main/baseMain', [...])
10 SYSTEMPATH\CodeIgniter.php(934): App\Controllers\Form->index()
11 SYSTEMPATH\CodeIgniter.php(499): CodeIgniter\CodeIgniter->runController(Object(App\Controllers\Form))
12 SYSTEMPATH\CodeIgniter.php(368): CodeIgniter\CodeIgniter->handleRequest(null, Object(Config\Cache), false)
13 FCPATH\index.php(67): CodeIgniter\CodeIgniter->run()
14 SYSTEMPATH\Commands\Server\rewrite.php(47): require_once('FCPATH\\index.php')
INFO - 2023-07-12 09:26:28 --> Session: Class initialized using 'CodeIgniter\Session\Handlers\FileHandler' driver.
WARNING - 2023-07-12 09:26:28 --> Session: Sessions is enabled, and one exists.Please don't $session->start();
INFO - 2023-07-12 09:26:36 --> Session: Class initialized using 'CodeIgniter\Session\Handlers\FileHandler' driver.
WARNING - 2023-07-12 09:26:36 --> Session: Sessions is enabled, and one exists.Please don't $session->start();
INFO - 2023-07-12 09:26:36 --> Session: Class initialized using 'CodeIgniter\Session\Handlers\FileHandler' driver.
WARNING - 2023-07-12 09:26:36 --> Session: Sessions is enabled, and one exists.Please don't $session->start();
INFO - 2023-07-12 09:26:42 --> Session: Class initialized using 'CodeIgniter\Session\Handlers\FileHandler' driver.
WARNING - 2023-07-12 09:26:42 --> Session: Sessions is enabled, and one exists.Please don't $session->start();
INFO - 2023-07-12 09:26:42 --> Session: Class initialized using 'CodeIgniter\Session\Handlers\FileHandler' driver.
WARNING - 2023-07-12 09:26:42 --> Session: Sessions is enabled, and one exists.Please don't $session->start();
INFO - 2023-07-12 09:26:47 --> Session: Class initialized using 'CodeIgniter\Session\Handlers\FileHandler' driver.
WARNING - 2023-07-12 09:26:47 --> Session: Sessions is enabled, and one exists.Please don't $session->start();
INFO - 2023-07-12 09:26:47 --> Session: Class initialized using 'CodeIgniter\Session\Handlers\FileHandler' driver.
WARNING - 2023-07-12 09:26:47 --> Session: Sessions is enabled, and one exists.Please don't $session->start();
INFO - 2023-07-12 09:26:52 --> Session: Class initialized using 'CodeIgniter\Session\Handlers\FileHandler' driver.
WARNING - 2023-07-12 09:26:52 --> Session: Sessions is enabled, and one exists.Please don't $session->start();
INFO - 2023-07-12 09:26:52 --> Session: Class initialized using 'CodeIgniter\Session\Handlers\FileHandler' driver.
WARNING - 2023-07-12 09:26:52 --> Session: Sessions is enabled, and one exists.Please don't $session->start();
INFO - 2023-07-12 09:26:58 --> Session: Class initialized using 'CodeIgniter\Session\Handlers\FileHandler' driver.
WARNING - 2023-07-12 09:26:58 --> Session: Sessions is enabled, and one exists.Please don't $session->start();
INFO - 2023-07-12 09:26:58 --> Session: Class initialized using 'CodeIgniter\Session\Handlers\FileHandler' driver.
WARNING - 2023-07-12 09:26:58 --> Session: Sessions is enabled, and one exists.Please don't $session->start();
INFO - 2023-07-12 13:38:29 --> Session: Class initialized using 'CodeIgniter\Session\Handlers\FileHandler' driver.
INFO - 2023-07-12 13:38:30 --> Session: Class initialized using 'CodeIgniter\Session\Handlers\FileHandler' driver.
INFO - 2023-07-12 13:40:36 --> Session: Class initialized using 'CodeIgniter\Session\Handlers\FileHandler' driver.
INFO - 2023-07-12 13:42:04 --> Session: Class initialized using 'CodeIgniter\Session\Handlers\FileHandler' driver.
INFO - 2023-07-12 13:43:30 --> Session: Class initialized using 'CodeIgniter\Session\Handlers\FileHandler' driver.
INFO - 2023-07-12 13:44:25 --> Session: Class initialized using 'CodeIgniter\Session\Handlers\FileHandler' driver.
INFO - 2023-07-12 13:44:30 --> Session: Class initialized using 'CodeIgniter\Session\Handlers\FileHandler' driver.
INFO - 2023-07-12 13:44:32 --> Session: Class initialized using 'CodeIgniter\Session\Handlers\FileHandler' driver.
INFO - 2023-07-12 13:44:34 --> Session: Class initialized using 'CodeIgniter\Session\Handlers\FileHandler' driver.
INFO - 2023-07-12 13:44:37 --> Session: Class initialized using 'CodeIgniter\Session\Handlers\FileHandler' driver.
INFO - 2023-07-12 13:48:51 --> Session: Class initialized using 'CodeIgniter\Session\Handlers\FileHandler' driver.
INFO - 2023-07-12 13:50:08 --> Session: Class initialized using 'CodeIgniter\Session\Handlers\FileHandler' driver.
INFO - 2023-07-12 13:51:37 --> Session: Class initialized using 'CodeIgniter\Session\Handlers\FileHandler' driver.
INFO - 2023-07-12 13:52:33 --> Session: Class initialized using 'CodeIgniter\Session\Handlers\FileHandler' driver.
INFO - 2023-07-12 13:52:36 --> Session: Class initialized using 'CodeIgniter\Session\Handlers\FileHandler' driver.
INFO - 2023-07-12 13:53:24 --> Session: Class initialized using 'CodeIgniter\Session\Handlers\FileHandler' driver.
INFO - 2023-07-12 13:53:35 --> Session: Class initialized using 'CodeIgniter\Session\Handlers\FileHandler' driver.
INFO - 2023-07-12 14:14:55 --> Session: Class initialized using 'CodeIgniter\Session\Handlers\FileHandler' driver.
INFO - 2023-07-12 14:15:38 --> Session: Class initialized using 'CodeIgniter\Session\Handlers\FileHandler' driver.
INFO - 2023-07-12 14:15:59 --> Session: Class initialized using 'CodeIgniter\Session\Handlers\FileHandler' driver.
INFO - 2023-07-12 14:18:59 --> Session: Class initialized using 'CodeIgniter\Session\Handlers\FileHandler' driver.
INFO - 2023-07-12 14:19:24 --> Session: Class initialized using 'CodeIgniter\Session\Handlers\FileHandler' driver.
INFO - 2023-07-12 14:19:40 --> Session: Class initialized using 'CodeIgniter\Session\Handlers\FileHandler' driver.
INFO - 2023-07-12 14:24:24 --> Session: Class initialized using 'CodeIgniter\Session\Handlers\FileHandler' driver.
INFO - 2023-07-12 14:24:28 --> Session: Class initialized using 'CodeIgniter\Session\Handlers\FileHandler' driver.
INFO - 2023-07-12 14:24:30 --> Session: Class initialized using 'CodeIgniter\Session\Handlers\FileHandler' driver.
INFO - 2023-07-12 14:24:52 --> Session: Class initialized using 'CodeIgniter\Session\Handlers\FileHandler' driver.
INFO - 2023-07-12 14:26:20 --> Session: Class initialized using 'CodeIgniter\Session\Handlers\FileHandler' driver.
INFO - 2023-07-12 14:29:43 --> Session: Class initialized using 'CodeIgniter\Session\Handlers\FileHandler' driver.
INFO - 2023-07-12 14:30:16 --> Session: Class initialized using 'CodeIgniter\Session\Handlers\FileHandler' driver.
INFO - 2023-07-12 14:33:17 --> Session: Class initialized using 'CodeIgniter\Session\Handlers\FileHandler' driver.
INFO - 2023-07-12 14:33:37 --> Session: Class initialized using 'CodeIgniter\Session\Handlers\FileHandler' driver.
INFO - 2023-07-12 14:33:38 --> Session: Class initialized using 'CodeIgniter\Session\Handlers\FileHandler' driver.
INFO - 2023-07-12 14:35:07 --> Session: Class initialized using 'CodeIgniter\Session\Handlers\FileHandler' driver.
INFO - 2023-07-12 14:35:08 --> Session: Class initialized using 'CodeIgniter\Session\Handlers\FileHandler' driver.
INFO - 2023-07-12 14:45:22 --> Session: Class initialized using 'CodeIgniter\Session\Handlers\FileHandler' driver.
INFO - 2023-07-12 14:45:22 --> Session: Class initialized using 'CodeIgniter\Session\Handlers\FileHandler' driver.
INFO - 2023-07-12 14:45:25 --> Session: Class initialized using 'CodeIgniter\Session\Handlers\FileHandler' driver.
INFO - 2023-07-12 14:45:48 --> Session: Class initialized using 'CodeIgniter\Session\Handlers\FileHandler' driver.
INFO - 2023-07-12 14:45:49 --> Session: Class initialized using 'CodeIgniter\Session\Handlers\FileHandler' driver.
INFO - 2023-07-12 14:46:06 --> Session: Class initialized using 'CodeIgniter\Session\Handlers\FileHandler' driver.
INFO - 2023-07-12 14:46:06 --> Session: Class initialized using 'CodeIgniter\Session\Handlers\FileHandler' driver.
INFO - 2023-07-12 14:46:29 --> Session: Class initialized using 'CodeIgniter\Session\Handlers\FileHandler' driver.
INFO - 2023-07-12 14:46:29 --> Session: Class initialized using 'CodeIgniter\Session\Handlers\FileHandler' driver.
INFO - 2023-07-12 14:46:53 --> Session: Class initialized using 'CodeIgniter\Session\Handlers\FileHandler' driver.
INFO - 2023-07-12 14:46:53 --> Session: Class initialized using 'CodeIgniter\Session\Handlers\FileHandler' driver.
INFO - 2023-07-12 14:47:49 --> Session: Class initialized using 'CodeIgniter\Session\Handlers\FileHandler' driver.
INFO - 2023-07-12 14:48:12 --> Session: Class initialized using 'CodeIgniter\Session\Handlers\FileHandler' driver.
INFO - 2023-07-12 14:48:12 --> Session: Class initialized using 'CodeIgniter\Session\Handlers\FileHandler' driver.
INFO - 2023-07-12 14:48:30 --> Session: Class initialized using 'CodeIgniter\Session\Handlers\FileHandler' driver.
CRITICAL - 2023-07-12 14:48:30 --> Undefined array key "nama"
in APPPATH\Controllers\Login.php on line 94.
 1 APPPATH\Controllers\Login.php(94): CodeIgniter\Debug\Exceptions->errorHandler(2, 'Undefined array key "nama"', 'APPPATH\\Controllers\\Login.php', 94)
 2 SYSTEMPATH\CodeIgniter.php(934): App\Controllers\Login->create()
 3 SYSTEMPATH\CodeIgniter.php(499): CodeIgniter\CodeIgniter->runController(Object(App\Controllers\Login))
 4 SYSTEMPATH\CodeIgniter.php(368): CodeIgniter\CodeIgniter->handleRequest(null, Object(Config\Cache), false)
 5 FCPATH\index.php(67): CodeIgniter\CodeIgniter->run()
 6 SYSTEMPATH\Commands\Server\rewrite.php(47): require_once('FCPATH\\index.php')
INFO - 2023-07-12 14:48:49 --> Session: Class initialized using 'CodeIgniter\Session\Handlers\FileHandler' driver.
INFO - 2023-07-12 14:48:55 --> Session: Class initialized using 'CodeIgniter\Session\Handlers\FileHandler' driver.
INFO - 2023-07-12 14:48:55 --> Session: Class initialized using 'CodeIgniter\Session\Handlers\FileHandler' driver.
INFO - 2023-07-12 14:49:14 --> Session: Class initialized using 'CodeIgniter\Session\Handlers\FileHandler' driver.
INFO - 2023-07-12 15:15:08 --> Session: Class initialized using 'CodeIgniter\Session\Handlers\FileHandler' driver.
INFO - 2023-07-12 15:27:16 --> Session: Class initialized using 'CodeIgniter\Session\Handlers\FileHandler' driver.
INFO - 2023-07-12 15:27:23 --> Session: Class initialized using 'CodeIgniter\Session\Handlers\FileHandler' driver.
INFO - 2023-07-12 15:31:14 --> Session: Class initialized using 'CodeIgniter\Session\Handlers\FileHandler' driver.
INFO - 2023-07-12 15:31:16 --> Session: Class initialized using 'CodeIgniter\Session\Handlers\FileHandler' driver.
INFO - 2023-07-12 15:42:50 --> Session: Class initialized using 'CodeIgniter\Session\Handlers\FileHandler' driver.
INFO - 2023-07-12 15:44:00 --> Session: Class initialized using 'CodeIgniter\Session\Handlers\FileHandler' driver.
INFO - 2023-07-12 15:45:06 --> Session: Class initialized using 'CodeIgniter\Session\Handlers\FileHandler' driver.
INFO - 2023-07-12 15:45:28 --> Session: Class initialized using 'CodeIgniter\Session\Handlers\FileHandler' driver.
INFO - 2023-07-12 15:45:48 --> Session: Class initialized using 'CodeIgniter\Session\Handlers\FileHandler' driver.
WARNING - 2023-07-12 15:45:48 --> Session: Sessions is enabled, and one exists.Please don't $session->start();
INFO - 2023-07-12 15:45:48 --> Session: Class initialized using 'CodeIgniter\Session\Handlers\FileHandler' driver.
INFO - 2023-07-12 15:45:51 --> Session: Class initialized using 'CodeIgniter\Session\Handlers\FileHandler' driver.
WARNING - 2023-07-12 15:45:51 --> Session: Sessions is enabled, and one exists.Please don't $session->start();
INFO - 2023-07-12 15:45:51 --> Session: Class initialized using 'CodeIgniter\Session\Handlers\FileHandler' driver.
INFO - 2023-07-12 15:45:54 --> Session: Class initialized using 'CodeIgniter\Session\Handlers\FileHandler' driver.
WARNING - 2023-07-12 15:45:54 --> Session: Sessions is enabled, and one exists.Please don't $session->start();
INFO - 2023-07-12 15:45:54 --> Session: Class initialized using 'CodeIgniter\Session\Handlers\FileHandler' driver.
INFO - 2023-07-12 15:46:19 --> Session: Class initialized using 'CodeIgniter\Session\Handlers\FileHandler' driver.
WARNING - 2023-07-12 15:46:19 --> Session: Sessions is enabled, and one exists.Please don't $session->start();
INFO - 2023-07-12 15:46:19 --> Session: Class initialized using 'CodeIgniter\Session\Handlers\FileHandler' driver.
INFO - 2023-07-12 15:46:27 --> Session: Class initialized using 'CodeIgniter\Session\Handlers\FileHandler' driver.
INFO - 2023-07-12 15:48:21 --> Session: Class initialized using 'CodeIgniter\Session\Handlers\FileHandler' driver.
INFO - 2023-07-12 15:49:10 --> Session: Class initialized using 'CodeIgniter\Session\Handlers\FileHandler' driver.
INFO - 2023-07-12 15:49:29 --> Session: Class initialized using 'CodeIgniter\Session\Handlers\FileHandler' driver.
INFO - 2023-07-12 15:49:50 --> Session: Class initialized using 'CodeIgniter\Session\Handlers\FileHandler' driver.
INFO - 2023-07-12 15:49:53 --> Session: Class initialized using 'CodeIgniter\Session\Handlers\FileHandler' driver.
WARNING - 2023-07-12 15:49:53 --> Session: Sessions is enabled, and one exists.Please don't $session->start();
INFO - 2023-07-12 15:49:53 --> Session: Class initialized using 'CodeIgniter\Session\Handlers\FileHandler' driver.
INFO - 2023-07-12 15:50:46 --> Session: Class initialized using 'CodeIgniter\Session\Handlers\FileHandler' driver.
INFO - 2023-07-12 15:50:49 --> Session: Class initialized using 'CodeIgniter\Session\Handlers\FileHandler' driver.
WARNING - 2023-07-12 15:50:49 --> Session: Sessions is enabled, and one exists.Please don't $session->start();
INFO - 2023-07-12 15:50:49 --> Session: Class initialized using 'CodeIgniter\Session\Handlers\FileHandler' driver.
INFO - 2023-07-12 15:51:55 --> Session: Class initialized using 'CodeIgniter\Session\Handlers\FileHandler' driver.
INFO - 2023-07-12 15:52:04 --> Session: Class initialized using 'CodeIgniter\Session\Handlers\FileHandler' driver.
WARNING - 2023-07-12 15:52:04 --> Session: Sessions is enabled, and one exists.Please don't $session->start();
INFO - 2023-07-12 15:52:04 --> Session: Class initialized using 'CodeIgniter\Session\Handlers\FileHandler' driver.
INFO - 2023-07-12 15:52:07 --> Session: Class initialized using 'CodeIgniter\Session\Handlers\FileHandler' driver.
WARNING - 2023-07-12 15:52:07 --> Session: Sessions is enabled, and one exists.Please don't $session->start();
INFO - 2023-07-12 15:52:07 --> Session: Class initialized using 'CodeIgniter\Session\Handlers\FileHandler' driver.
INFO - 2023-07-12 15:53:25 --> Session: Class initialized using 'CodeIgniter\Session\Handlers\FileHandler' driver.
INFO - 2023-07-12 15:53:44 --> Session: Class initialized using 'CodeIgniter\Session\Handlers\FileHandler' driver.
INFO - 2023-07-12 15:54:06 --> Session: Class initialized using 'CodeIgniter\Session\Handlers\FileHandler' driver.
INFO - 2023-07-12 15:54:09 --> Session: Class initialized using 'CodeIgniter\Session\Handlers\FileHandler' driver.
WARNING - 2023-07-12 15:54:09 --> Session: Sessions is enabled, and one exists.Please don't $session->start();
INFO - 2023-07-12 15:54:09 --> Session: Class initialized using 'CodeIgniter\Session\Handlers\FileHandler' driver.
INFO - 2023-07-12 15:54:59 --> Session: Class initialized using 'CodeIgniter\Session\Handlers\FileHandler' driver.
INFO - 2023-07-12 15:55:01 --> Session: Class initialized using 'CodeIgniter\Session\Handlers\FileHandler' driver.
WARNING - 2023-07-12 15:55:01 --> Session: Sessions is enabled, and one exists.Please don't $session->start();
INFO - 2023-07-12 15:55:02 --> Session: Class initialized using 'CodeIgniter\Session\Handlers\FileHandler' driver.
INFO - 2023-07-12 15:55:29 --> Session: Class initialized using 'CodeIgniter\Session\Handlers\FileHandler' driver.
INFO - 2023-07-12 15:55:31 --> Session: Class initialized using 'CodeIgniter\Session\Handlers\FileHandler' driver.
WARNING - 2023-07-12 15:55:31 --> Session: Sessions is enabled, and one exists.Please don't $session->start();
INFO - 2023-07-12 15:55:32 --> Session: Class initialized using 'CodeIgniter\Session\Handlers\FileHandler' driver.
INFO - 2023-07-12 15:56:02 --> Session: Class initialized using 'CodeIgniter\Session\Handlers\FileHandler' driver.
WARNING - 2023-07-12 15:56:02 --> Session: Sessions is enabled, and one exists.Please don't $session->start();
INFO - 2023-07-12 15:56:02 --> Session: Class initialized using 'CodeIgniter\Session\Handlers\FileHandler' driver.
INFO - 2023-07-12 15:56:06 --> Session: Class initialized using 'CodeIgniter\Session\Handlers\FileHandler' driver.
WARNING - 2023-07-12 15:56:06 --> Session: Sessions is enabled, and one exists.Please don't $session->start();
INFO - 2023-07-12 15:56:06 --> Session: Class initialized using 'CodeIgniter\Session\Handlers\FileHandler' driver.
INFO - 2023-07-12 15:56:11 --> Session: Class initialized using 'CodeIgniter\Session\Handlers\FileHandler' driver.
INFO - 2023-07-12 15:56:13 --> Session: Class initialized using 'CodeIgniter\Session\Handlers\FileHandler' driver.
WARNING - 2023-07-12 15:56:13 --> Session: Sessions is enabled, and one exists.Please don't $session->start();
INFO - 2023-07-12 15:56:13 --> Session: Class initialized using 'CodeIgniter\Session\Handlers\FileHandler' driver.
INFO - 2023-07-12 15:56:58 --> Session: Class initialized using 'CodeIgniter\Session\Handlers\FileHandler' driver.
INFO - 2023-07-12 15:57:02 --> Session: Class initialized using 'CodeIgniter\Session\Handlers\FileHandler' driver.
WARNING - 2023-07-12 15:57:02 --> Session: Sessions is enabled, and one exists.Please don't $session->start();
INFO - 2023-07-12 15:57:02 --> Session: Class initialized using 'CodeIgniter\Session\Handlers\FileHandler' driver.
INFO - 2023-07-12 15:57:05 --> Session: Class initialized using 'CodeIgniter\Session\Handlers\FileHandler' driver.
WARNING - 2023-07-12 15:57:05 --> Session: Sessions is enabled, and one exists.Please don't $session->start();
INFO - 2023-07-12 15:57:05 --> Session: Class initialized using 'CodeIgniter\Session\Handlers\FileHandler' driver.
INFO - 2023-07-12 15:59:04 --> Session: Class initialized using 'CodeIgniter\Session\Handlers\FileHandler' driver.
INFO - 2023-07-12 16:09:11 --> Session: Class initialized using 'CodeIgniter\Session\Handlers\FileHandler' driver.
WARNING - 2023-07-12 16:09:11 --> Session: Sessions is enabled, and one exists.Please don't $session->start();
INFO - 2023-07-12 16:09:11 --> Session: Class initialized using 'CodeIgniter\Session\Handlers\FileHandler' driver.
INFO - 2023-07-12 16:09:23 --> Session: Class initialized using 'CodeIgniter\Session\Handlers\FileHandler' driver.
INFO - 2023-07-12 16:09:25 --> Session: Class initialized using 'CodeIgniter\Session\Handlers\FileHandler' driver.
INFO - 2023-07-12 16:09:27 --> Session: Class initialized using 'CodeIgniter\Session\Handlers\FileHandler' driver.
INFO - 2023-07-12 16:09:29 --> Session: Class initialized using 'CodeIgniter\Session\Handlers\FileHandler' driver.
WARNING - 2023-07-12 16:09:29 --> Session: Sessions is enabled, and one exists.Please don't $session->start();
INFO - 2023-07-12 16:09:40 --> Session: Class initialized using 'CodeIgniter\Session\Handlers\FileHandler' driver.
WARNING - 2023-07-12 16:09:40 --> Session: Sessions is enabled, and one exists.Please don't $session->start();
INFO - 2023-07-12 16:10:14 --> Session: Class initialized using 'CodeIgniter\Session\Handlers\FileHandler' driver.
WARNING - 2023-07-12 16:10:14 --> Session: Sessions is enabled, and one exists.Please don't $session->start();
INFO - 2023-07-12 16:10:14 --> Session: Class initialized using 'CodeIgniter\Session\Handlers\FileHandler' driver.
WARNING - 2023-07-12 16:10:14 --> Session: Sessions is enabled, and one exists.Please don't $session->start();
INFO - 2023-07-12 16:10:28 --> Session: Class initialized using 'CodeIgniter\Session\Handlers\FileHandler' driver.
WARNING - 2023-07-12 16:10:28 --> Session: Sessions is enabled, and one exists.Please don't $session->start();
INFO - 2023-07-12 16:10:47 --> Session: Class initialized using 'CodeIgniter\Session\Handlers\FileHandler' driver.
INFO - 2023-07-12 16:10:55 --> Session: Class initialized using 'CodeIgniter\Session\Handlers\FileHandler' driver.
WARNING - 2023-07-12 16:10:55 --> Session: Sessions is enabled, and one exists.Please don't $session->start();
INFO - 2023-07-12 16:10:55 --> Session: Class initialized using 'CodeIgniter\Session\Handlers\FileHandler' driver.
INFO - 2023-07-12 16:10:58 --> Session: Class initialized using 'CodeIgniter\Session\Handlers\FileHandler' driver.
WARNING - 2023-07-12 16:10:58 --> Session: Sessions is enabled, and one exists.Please don't $session->start();
INFO - 2023-07-12 16:11:46 --> Session: Class initialized using 'CodeIgniter\Session\Handlers\FileHandler' driver.
INFO - 2023-07-12 16:11:59 --> Session: Class initialized using 'CodeIgniter\Session\Handlers\FileHandler' driver.
WARNING - 2023-07-12 16:11:59 --> Session: Sessions is enabled, and one exists.Please don't $session->start();
INFO - 2023-07-12 16:12:05 --> Session: Class initialized using 'CodeIgniter\Session\Handlers\FileHandler' driver.
WARNING - 2023-07-12 16:12:06 --> Session: Sessions is enabled, and one exists.Please don't $session->start();
INFO - 2023-07-12 16:13:15 --> Session: Class initialized using 'CodeIgniter\Session\Handlers\FileHandler' driver.
INFO - 2023-07-12 16:14:17 --> Session: Class initialized using 'CodeIgniter\Session\Handlers\FileHandler' driver.
INFO - 2023-07-12 16:14:24 --> Session: Class initialized using 'CodeIgniter\Session\Handlers\FileHandler' driver.
INFO - 2023-07-12 16:14:59 --> Session: Class initialized using 'CodeIgniter\Session\Handlers\FileHandler' driver.
INFO - 2023-07-12 16:16:21 --> Session: Class initialized using 'CodeIgniter\Session\Handlers\FileHandler' driver.
INFO - 2023-07-12 16:16:41 --> Session: Class initialized using 'CodeIgniter\Session\Handlers\FileHandler' driver.
INFO - 2023-07-12 16:17:32 --> Session: Class initialized using 'CodeIgniter\Session\Handlers\FileHandler' driver.
INFO - 2023-07-12 16:18:25 --> Session: Class initialized using 'CodeIgniter\Session\Handlers\FileHandler' driver.
INFO - 2023-07-12 16:19:44 --> Session: Class initialized using 'CodeIgniter\Session\Handlers\FileHandler' driver.
INFO - 2023-07-12 16:20:24 --> Session: Class initialized using 'CodeIgniter\Session\Handlers\FileHandler' driver.
INFO - 2023-07-12 16:21:38 --> Session: Class initialized using 'CodeIgniter\Session\Handlers\FileHandler' driver.
WARNING - 2023-07-12 16:21:38 --> Session: Sessions is enabled, and one exists.Please don't $session->start();
INFO - 2023-07-12 16:22:11 --> Session: Class initialized using 'CodeIgniter\Session\Handlers\FileHandler' driver.
INFO - 2023-07-12 16:22:19 --> Session: Class initialized using 'CodeIgniter\Session\Handlers\FileHandler' driver.
WARNING - 2023-07-12 16:22:19 --> Session: Sessions is enabled, and one exists.Please don't $session->start();
INFO - 2023-07-12 16:22:19 --> Session: Class initialized using 'CodeIgniter\Session\Handlers\FileHandler' driver.
INFO - 2023-07-12 16:22:22 --> Session: Class initialized using 'CodeIgniter\Session\Handlers\FileHandler' driver.
WARNING - 2023-07-12 16:22:22 --> Session: Sessions is enabled, and one exists.Please don't $session->start();
INFO - 2023-07-12 16:23:06 --> Session: Class initialized using 'CodeIgniter\Session\Handlers\FileHandler' driver.
INFO - 2023-07-12 16:23:40 --> Session: Class initialized using 'CodeIgniter\Session\Handlers\FileHandler' driver.
INFO - 2023-07-12 16:24:10 --> Session: Class initialized using 'CodeIgniter\Session\Handlers\FileHandler' driver.
WARNING - 2023-07-12 16:24:10 --> Session: Sessions is enabled, and one exists.Please don't $session->start();
INFO - 2023-07-12 16:24:12 --> Session: Class initialized using 'CodeIgniter\Session\Handlers\FileHandler' driver.
WARNING - 2023-07-12 16:24:12 --> Session: Sessions is enabled, and one exists.Please don't $session->start();
INFO - 2023-07-12 16:25:55 --> Session: Class initialized using 'CodeIgniter\Session\Handlers\FileHandler' driver.
WARNING - 2023-07-12 16:25:55 --> Session: Sessions is enabled, and one exists.Please don't $session->start();
INFO - 2023-07-12 16:25:55 --> Session: Class initialized using 'CodeIgniter\Session\Handlers\FileHandler' driver.
WARNING - 2023-07-12 16:25:55 --> Session: Sessions is enabled, and one exists.Please don't $session->start();
INFO - 2023-07-12 16:26:05 --> Session: Class initialized using 'CodeIgniter\Session\Handlers\FileHandler' driver.
WARNING - 2023-07-12 16:26:05 --> Session: Sessions is enabled, and one exists.Please don't $session->start();
INFO - 2023-07-12 16:26:12 --> Session: Class initialized using 'CodeIgniter\Session\Handlers\FileHandler' driver.
WARNING - 2023-07-12 16:26:12 --> Session: Sessions is enabled, and one exists.Please don't $session->start();
INFO - 2023-07-12 16:26:12 --> Session: Class initialized using 'CodeIgniter\Session\Handlers\FileHandler' driver.
WARNING - 2023-07-12 16:26:12 --> Session: Sessions is enabled, and one exists.Please don't $session->start();
INFO - 2023-07-12 16:26:27 --> Session: Class initialized using 'CodeIgniter\Session\Handlers\FileHandler' driver.
WARNING - 2023-07-12 16:26:27 --> Session: Sessions is enabled, and one exists.Please don't $session->start();
INFO - 2023-07-12 16:26:32 --> Session: Class initialized using 'CodeIgniter\Session\Handlers\FileHandler' driver.
WARNING - 2023-07-12 16:26:32 --> Session: Sessions is enabled, and one exists.Please don't $session->start();
INFO - 2023-07-12 16:28:47 --> Session: Class initialized using 'CodeIgniter\Session\Handlers\FileHandler' driver.
INFO - 2023-07-12 16:29:18 --> Session: Class initialized using 'CodeIgniter\Session\Handlers\FileHandler' driver.
WARNING - 2023-07-12 16:29:18 --> Session: Sessions is enabled, and one exists.Please don't $session->start();
INFO - 2023-07-12 16:30:12 --> Session: Class initialized using 'CodeIgniter\Session\Handlers\FileHandler' driver.
INFO - 2023-07-12 16:30:25 --> Session: Class initialized using 'CodeIgniter\Session\Handlers\FileHandler' driver.
WARNING - 2023-07-12 16:30:25 --> Session: Sessions is enabled, and one exists.Please don't $session->start();
INFO - 2023-07-12 16:30:29 --> Session: Class initialized using 'CodeIgniter\Session\Handlers\FileHandler' driver.
WARNING - 2023-07-12 16:30:29 --> Session: Sessions is enabled, and one exists.Please don't $session->start();
CRITICAL - 2023-07-12 16:31:54 --> syntax error, unexpected end of file, expecting "elseif" or "else" or "endif"
in APPPATH\Views\main\form.php on line 96.
 1 SYSTEMPATH\View\View.php(216): CodeIgniter\View\View->CodeIgniter\View\{closure}()
 2 SYSTEMPATH\View\View.php(431): CodeIgniter\View\View->render('main/form', null, true)
 3 APPPATH\Views\main\baseForm.php(11): CodeIgniter\View\View->include('main/form')
 4 SYSTEMPATH\View\View.php(213): include('APPPATH\\Views\\main\\baseForm.php')
 5 SYSTEMPATH\View\View.php(216): CodeIgniter\View\View->CodeIgniter\View\{closure}()
 6 SYSTEMPATH\Common.php(1184): CodeIgniter\View\View->render('/main/baseForm', [], true)
 7 APPPATH\Controllers\User.php(20): view('/main/baseForm')
 8 SYSTEMPATH\CodeIgniter.php(934): App\Controllers\User->formulir()
 9 SYSTEMPATH\CodeIgniter.php(499): CodeIgniter\CodeIgniter->runController(Object(App\Controllers\User))
10 SYSTEMPATH\CodeIgniter.php(368): CodeIgniter\CodeIgniter->handleRequest(null, Object(Config\Cache), false)
11 FCPATH\index.php(67): CodeIgniter\CodeIgniter->run()
12 SYSTEMPATH\Commands\Server\rewrite.php(47): require_once('FCPATH\\index.php')
CRITICAL - 2023-07-12 16:31:58 --> syntax error, unexpected end of file, expecting "elseif" or "else" or "endif"
in APPPATH\Views\main\form.php on line 96.
 1 SYSTEMPATH\View\View.php(216): CodeIgniter\View\View->CodeIgniter\View\{closure}()
 2 SYSTEMPATH\View\View.php(431): CodeIgniter\View\View->render('main/form', null, true)
 3 APPPATH\Views\main\baseForm.php(11): CodeIgniter\View\View->include('main/form')
 4 SYSTEMPATH\View\View.php(213): include('APPPATH\\Views\\main\\baseForm.php')
 5 SYSTEMPATH\View\View.php(216): CodeIgniter\View\View->CodeIgniter\View\{closure}()
 6 SYSTEMPATH\Common.php(1184): CodeIgniter\View\View->render('/main/baseForm', [], true)
 7 APPPATH\Controllers\User.php(20): view('/main/baseForm')
 8 SYSTEMPATH\CodeIgniter.php(934): App\Controllers\User->formulir()
 9 SYSTEMPATH\CodeIgniter.php(499): CodeIgniter\CodeIgniter->runController(Object(App\Controllers\User))
10 SYSTEMPATH\CodeIgniter.php(368): CodeIgniter\CodeIgniter->handleRequest(null, Object(Config\Cache), false)
11 FCPATH\index.php(67): CodeIgniter\CodeIgniter->run()
12 SYSTEMPATH\Commands\Server\rewrite.php(47): require_once('FCPATH\\index.php')
CRITICAL - 2023-07-12 16:31:58 --> syntax error, unexpected end of file, expecting "elseif" or "else" or "endif"
in APPPATH\Views\main\form.php on line 96.
 1 SYSTEMPATH\View\View.php(216): CodeIgniter\View\View->CodeIgniter\View\{closure}()
 2 SYSTEMPATH\View\View.php(431): CodeIgniter\View\View->render('main/form', null, true)
 3 APPPATH\Views\main\baseForm.php(11): CodeIgniter\View\View->include('main/form')
 4 SYSTEMPATH\View\View.php(213): include('APPPATH\\Views\\main\\baseForm.php')
 5 SYSTEMPATH\View\View.php(216): CodeIgniter\View\View->CodeIgniter\View\{closure}()
 6 SYSTEMPATH\Common.php(1184): CodeIgniter\View\View->render('/main/baseForm', [], true)
 7 APPPATH\Controllers\User.php(20): view('/main/baseForm')
 8 SYSTEMPATH\CodeIgniter.php(934): App\Controllers\User->formulir()
 9 SYSTEMPATH\CodeIgniter.php(499): CodeIgniter\CodeIgniter->runController(Object(App\Controllers\User))
10 SYSTEMPATH\CodeIgniter.php(368): CodeIgniter\CodeIgniter->handleRequest(null, Object(Config\Cache), false)
11 FCPATH\index.php(67): CodeIgniter\CodeIgniter->run()
12 SYSTEMPATH\Commands\Server\rewrite.php(47): require_once('FCPATH\\index.php')
CRITICAL - 2023-07-12 16:32:16 --> syntax error, unexpected end of file, expecting "elseif" or "else" or "endif"
in APPPATH\Views\main\form.php on line 94.
 1 SYSTEMPATH\View\View.php(216): CodeIgniter\View\View->CodeIgniter\View\{closure}()
 2 SYSTEMPATH\View\View.php(431): CodeIgniter\View\View->render('main/form', null, true)
 3 APPPATH\Views\main\baseForm.php(11): CodeIgniter\View\View->include('main/form')
 4 SYSTEMPATH\View\View.php(213): include('APPPATH\\Views\\main\\baseForm.php')
 5 SYSTEMPATH\View\View.php(216): CodeIgniter\View\View->CodeIgniter\View\{closure}()
 6 SYSTEMPATH\Common.php(1184): CodeIgniter\View\View->render('/main/baseForm', [], true)
 7 APPPATH\Controllers\User.php(20): view('/main/baseForm')
 8 SYSTEMPATH\CodeIgniter.php(934): App\Controllers\User->formulir()
 9 SYSTEMPATH\CodeIgniter.php(499): CodeIgniter\CodeIgniter->runController(Object(App\Controllers\User))
10 SYSTEMPATH\CodeIgniter.php(368): CodeIgniter\CodeIgniter->handleRequest(null, Object(Config\Cache), false)
11 FCPATH\index.php(67): CodeIgniter\CodeIgniter->run()
12 SYSTEMPATH\Commands\Server\rewrite.php(47): require_once('FCPATH\\index.php')
CRITICAL - 2023-07-12 16:32:19 --> syntax error, unexpected end of file, expecting "elseif" or "else" or "endif"
in APPPATH\Views\main\form.php on line 94.
 1 SYSTEMPATH\View\View.php(216): CodeIgniter\View\View->CodeIgniter\View\{closure}()
 2 SYSTEMPATH\View\View.php(431): CodeIgniter\View\View->render('main/form', null, true)
 3 APPPATH\Views\main\baseForm.php(11): CodeIgniter\View\View->include('main/form')
 4 SYSTEMPATH\View\View.php(213): include('APPPATH\\Views\\main\\baseForm.php')
 5 SYSTEMPATH\View\View.php(216): CodeIgniter\View\View->CodeIgniter\View\{closure}()
 6 SYSTEMPATH\Common.php(1184): CodeIgniter\View\View->render('/main/baseForm', [], true)
 7 APPPATH\Controllers\User.php(20): view('/main/baseForm')
 8 SYSTEMPATH\CodeIgniter.php(934): App\Controllers\User->formulir()
 9 SYSTEMPATH\CodeIgniter.php(499): CodeIgniter\CodeIgniter->runController(Object(App\Controllers\User))
10 SYSTEMPATH\CodeIgniter.php(368): CodeIgniter\CodeIgniter->handleRequest(null, Object(Config\Cache), false)
11 FCPATH\index.php(67): CodeIgniter\CodeIgniter->run()
12 SYSTEMPATH\Commands\Server\rewrite.php(47): require_once('FCPATH\\index.php')
INFO - 2023-07-12 16:32:53 --> Session: Class initialized using 'CodeIgniter\Session\Handlers\FileHandler' driver.
INFO - 2023-07-12 16:32:57 --> Session: Class initialized using 'CodeIgniter\Session\Handlers\FileHandler' driver.
WARNING - 2023-07-12 16:32:57 --> Session: Sessions is enabled, and one exists.Please don't $session->start();
INFO - 2023-07-12 16:32:58 --> Session: Class initialized using 'CodeIgniter\Session\Handlers\FileHandler' driver.
