INFO - 2023-07-24 09:33:43 --> Session: Class initialized using 'CodeIgniter\Session\Handlers\FileHandler' driver.
INFO - 2023-07-24 09:33:44 --> Session: Class initialized using 'CodeIgniter\Session\Handlers\FileHandler' driver.
INFO - 2023-07-24 09:33:51 --> Session: Class initialized using 'CodeIgniter\Session\Handlers\FileHandler' driver.
INFO - 2023-07-24 09:33:52 --> Session: Class initialized using 'CodeIgniter\Session\Handlers\FileHandler' driver.
INFO - 2023-07-24 09:34:01 --> Session: Class initialized using 'CodeIgniter\Session\Handlers\FileHandler' driver.
INFO - 2023-07-24 09:34:07 --> Session: Class initialized using 'CodeIgniter\Session\Handlers\FileHandler' driver.
WARNING - 2023-07-24 09:34:07 --> Session: Sessions is enabled, and one exists.Please don't $session->start();
INFO - 2023-07-24 09:34:07 --> Session: Class initialized using 'CodeIgniter\Session\Handlers\FileHandler' driver.
INFO - 2023-07-24 09:35:05 --> Session: Class initialized using 'CodeIgniter\Session\Handlers\FileHandler' driver.
WARNING - 2023-07-24 09:35:05 --> Session: Sessions is enabled, and one exists.Please don't $session->start();
INFO - 2023-07-24 09:35:05 --> Session: Class initialized using 'CodeIgniter\Session\Handlers\FileHandler' driver.
INFO - 2023-07-24 09:35:31 --> Session: Class initialized using 'CodeIgniter\Session\Handlers\FileHandler' driver.
INFO - 2023-07-24 09:35:33 --> Session: Class initialized using 'CodeIgniter\Session\Handlers\FileHandler' driver.
WARNING - 2023-07-24 09:35:33 --> Session: Sessions is enabled, and one exists.Please don't $session->start();
INFO - 2023-07-24 09:35:33 --> Session: Class initialized using 'CodeIgniter\Session\Handlers\FileHandler' driver.
INFO - 2023-07-24 09:36:04 --> Session: Class initialized using 'CodeIgniter\Session\Handlers\FileHandler' driver.
WARNING - 2023-07-24 09:36:04 --> Session: Sessions is enabled, and one exists.Please don't $session->start();
INFO - 2023-07-24 09:36:04 --> Session: Class initialized using 'CodeIgniter\Session\Handlers\FileHandler' driver.
WARNING - 2023-07-24 09:36:04 --> Session: Sessions is enabled, and one exists.Please don't $session->start();
INFO - 2023-07-24 09:36:10 --> Session: Class initialized using 'CodeIgniter\Session\Handlers\FileHandler' driver.
WARNING - 2023-07-24 09:36:10 --> Session: Sessions is enabled, and one exists.Please don't $session->start();
INFO - 2023-07-24 09:36:12 --> Session: Class initialized using 'CodeIgniter\Session\Handlers\FileHandler' driver.
WARNING - 2023-07-24 09:36:12 --> Session: Sessions is enabled, and one exists.Please don't $session->start();
INFO - 2023-07-24 09:36:30 --> Session: Class initialized using 'CodeIgniter\Session\Handlers\FileHandler' driver.
WARNING - 2023-07-24 09:36:30 --> Session: Sessions is enabled, and one exists.Please don't $session->start();
INFO - 2023-07-24 09:37:03 --> Session: Class initialized using 'CodeIgniter\Session\Handlers\FileHandler' driver.
WARNING - 2023-07-24 09:37:03 --> Session: Sessions is enabled, and one exists.Please don't $session->start();
INFO - 2023-07-24 14:00:09 --> Session: Class initialized using 'CodeIgniter\Session\Handlers\FileHandler' driver.
INFO - 2023-07-24 14:00:10 --> Session: Class initialized using 'CodeIgniter\Session\Handlers\FileHandler' driver.
INFO - 2023-07-24 14:00:25 --> Session: Class initialized using 'CodeIgniter\Session\Handlers\FileHandler' driver.
INFO - 2023-07-24 14:00:25 --> Session: Class initialized using 'CodeIgniter\Session\Handlers\FileHandler' driver.
INFO - 2023-07-24 14:00:28 --> Session: Class initialized using 'CodeIgniter\Session\Handlers\FileHandler' driver.
WARNING - 2023-07-24 14:00:28 --> Session: Sessions is enabled, and one exists.Please don't $session->start();
INFO - 2023-07-24 14:00:29 --> Session: Class initialized using 'CodeIgniter\Session\Handlers\FileHandler' driver.
WARNING - 2023-07-24 14:00:29 --> Session: Sessions is enabled, and one exists.Please don't $session->start();
INFO - 2023-07-24 14:01:10 --> Session: Class initialized using 'CodeIgniter\Session\Handlers\FileHandler' driver.
WARNING - 2023-07-24 14:01:10 --> Session: Sessions is enabled, and one exists.Please don't $session->start();
INFO - 2023-07-24 14:01:10 --> Session: Class initialized using 'CodeIgniter\Session\Handlers\FileHandler' driver.
WARNING - 2023-07-24 14:01:10 --> Session: Sessions is enabled, and one exists.Please don't $session->start();
INFO - 2023-07-24 14:03:30 --> Session: Class initialized using 'CodeIgniter\Session\Handlers\FileHandler' driver.
WARNING - 2023-07-24 14:03:30 --> Session: Sessions is enabled, and one exists.Please don't $session->start();
INFO - 2023-07-24 14:03:30 --> Session: Class initialized using 'CodeIgniter\Session\Handlers\FileHandler' driver.
WARNING - 2023-07-24 14:03:30 --> Session: Sessions is enabled, and one exists.Please don't $session->start();
INFO - 2023-07-24 14:06:28 --> Session: Class initialized using 'CodeIgniter\Session\Handlers\FileHandler' driver.
WARNING - 2023-07-24 14:06:28 --> Session: Sessions is enabled, and one exists.Please don't $session->start();
INFO - 2023-07-24 14:06:29 --> Session: Class initialized using 'CodeIgniter\Session\Handlers\FileHandler' driver.
WARNING - 2023-07-24 14:06:29 --> Session: Sessions is enabled, and one exists.Please don't $session->start();
INFO - 2023-07-24 14:06:44 --> Session: Class initialized using 'CodeIgniter\Session\Handlers\FileHandler' driver.
WARNING - 2023-07-24 14:06:44 --> Session: Sessions is enabled, and one exists.Please don't $session->start();
INFO - 2023-07-24 14:06:45 --> Session: Class initialized using 'CodeIgniter\Session\Handlers\FileHandler' driver.
WARNING - 2023-07-24 14:06:45 --> Session: Sessions is enabled, and one exists.Please don't $session->start();
INFO - 2023-07-24 14:07:09 --> Session: Class initialized using 'CodeIgniter\Session\Handlers\FileHandler' driver.
WARNING - 2023-07-24 14:07:09 --> Session: Sessions is enabled, and one exists.Please don't $session->start();
INFO - 2023-07-24 14:07:09 --> Session: Class initialized using 'CodeIgniter\Session\Handlers\FileHandler' driver.
WARNING - 2023-07-24 14:07:09 --> Session: Sessions is enabled, and one exists.Please don't $session->start();
INFO - 2023-07-24 14:07:18 --> Session: Class initialized using 'CodeIgniter\Session\Handlers\FileHandler' driver.
WARNING - 2023-07-24 14:07:18 --> Session: Sessions is enabled, and one exists.Please don't $session->start();
INFO - 2023-07-24 14:07:18 --> Session: Class initialized using 'CodeIgniter\Session\Handlers\FileHandler' driver.
WARNING - 2023-07-24 14:07:18 --> Session: Sessions is enabled, and one exists.Please don't $session->start();
INFO - 2023-07-24 14:07:24 --> Session: Class initialized using 'CodeIgniter\Session\Handlers\FileHandler' driver.
WARNING - 2023-07-24 14:07:24 --> Session: Sessions is enabled, and one exists.Please don't $session->start();
INFO - 2023-07-24 14:07:25 --> Session: Class initialized using 'CodeIgniter\Session\Handlers\FileHandler' driver.
WARNING - 2023-07-24 14:07:25 --> Session: Sessions is enabled, and one exists.Please don't $session->start();
INFO - 2023-07-24 14:07:48 --> Session: Class initialized using 'CodeIgniter\Session\Handlers\FileHandler' driver.
WARNING - 2023-07-24 14:07:48 --> Session: Sessions is enabled, and one exists.Please don't $session->start();
INFO - 2023-07-24 14:07:48 --> Session: Class initialized using 'CodeIgniter\Session\Handlers\FileHandler' driver.
WARNING - 2023-07-24 14:07:48 --> Session: Sessions is enabled, and one exists.Please don't $session->start();
INFO - 2023-07-24 14:08:10 --> Session: Class initialized using 'CodeIgniter\Session\Handlers\FileHandler' driver.
WARNING - 2023-07-24 14:08:10 --> Session: Sessions is enabled, and one exists.Please don't $session->start();
INFO - 2023-07-24 14:09:54 --> Session: Class initialized using 'CodeIgniter\Session\Handlers\FileHandler' driver.
WARNING - 2023-07-24 14:09:54 --> Session: Sessions is enabled, and one exists.Please don't $session->start();
INFO - 2023-07-24 14:09:56 --> Session: Class initialized using 'CodeIgniter\Session\Handlers\FileHandler' driver.
INFO - 2023-07-24 14:09:58 --> Session: Class initialized using 'CodeIgniter\Session\Handlers\FileHandler' driver.
WARNING - 2023-07-24 14:09:58 --> Session: Sessions is enabled, and one exists.Please don't $session->start();
INFO - 2023-07-24 14:09:59 --> Session: Class initialized using 'CodeIgniter\Session\Handlers\FileHandler' driver.
WARNING - 2023-07-24 14:09:59 --> Session: Sessions is enabled, and one exists.Please don't $session->start();
INFO - 2023-07-24 14:10:00 --> Session: Class initialized using 'CodeIgniter\Session\Handlers\FileHandler' driver.
WARNING - 2023-07-24 14:10:00 --> Session: Sessions is enabled, and one exists.Please don't $session->start();
INFO - 2023-07-24 14:10:01 --> Session: Class initialized using 'CodeIgniter\Session\Handlers\FileHandler' driver.
WARNING - 2023-07-24 14:10:01 --> Session: Sessions is enabled, and one exists.Please don't $session->start();
INFO - 2023-07-24 14:10:06 --> Session: Class initialized using 'CodeIgniter\Session\Handlers\FileHandler' driver.
INFO - 2023-07-24 14:10:09 --> Session: Class initialized using 'CodeIgniter\Session\Handlers\FileHandler' driver.
WARNING - 2023-07-24 14:10:09 --> Session: Sessions is enabled, and one exists.Please don't $session->start();
INFO - 2023-07-24 14:10:12 --> Session: Class initialized using 'CodeIgniter\Session\Handlers\FileHandler' driver.
INFO - 2023-07-24 14:10:17 --> Session: Class initialized using 'CodeIgniter\Session\Handlers\FileHandler' driver.
WARNING - 2023-07-24 14:10:17 --> Session: Sessions is enabled, and one exists.Please don't $session->start();
INFO - 2023-07-24 14:10:56 --> Session: Class initialized using 'CodeIgniter\Session\Handlers\FileHandler' driver.
WARNING - 2023-07-24 14:10:56 --> Session: Sessions is enabled, and one exists.Please don't $session->start();
INFO - 2023-07-24 14:11:37 --> Session: Class initialized using 'CodeIgniter\Session\Handlers\FileHandler' driver.
WARNING - 2023-07-24 14:11:37 --> Session: Sessions is enabled, and one exists.Please don't $session->start();
INFO - 2023-07-24 14:11:50 --> Session: Class initialized using 'CodeIgniter\Session\Handlers\FileHandler' driver.
WARNING - 2023-07-24 14:11:50 --> Session: Sessions is enabled, and one exists.Please don't $session->start();
INFO - 2023-07-24 14:13:27 --> Session: Class initialized using 'CodeIgniter\Session\Handlers\FileHandler' driver.
WARNING - 2023-07-24 14:13:27 --> Session: Sessions is enabled, and one exists.Please don't $session->start();
INFO - 2023-07-24 14:14:17 --> Session: Class initialized using 'CodeIgniter\Session\Handlers\FileHandler' driver.
WARNING - 2023-07-24 14:14:17 --> Session: Sessions is enabled, and one exists.Please don't $session->start();
INFO - 2023-07-24 14:14:30 --> Session: Class initialized using 'CodeIgniter\Session\Handlers\FileHandler' driver.
WARNING - 2023-07-24 14:14:30 --> Session: Sessions is enabled, and one exists.Please don't $session->start();
INFO - 2023-07-24 14:15:06 --> Session: Class initialized using 'CodeIgniter\Session\Handlers\FileHandler' driver.
WARNING - 2023-07-24 14:15:06 --> Session: Sessions is enabled, and one exists.Please don't $session->start();
INFO - 2023-07-24 14:15:55 --> Session: Class initialized using 'CodeIgniter\Session\Handlers\FileHandler' driver.
WARNING - 2023-07-24 14:15:55 --> Session: Sessions is enabled, and one exists.Please don't $session->start();
INFO - 2023-07-24 14:17:11 --> Session: Class initialized using 'CodeIgniter\Session\Handlers\FileHandler' driver.
WARNING - 2023-07-24 14:17:11 --> Session: Sessions is enabled, and one exists.Please don't $session->start();
INFO - 2023-07-24 14:17:15 --> Session: Class initialized using 'CodeIgniter\Session\Handlers\FileHandler' driver.
WARNING - 2023-07-24 14:17:15 --> Session: Sessions is enabled, and one exists.Please don't $session->start();
INFO - 2023-07-24 14:17:20 --> Session: Class initialized using 'CodeIgniter\Session\Handlers\FileHandler' driver.
WARNING - 2023-07-24 14:17:20 --> Session: Sessions is enabled, and one exists.Please don't $session->start();
INFO - 2023-07-24 14:18:48 --> Session: Class initialized using 'CodeIgniter\Session\Handlers\FileHandler' driver.
WARNING - 2023-07-24 14:18:48 --> Session: Sessions is enabled, and one exists.Please don't $session->start();
INFO - 2023-07-24 14:20:10 --> Session: Class initialized using 'CodeIgniter\Session\Handlers\FileHandler' driver.
WARNING - 2023-07-24 14:20:10 --> Session: Sessions is enabled, and one exists.Please don't $session->start();
INFO - 2023-07-24 14:22:14 --> Session: Class initialized using 'CodeIgniter\Session\Handlers\FileHandler' driver.
INFO - 2023-07-24 14:31:00 --> Session: Class initialized using 'CodeIgniter\Session\Handlers\FileHandler' driver.
INFO - 2023-07-24 14:33:17 --> Session: Class initialized using 'CodeIgniter\Session\Handlers\FileHandler' driver.
INFO - 2023-07-24 14:33:19 --> Session: Class initialized using 'CodeIgniter\Session\Handlers\FileHandler' driver.
INFO - 2023-07-24 14:34:02 --> Session: Class initialized using 'CodeIgniter\Session\Handlers\FileHandler' driver.
INFO - 2023-07-24 14:38:08 --> Session: Class initialized using 'CodeIgniter\Session\Handlers\FileHandler' driver.
INFO - 2023-07-24 14:46:49 --> Session: Class initialized using 'CodeIgniter\Session\Handlers\FileHandler' driver.
CRITICAL - 2023-07-24 14:46:49 --> Invalid file: "base/baseHome.php"
in SYSTEMPATH\Exceptions\FrameworkException.php on line 33.
 1 SYSTEMPATH\View\View.php(201): CodeIgniter\Exceptions\FrameworkException::forInvalidFile('base/baseHome.php')
 2 SYSTEMPATH\View\View.php(229): CodeIgniter\View\View->render('base/baseHome', [], true)
 3 SYSTEMPATH\Common.php(1184): CodeIgniter\View\View->render('home', [], true)
 4 APPPATH\Controllers\Home.php(69): view('home', [...])
 5 SYSTEMPATH\CodeIgniter.php(934): App\Controllers\Home->index()
 6 SYSTEMPATH\CodeIgniter.php(499): CodeIgniter\CodeIgniter->runController(Object(App\Controllers\Home))
 7 SYSTEMPATH\CodeIgniter.php(368): CodeIgniter\CodeIgniter->handleRequest(null, Object(Config\Cache), false)
 8 FCPATH\index.php(67): CodeIgniter\CodeIgniter->run()
 9 SYSTEMPATH\Commands\Server\rewrite.php(47): require_once('FCPATH\\index.php')
INFO - 2023-07-24 14:47:11 --> Session: Class initialized using 'CodeIgniter\Session\Handlers\FileHandler' driver.
INFO - 2023-07-24 14:47:24 --> Session: Class initialized using 'CodeIgniter\Session\Handlers\FileHandler' driver.
INFO - 2023-07-24 14:47:24 --> Session: Class initialized using 'CodeIgniter\Session\Handlers\FileHandler' driver.
INFO - 2023-07-24 14:47:32 --> Session: Class initialized using 'CodeIgniter\Session\Handlers\FileHandler' driver.
INFO - 2023-07-24 14:47:33 --> Session: Class initialized using 'CodeIgniter\Session\Handlers\FileHandler' driver.
INFO - 2023-07-24 14:50:45 --> Session: Class initialized using 'CodeIgniter\Session\Handlers\FileHandler' driver.
INFO - 2023-07-24 14:50:50 --> Session: Class initialized using 'CodeIgniter\Session\Handlers\FileHandler' driver.
WARNING - 2023-07-24 14:50:50 --> Session: Sessions is enabled, and one exists.Please don't $session->start();
INFO - 2023-07-24 14:52:25 --> Session: Class initialized using 'CodeIgniter\Session\Handlers\FileHandler' driver.
INFO - 2023-07-24 14:52:40 --> Session: Class initialized using 'CodeIgniter\Session\Handlers\FileHandler' driver.
WARNING - 2023-07-24 14:52:40 --> Session: Sessions is enabled, and one exists.Please don't $session->start();
INFO - 2023-07-24 14:56:39 --> Session: Class initialized using 'CodeIgniter\Session\Handlers\FileHandler' driver.
WARNING - 2023-07-24 14:56:39 --> Session: Sessions is enabled, and one exists.Please don't $session->start();
INFO - 2023-07-24 14:56:42 --> Session: Class initialized using 'CodeIgniter\Session\Handlers\FileHandler' driver.
INFO - 2023-07-24 14:56:48 --> Session: Class initialized using 'CodeIgniter\Session\Handlers\FileHandler' driver.
WARNING - 2023-07-24 14:56:48 --> Session: Sessions is enabled, and one exists.Please don't $session->start();
INFO - 2023-07-24 14:57:20 --> Session: Class initialized using 'CodeIgniter\Session\Handlers\FileHandler' driver.
WARNING - 2023-07-24 14:57:20 --> Session: Sessions is enabled, and one exists.Please don't $session->start();
INFO - 2023-07-24 14:57:27 --> Session: Class initialized using 'CodeIgniter\Session\Handlers\FileHandler' driver.
INFO - 2023-07-24 14:57:31 --> Session: Class initialized using 'CodeIgniter\Session\Handlers\FileHandler' driver.
WARNING - 2023-07-24 14:57:31 --> Session: Sessions is enabled, and one exists.Please don't $session->start();
INFO - 2023-07-24 14:57:44 --> Session: Class initialized using 'CodeIgniter\Session\Handlers\FileHandler' driver.
WARNING - 2023-07-24 14:57:44 --> Session: Sessions is enabled, and one exists.Please don't $session->start();
INFO - 2023-07-24 15:04:09 --> Session: Class initialized using 'CodeIgniter\Session\Handlers\FileHandler' driver.
WARNING - 2023-07-24 15:04:09 --> Session: Sessions is enabled, and one exists.Please don't $session->start();
INFO - 2023-07-24 15:05:10 --> Session: Class initialized using 'CodeIgniter\Session\Handlers\FileHandler' driver.
WARNING - 2023-07-24 15:05:10 --> Session: Sessions is enabled, and one exists.Please don't $session->start();
INFO - 2023-07-24 15:05:24 --> Session: Class initialized using 'CodeIgniter\Session\Handlers\FileHandler' driver.
WARNING - 2023-07-24 15:05:24 --> Session: Sessions is enabled, and one exists.Please don't $session->start();
INFO - 2023-07-24 15:06:01 --> Session: Class initialized using 'CodeIgniter\Session\Handlers\FileHandler' driver.
WARNING - 2023-07-24 15:06:01 --> Session: Sessions is enabled, and one exists.Please don't $session->start();
INFO - 2023-07-24 15:06:04 --> Session: Class initialized using 'CodeIgniter\Session\Handlers\FileHandler' driver.
INFO - 2023-07-24 15:06:05 --> Session: Class initialized using 'CodeIgniter\Session\Handlers\FileHandler' driver.
WARNING - 2023-07-24 15:06:05 --> Session: Sessions is enabled, and one exists.Please don't $session->start();
INFO - 2023-07-24 15:06:20 --> Session: Class initialized using 'CodeIgniter\Session\Handlers\FileHandler' driver.
INFO - 2023-07-24 15:06:22 --> Session: Class initialized using 'CodeIgniter\Session\Handlers\FileHandler' driver.
WARNING - 2023-07-24 15:06:22 --> Session: Sessions is enabled, and one exists.Please don't $session->start();
INFO - 2023-07-24 15:06:23 --> Session: Class initialized using 'CodeIgniter\Session\Handlers\FileHandler' driver.
WARNING - 2023-07-24 15:06:23 --> Session: Sessions is enabled, and one exists.Please don't $session->start();
INFO - 2023-07-24 15:06:26 --> Session: Class initialized using 'CodeIgniter\Session\Handlers\FileHandler' driver.
WARNING - 2023-07-24 15:06:26 --> Session: Sessions is enabled, and one exists.Please don't $session->start();
INFO - 2023-07-24 15:08:36 --> Session: Class initialized using 'CodeIgniter\Session\Handlers\FileHandler' driver.
WARNING - 2023-07-24 15:08:36 --> Session: Sessions is enabled, and one exists.Please don't $session->start();
INFO - 2023-07-24 15:08:40 --> Session: Class initialized using 'CodeIgniter\Session\Handlers\FileHandler' driver.
INFO - 2023-07-24 15:08:44 --> Session: Class initialized using 'CodeIgniter\Session\Handlers\FileHandler' driver.
WARNING - 2023-07-24 15:08:44 --> Session: Sessions is enabled, and one exists.Please don't $session->start();
INFO - 2023-07-24 15:08:46 --> Session: Class initialized using 'CodeIgniter\Session\Handlers\FileHandler' driver.
WARNING - 2023-07-24 15:08:46 --> Session: Sessions is enabled, and one exists.Please don't $session->start();
INFO - 2023-07-24 15:08:52 --> Session: Class initialized using 'CodeIgniter\Session\Handlers\FileHandler' driver.
WARNING - 2023-07-24 15:08:52 --> Session: Sessions is enabled, and one exists.Please don't $session->start();
INFO - 2023-07-24 15:08:56 --> Session: Class initialized using 'CodeIgniter\Session\Handlers\FileHandler' driver.
WARNING - 2023-07-24 15:08:56 --> Session: Sessions is enabled, and one exists.Please don't $session->start();
INFO - 2023-07-24 15:09:01 --> Session: Class initialized using 'CodeIgniter\Session\Handlers\FileHandler' driver.
INFO - 2023-07-24 15:09:19 --> Session: Class initialized using 'CodeIgniter\Session\Handlers\FileHandler' driver.
WARNING - 2023-07-24 15:09:19 --> Session: Sessions is enabled, and one exists.Please don't $session->start();
INFO - 2023-07-24 15:09:40 --> Session: Class initialized using 'CodeIgniter\Session\Handlers\FileHandler' driver.
INFO - 2023-07-24 15:10:55 --> Session: Class initialized using 'CodeIgniter\Session\Handlers\FileHandler' driver.
INFO - 2023-07-24 15:10:58 --> Session: Class initialized using 'CodeIgniter\Session\Handlers\FileHandler' driver.
WARNING - 2023-07-24 15:10:58 --> Session: Sessions is enabled, and one exists.Please don't $session->start();
INFO - 2023-07-24 15:11:00 --> Session: Class initialized using 'CodeIgniter\Session\Handlers\FileHandler' driver.
WARNING - 2023-07-24 15:11:00 --> Session: Sessions is enabled, and one exists.Please don't $session->start();
INFO - 2023-07-24 15:11:07 --> Session: Class initialized using 'CodeIgniter\Session\Handlers\FileHandler' driver.
INFO - 2023-07-24 15:13:03 --> Session: Class initialized using 'CodeIgniter\Session\Handlers\FileHandler' driver.
INFO - 2023-07-24 15:13:06 --> Session: Class initialized using 'CodeIgniter\Session\Handlers\FileHandler' driver.
WARNING - 2023-07-24 15:13:06 --> Session: Sessions is enabled, and one exists.Please don't $session->start();
INFO - 2023-07-24 15:13:09 --> Session: Class initialized using 'CodeIgniter\Session\Handlers\FileHandler' driver.
INFO - 2023-07-24 15:13:13 --> Session: Class initialized using 'CodeIgniter\Session\Handlers\FileHandler' driver.
WARNING - 2023-07-24 15:13:13 --> Session: Sessions is enabled, and one exists.Please don't $session->start();
INFO - 2023-07-24 15:13:19 --> Session: Class initialized using 'CodeIgniter\Session\Handlers\FileHandler' driver.
WARNING - 2023-07-24 15:13:19 --> Session: Sessions is enabled, and one exists.Please don't $session->start();
INFO - 2023-07-24 15:14:06 --> Session: Class initialized using 'CodeIgniter\Session\Handlers\FileHandler' driver.
WARNING - 2023-07-24 15:14:06 --> Session: Sessions is enabled, and one exists.Please don't $session->start();
INFO - 2023-07-24 15:14:08 --> Session: Class initialized using 'CodeIgniter\Session\Handlers\FileHandler' driver.
WARNING - 2023-07-24 15:14:08 --> Session: Sessions is enabled, and one exists.Please don't $session->start();
INFO - 2023-07-24 15:14:14 --> Session: Class initialized using 'CodeIgniter\Session\Handlers\FileHandler' driver.
WARNING - 2023-07-24 15:14:14 --> Session: Sessions is enabled, and one exists.Please don't $session->start();
INFO - 2023-07-24 15:15:55 --> Session: Class initialized using 'CodeIgniter\Session\Handlers\FileHandler' driver.
WARNING - 2023-07-24 15:15:55 --> Session: Sessions is enabled, and one exists.Please don't $session->start();
INFO - 2023-07-24 15:17:38 --> Session: Class initialized using 'CodeIgniter\Session\Handlers\FileHandler' driver.
INFO - 2023-07-24 15:17:42 --> Session: Class initialized using 'CodeIgniter\Session\Handlers\FileHandler' driver.
WARNING - 2023-07-24 15:17:42 --> Session: Sessions is enabled, and one exists.Please don't $session->start();
INFO - 2023-07-24 15:17:42 --> Session: Class initialized using 'CodeIgniter\Session\Handlers\FileHandler' driver.
INFO - 2023-07-24 15:18:35 --> Session: Class initialized using 'CodeIgniter\Session\Handlers\FileHandler' driver.
INFO - 2023-07-24 15:18:47 --> Session: Class initialized using 'CodeIgniter\Session\Handlers\FileHandler' driver.
INFO - 2023-07-24 15:24:42 --> Session: Class initialized using 'CodeIgniter\Session\Handlers\FileHandler' driver.
WARNING - 2023-07-24 15:24:42 --> Session: Sessions is enabled, and one exists.Please don't $session->start();
INFO - 2023-07-24 15:24:44 --> Session: Class initialized using 'CodeIgniter\Session\Handlers\FileHandler' driver.
INFO - 2023-07-24 15:24:46 --> Session: Class initialized using 'CodeIgniter\Session\Handlers\FileHandler' driver.
INFO - 2023-07-24 15:30:14 --> Session: Class initialized using 'CodeIgniter\Session\Handlers\FileHandler' driver.
INFO - 2023-07-24 15:31:33 --> Session: Class initialized using 'CodeIgniter\Session\Handlers\FileHandler' driver.
INFO - 2023-07-24 15:32:06 --> Session: Class initialized using 'CodeIgniter\Session\Handlers\FileHandler' driver.
INFO - 2023-07-24 15:33:03 --> Session: Class initialized using 'CodeIgniter\Session\Handlers\FileHandler' driver.
INFO - 2023-07-24 15:34:03 --> Session: Class initialized using 'CodeIgniter\Session\Handlers\FileHandler' driver.
INFO - 2023-07-24 15:34:43 --> Session: Class initialized using 'CodeIgniter\Session\Handlers\FileHandler' driver.
INFO - 2023-07-24 15:34:54 --> Session: Class initialized using 'CodeIgniter\Session\Handlers\FileHandler' driver.
INFO - 2023-07-24 15:35:33 --> Session: Class initialized using 'CodeIgniter\Session\Handlers\FileHandler' driver.
INFO - 2023-07-24 15:36:24 --> Session: Class initialized using 'CodeIgniter\Session\Handlers\FileHandler' driver.
INFO - 2023-07-24 15:37:22 --> Session: Class initialized using 'CodeIgniter\Session\Handlers\FileHandler' driver.
INFO - 2023-07-24 15:37:57 --> Session: Class initialized using 'CodeIgniter\Session\Handlers\FileHandler' driver.
INFO - 2023-07-24 15:41:26 --> Session: Class initialized using 'CodeIgniter\Session\Handlers\FileHandler' driver.
INFO - 2023-07-24 15:42:27 --> Session: Class initialized using 'CodeIgniter\Session\Handlers\FileHandler' driver.
INFO - 2023-07-24 15:43:21 --> Session: Class initialized using 'CodeIgniter\Session\Handlers\FileHandler' driver.
INFO - 2023-07-24 15:45:03 --> Session: Class initialized using 'CodeIgniter\Session\Handlers\FileHandler' driver.
INFO - 2023-07-24 15:45:34 --> Session: Class initialized using 'CodeIgniter\Session\Handlers\FileHandler' driver.
INFO - 2023-07-24 15:45:55 --> Session: Class initialized using 'CodeIgniter\Session\Handlers\FileHandler' driver.
INFO - 2023-07-24 15:47:52 --> Session: Class initialized using 'CodeIgniter\Session\Handlers\FileHandler' driver.
INFO - 2023-07-24 15:48:15 --> Session: Class initialized using 'CodeIgniter\Session\Handlers\FileHandler' driver.
INFO - 2023-07-24 15:48:40 --> Session: Class initialized using 'CodeIgniter\Session\Handlers\FileHandler' driver.
INFO - 2023-07-24 15:48:42 --> Session: Class initialized using 'CodeIgniter\Session\Handlers\FileHandler' driver.
WARNING - 2023-07-24 15:48:42 --> Session: Sessions is enabled, and one exists.Please don't $session->start();
INFO - 2023-07-24 15:48:43 --> Session: Class initialized using 'CodeIgniter\Session\Handlers\FileHandler' driver.
INFO - 2023-07-24 15:48:44 --> Session: Class initialized using 'CodeIgniter\Session\Handlers\FileHandler' driver.
WARNING - 2023-07-24 15:48:45 --> Session: Sessions is enabled, and one exists.Please don't $session->start();
INFO - 2023-07-24 15:48:49 --> Session: Class initialized using 'CodeIgniter\Session\Handlers\FileHandler' driver.
WARNING - 2023-07-24 15:48:49 --> Session: Sessions is enabled, and one exists.Please don't $session->start();
INFO - 2023-07-24 15:48:56 --> Session: Class initialized using 'CodeIgniter\Session\Handlers\FileHandler' driver.
WARNING - 2023-07-24 15:48:56 --> Session: Sessions is enabled, and one exists.Please don't $session->start();
INFO - 2023-07-24 15:49:00 --> Session: Class initialized using 'CodeIgniter\Session\Handlers\FileHandler' driver.
INFO - 2023-07-24 15:49:02 --> Session: Class initialized using 'CodeIgniter\Session\Handlers\FileHandler' driver.
WARNING - 2023-07-24 15:49:02 --> Session: Sessions is enabled, and one exists.Please don't $session->start();
INFO - 2023-07-24 15:49:03 --> Session: Class initialized using 'CodeIgniter\Session\Handlers\FileHandler' driver.
INFO - 2023-07-24 15:49:05 --> Session: Class initialized using 'CodeIgniter\Session\Handlers\FileHandler' driver.
WARNING - 2023-07-24 15:49:05 --> Session: Sessions is enabled, and one exists.Please don't $session->start();
INFO - 2023-07-24 15:49:41 --> Session: Class initialized using 'CodeIgniter\Session\Handlers\FileHandler' driver.
INFO - 2023-07-24 15:51:57 --> Session: Class initialized using 'CodeIgniter\Session\Handlers\FileHandler' driver.
INFO - 2023-07-24 15:52:25 --> Session: Class initialized using 'CodeIgniter\Session\Handlers\FileHandler' driver.
INFO - 2023-07-24 15:53:01 --> Session: Class initialized using 'CodeIgniter\Session\Handlers\FileHandler' driver.
INFO - 2023-07-24 15:54:09 --> Session: Class initialized using 'CodeIgniter\Session\Handlers\FileHandler' driver.
INFO - 2023-07-24 15:54:52 --> Session: Class initialized using 'CodeIgniter\Session\Handlers\FileHandler' driver.
INFO - 2023-07-24 15:55:16 --> Session: Class initialized using 'CodeIgniter\Session\Handlers\FileHandler' driver.
INFO - 2023-07-24 15:55:38 --> Session: Class initialized using 'CodeIgniter\Session\Handlers\FileHandler' driver.
INFO - 2023-07-24 15:55:38 --> Session: Class initialized using 'CodeIgniter\Session\Handlers\FileHandler' driver.
WARNING - 2023-07-24 15:55:38 --> Session: Sessions is enabled, and one exists.Please don't $session->start();
INFO - 2023-07-24 15:55:39 --> Session: Class initialized using 'CodeIgniter\Session\Handlers\FileHandler' driver.
WARNING - 2023-07-24 15:55:40 --> Session: Sessions is enabled, and one exists.Please don't $session->start();
INFO - 2023-07-24 15:55:46 --> Session: Class initialized using 'CodeIgniter\Session\Handlers\FileHandler' driver.
INFO - 2023-07-24 15:56:53 --> Session: Class initialized using 'CodeIgniter\Session\Handlers\FileHandler' driver.
INFO - 2023-07-24 15:58:12 --> Session: Class initialized using 'CodeIgniter\Session\Handlers\FileHandler' driver.
INFO - 2023-07-24 15:58:18 --> Session: Class initialized using 'CodeIgniter\Session\Handlers\FileHandler' driver.
WARNING - 2023-07-24 15:58:18 --> Session: Sessions is enabled, and one exists.Please don't $session->start();
INFO - 2023-07-24 15:58:32 --> Session: Class initialized using 'CodeIgniter\Session\Handlers\FileHandler' driver.
WARNING - 2023-07-24 15:58:32 --> Session: Sessions is enabled, and one exists.Please don't $session->start();
INFO - 2023-07-24 15:58:34 --> Session: Class initialized using 'CodeIgniter\Session\Handlers\FileHandler' driver.
