INFO - 2023-08-03 16:14:05 --> Session: Class initialized using 'CodeIgniter\Session\Handlers\FileHandler' driver.
INFO - 2023-08-03 16:14:06 --> Session: Class initialized using 'CodeIgniter\Session\Handlers\FileHandler' driver.
INFO - 2023-08-03 16:14:17 --> Session: Class initialized using 'CodeIgniter\Session\Handlers\FileHandler' driver.
INFO - 2023-08-03 16:14:17 --> Session: Class initialized using 'CodeIgniter\Session\Handlers\FileHandler' driver.
INFO - 2023-08-03 16:14:20 --> Session: Class initialized using 'CodeIgniter\Session\Handlers\FileHandler' driver.
WARNING - 2023-08-03 16:14:20 --> Session: Sessions is enabled, and one exists.Please don't $session->start();
INFO - 2023-08-03 16:23:31 --> Session: Class initialized using 'CodeIgniter\Session\Handlers\FileHandler' driver.
WARNING - 2023-08-03 16:23:31 --> Session: Sessions is enabled, and one exists.Please don't $session->start();
INFO - 2023-08-03 16:23:34 --> Session: Class initialized using 'CodeIgniter\Session\Handlers\FileHandler' driver.
WARNING - 2023-08-03 16:23:34 --> Session: Sessions is enabled, and one exists.Please don't $session->start();
INFO - 2023-08-03 16:23:35 --> Session: Class initialized using 'CodeIgniter\Session\Handlers\FileHandler' driver.
WARNING - 2023-08-03 16:23:35 --> Session: Sessions is enabled, and one exists.Please don't $session->start();
INFO - 2023-08-03 16:27:40 --> Session: Class initialized using 'CodeIgniter\Session\Handlers\FileHandler' driver.
WARNING - 2023-08-03 16:27:40 --> Session: Sessions is enabled, and one exists.Please don't $session->start();
CRITICAL - 2023-08-03 16:27:40 --> Undefined array key "nik"
in APPPATH\Views\umkmdata\index.php on line 87.
 1 APPPATH\Views\umkmdata\index.php(87): CodeIgniter\Debug\Exceptions->errorHandler(2, 'Undefined array key "nik"', 'APPPATH\\Views\\umkmdata\\index.php', 87)
 2 SYSTEMPATH\View\View.php(213): include('APPPATH\\Views\\umkmdata\\index.php')
 3 SYSTEMPATH\View\View.php(216): CodeIgniter\View\View->CodeIgniter\View\{closure}()
 4 SYSTEMPATH\Common.php(1184): CodeIgniter\View\View->render('umkmdata/index', [], true)
 5 APPPATH\Controllers\Admin.php(42): view('umkmdata/index', [...])
 6 SYSTEMPATH\CodeIgniter.php(934): App\Controllers\Admin->index()
 7 SYSTEMPATH\CodeIgniter.php(499): CodeIgniter\CodeIgniter->runController(Object(App\Controllers\Admin))
 8 SYSTEMPATH\CodeIgniter.php(368): CodeIgniter\CodeIgniter->handleRequest(null, Object(Config\Cache), false)
 9 FCPATH\index.php(67): CodeIgniter\CodeIgniter->run()
10 SYSTEMPATH\Commands\Server\rewrite.php(47): require_once('FCPATH\\index.php')
INFO - 2023-08-03 16:33:22 --> Session: Class initialized using 'CodeIgniter\Session\Handlers\FileHandler' driver.
INFO - 2023-08-03 16:33:26 --> Session: Class initialized using 'CodeIgniter\Session\Handlers\FileHandler' driver.
WARNING - 2023-08-03 16:33:26 --> Session: Sessions is enabled, and one exists.Please don't $session->start();
INFO - 2023-08-03 16:33:44 --> Session: Class initialized using 'CodeIgniter\Session\Handlers\FileHandler' driver.
WARNING - 2023-08-03 16:33:44 --> Session: Sessions is enabled, and one exists.Please don't $session->start();
INFO - 2023-08-03 16:33:50 --> Session: Class initialized using 'CodeIgniter\Session\Handlers\FileHandler' driver.
WARNING - 2023-08-03 16:33:50 --> Session: Sessions is enabled, and one exists.Please don't $session->start();
INFO - 2023-08-03 16:37:52 --> Session: Class initialized using 'CodeIgniter\Session\Handlers\FileHandler' driver.
WARNING - 2023-08-03 16:37:52 --> Session: Sessions is enabled, and one exists.Please don't $session->start();
INFO - 2023-08-03 16:38:11 --> Session: Class initialized using 'CodeIgniter\Session\Handlers\FileHandler' driver.
WARNING - 2023-08-03 16:38:11 --> Session: Sessions is enabled, and one exists.Please don't $session->start();
INFO - 2023-08-03 16:38:44 --> Session: Class initialized using 'CodeIgniter\Session\Handlers\FileHandler' driver.
INFO - 2023-08-03 16:38:54 --> Session: Class initialized using 'CodeIgniter\Session\Handlers\FileHandler' driver.
INFO - 2023-08-03 16:39:03 --> Session: Class initialized using 'CodeIgniter\Session\Handlers\FileHandler' driver.
WARNING - 2023-08-03 16:39:03 --> Session: Sessions is enabled, and one exists.Please don't $session->start();
INFO - 2023-08-03 16:39:52 --> Session: Class initialized using 'CodeIgniter\Session\Handlers\FileHandler' driver.
WARNING - 2023-08-03 16:39:52 --> Session: Sessions is enabled, and one exists.Please don't $session->start();
INFO - 2023-08-03 16:40:18 --> Session: Class initialized using 'CodeIgniter\Session\Handlers\FileHandler' driver.
WARNING - 2023-08-03 16:40:18 --> Session: Sessions is enabled, and one exists.Please don't $session->start();
INFO - 2023-08-03 16:40:48 --> Session: Class initialized using 'CodeIgniter\Session\Handlers\FileHandler' driver.
WARNING - 2023-08-03 16:40:48 --> Session: Sessions is enabled, and one exists.Please don't $session->start();
INFO - 2023-08-03 16:42:14 --> Session: Class initialized using 'CodeIgniter\Session\Handlers\FileHandler' driver.
WARNING - 2023-08-03 16:42:14 --> Session: Sessions is enabled, and one exists.Please don't $session->start();
INFO - 2023-08-03 16:44:16 --> Session: Class initialized using 'CodeIgniter\Session\Handlers\FileHandler' driver.
WARNING - 2023-08-03 16:44:16 --> Session: Sessions is enabled, and one exists.Please don't $session->start();
INFO - 2023-08-03 16:44:23 --> Session: Class initialized using 'CodeIgniter\Session\Handlers\FileHandler' driver.
INFO - 2023-08-03 16:44:24 --> Session: Class initialized using 'CodeIgniter\Session\Handlers\FileHandler' driver.
INFO - 2023-08-03 16:44:32 --> Session: Class initialized using 'CodeIgniter\Session\Handlers\FileHandler' driver.
INFO - 2023-08-03 16:44:39 --> Session: Class initialized using 'CodeIgniter\Session\Handlers\FileHandler' driver.
WARNING - 2023-08-03 16:44:39 --> Session: Sessions is enabled, and one exists.Please don't $session->start();
INFO - 2023-08-03 16:44:39 --> Session: Class initialized using 'CodeIgniter\Session\Handlers\FileHandler' driver.
WARNING - 2023-08-03 16:44:39 --> Session: Sessions is enabled, and one exists.Please don't $session->start();
INFO - 2023-08-03 16:44:42 --> Session: Class initialized using 'CodeIgniter\Session\Handlers\FileHandler' driver.
WARNING - 2023-08-03 16:44:42 --> Session: Sessions is enabled, and one exists.Please don't $session->start();
INFO - 2023-08-03 16:44:56 --> Session: Class initialized using 'CodeIgniter\Session\Handlers\FileHandler' driver.
WARNING - 2023-08-03 16:44:56 --> Session: Sessions is enabled, and one exists.Please don't $session->start();
INFO - 2023-08-03 16:45:53 --> Session: Class initialized using 'CodeIgniter\Session\Handlers\FileHandler' driver.
INFO - 2023-08-03 16:46:29 --> Session: Class initialized using 'CodeIgniter\Session\Handlers\FileHandler' driver.
INFO - 2023-08-03 16:46:45 --> Session: Class initialized using 'CodeIgniter\Session\Handlers\FileHandler' driver.
WARNING - 2023-08-03 16:46:45 --> Session: Sessions is enabled, and one exists.Please don't $session->start();
INFO - 2023-08-03 16:47:15 --> Session: Class initialized using 'CodeIgniter\Session\Handlers\FileHandler' driver.
WARNING - 2023-08-03 16:47:15 --> Session: Sessions is enabled, and one exists.Please don't $session->start();
INFO - 2023-08-03 16:47:15 --> Session: Class initialized using 'CodeIgniter\Session\Handlers\FileHandler' driver.
WARNING - 2023-08-03 16:47:15 --> Session: Sessions is enabled, and one exists.Please don't $session->start();
INFO - 2023-08-03 16:47:30 --> Session: Class initialized using 'CodeIgniter\Session\Handlers\FileHandler' driver.
WARNING - 2023-08-03 16:47:30 --> Session: Sessions is enabled, and one exists.Please don't $session->start();
INFO - 2023-08-03 16:47:30 --> Session: Class initialized using 'CodeIgniter\Session\Handlers\FileHandler' driver.
WARNING - 2023-08-03 16:47:30 --> Session: Sessions is enabled, and one exists.Please don't $session->start();
INFO - 2023-08-03 16:48:17 --> Session: Class initialized using 'CodeIgniter\Session\Handlers\FileHandler' driver.
WARNING - 2023-08-03 16:48:17 --> Session: Sessions is enabled, and one exists.Please don't $session->start();
INFO - 2023-08-03 16:48:17 --> Session: Class initialized using 'CodeIgniter\Session\Handlers\FileHandler' driver.
WARNING - 2023-08-03 16:48:17 --> Session: Sessions is enabled, and one exists.Please don't $session->start();
INFO - 2023-08-03 16:50:08 --> Session: Class initialized using 'CodeIgniter\Session\Handlers\FileHandler' driver.
WARNING - 2023-08-03 16:50:08 --> Session: Sessions is enabled, and one exists.Please don't $session->start();
INFO - 2023-08-03 16:50:36 --> Session: Class initialized using 'CodeIgniter\Session\Handlers\FileHandler' driver.
WARNING - 2023-08-03 16:50:36 --> Session: Sessions is enabled, and one exists.Please don't $session->start();
INFO - 2023-08-03 16:50:36 --> Session: Class initialized using 'CodeIgniter\Session\Handlers\FileHandler' driver.
WARNING - 2023-08-03 16:50:36 --> Session: Sessions is enabled, and one exists.Please don't $session->start();
INFO - 2023-08-03 16:50:58 --> Session: Class initialized using 'CodeIgniter\Session\Handlers\FileHandler' driver.
WARNING - 2023-08-03 16:50:58 --> Session: Sessions is enabled, and one exists.Please don't $session->start();
INFO - 2023-08-03 16:50:58 --> Session: Class initialized using 'CodeIgniter\Session\Handlers\FileHandler' driver.
WARNING - 2023-08-03 16:50:58 --> Session: Sessions is enabled, and one exists.Please don't $session->start();
INFO - 2023-08-03 16:53:37 --> Session: Class initialized using 'CodeIgniter\Session\Handlers\FileHandler' driver.
WARNING - 2023-08-03 16:53:37 --> Session: Sessions is enabled, and one exists.Please don't $session->start();
INFO - 2023-08-03 16:53:38 --> Session: Class initialized using 'CodeIgniter\Session\Handlers\FileHandler' driver.
WARNING - 2023-08-03 16:53:38 --> Session: Sessions is enabled, and one exists.Please don't $session->start();
INFO - 2023-08-03 16:54:04 --> Session: Class initialized using 'CodeIgniter\Session\Handlers\FileHandler' driver.
WARNING - 2023-08-03 16:54:04 --> Session: Sessions is enabled, and one exists.Please don't $session->start();
INFO - 2023-08-03 16:59:17 --> Session: Class initialized using 'CodeIgniter\Session\Handlers\FileHandler' driver.
WARNING - 2023-08-03 16:59:17 --> Session: Sessions is enabled, and one exists.Please don't $session->start();
INFO - 2023-08-03 16:59:17 --> Session: Class initialized using 'CodeIgniter\Session\Handlers\FileHandler' driver.
WARNING - 2023-08-03 16:59:17 --> Session: Sessions is enabled, and one exists.Please don't $session->start();
INFO - 2023-08-03 16:59:25 --> Session: Class initialized using 'CodeIgniter\Session\Handlers\FileHandler' driver.
WARNING - 2023-08-03 16:59:25 --> Session: Sessions is enabled, and one exists.Please don't $session->start();
INFO - 2023-08-03 16:59:34 --> Session: Class initialized using 'CodeIgniter\Session\Handlers\FileHandler' driver.
INFO - 2023-08-03 17:00:36 --> Session: Class initialized using 'CodeIgniter\Session\Handlers\FileHandler' driver.
INFO - 2023-08-03 17:00:38 --> Session: Class initialized using 'CodeIgniter\Session\Handlers\FileHandler' driver.
WARNING - 2023-08-03 17:00:38 --> Session: Sessions is enabled, and one exists.Please don't $session->start();
INFO - 2023-08-03 17:00:44 --> Session: Class initialized using 'CodeIgniter\Session\Handlers\FileHandler' driver.
WARNING - 2023-08-03 17:00:44 --> Session: Sessions is enabled, and one exists.Please don't $session->start();
INFO - 2023-08-03 17:00:44 --> Session: Class initialized using 'CodeIgniter\Session\Handlers\FileHandler' driver.
WARNING - 2023-08-03 17:00:44 --> Session: Sessions is enabled, and one exists.Please don't $session->start();
INFO - 2023-08-03 17:00:44 --> Session: Class initialized using 'CodeIgniter\Session\Handlers\FileHandler' driver.
WARNING - 2023-08-03 17:00:44 --> Session: Sessions is enabled, and one exists.Please don't $session->start();
INFO - 2023-08-03 17:01:27 --> Session: Class initialized using 'CodeIgniter\Session\Handlers\FileHandler' driver.
WARNING - 2023-08-03 17:01:27 --> Session: Sessions is enabled, and one exists.Please don't $session->start();
INFO - 2023-08-03 17:01:47 --> Session: Class initialized using 'CodeIgniter\Session\Handlers\FileHandler' driver.
WARNING - 2023-08-03 17:01:47 --> Session: Sessions is enabled, and one exists.Please don't $session->start();
INFO - 2023-08-03 17:01:47 --> Session: Class initialized using 'CodeIgniter\Session\Handlers\FileHandler' driver.
WARNING - 2023-08-03 17:01:47 --> Session: Sessions is enabled, and one exists.Please don't $session->start();
INFO - 2023-08-03 17:02:29 --> Session: Class initialized using 'CodeIgniter\Session\Handlers\FileHandler' driver.
INFO - 2023-08-03 17:07:47 --> Session: Class initialized using 'CodeIgniter\Session\Handlers\FileHandler' driver.
INFO - 2023-08-03 17:08:51 --> Session: Class initialized using 'CodeIgniter\Session\Handlers\FileHandler' driver.
INFO - 2023-08-03 17:10:40 --> Session: Class initialized using 'CodeIgniter\Session\Handlers\FileHandler' driver.
INFO - 2023-08-03 17:19:00 --> Session: Class initialized using 'CodeIgniter\Session\Handlers\FileHandler' driver.
CRITICAL - 2023-08-03 17:19:01 --> Undefined variable $hasil_pengurangan
in APPPATH\Views\home.php on line 64.
 1 APPPATH\Views\home.php(64): CodeIgniter\Debug\Exceptions->errorHandler(2, 'Undefined variable $hasil_pengurangan', 'APPPATH\\Views\\home.php', 64)
 2 SYSTEMPATH\View\View.php(213): include('APPPATH\\Views\\home.php')
 3 SYSTEMPATH\View\View.php(216): CodeIgniter\View\View->CodeIgniter\View\{closure}()
 4 SYSTEMPATH\Common.php(1184): CodeIgniter\View\View->render('home', [], true)
 5 APPPATH\Controllers\Home.php(69): view('home', [...])
 6 SYSTEMPATH\CodeIgniter.php(934): App\Controllers\Home->index()
 7 SYSTEMPATH\CodeIgniter.php(499): CodeIgniter\CodeIgniter->runController(Object(App\Controllers\Home))
 8 SYSTEMPATH\CodeIgniter.php(368): CodeIgniter\CodeIgniter->handleRequest(null, Object(Config\Cache), false)
 9 FCPATH\index.php(67): CodeIgniter\CodeIgniter->run()
10 SYSTEMPATH\Commands\Server\rewrite.php(47): require_once('FCPATH\\index.php')
INFO - 2023-08-03 17:19:55 --> Session: Class initialized using 'CodeIgniter\Session\Handlers\FileHandler' driver.
CRITICAL - 2023-08-03 17:19:55 --> Undefined variable $hasil_pengurangan
in APPPATH\Views\home.php on line 64.
 1 APPPATH\Views\home.php(64): CodeIgniter\Debug\Exceptions->errorHandler(2, 'Undefined variable $hasil_pengurangan', 'APPPATH\\Views\\home.php', 64)
 2 SYSTEMPATH\View\View.php(213): include('APPPATH\\Views\\home.php')
 3 SYSTEMPATH\View\View.php(216): CodeIgniter\View\View->CodeIgniter\View\{closure}()
 4 SYSTEMPATH\Common.php(1184): CodeIgniter\View\View->render('home', [], true)
 5 APPPATH\Controllers\Home.php(69): view('home', [...])
 6 SYSTEMPATH\CodeIgniter.php(934): App\Controllers\Home->index()
 7 SYSTEMPATH\CodeIgniter.php(499): CodeIgniter\CodeIgniter->runController(Object(App\Controllers\Home))
 8 SYSTEMPATH\CodeIgniter.php(368): CodeIgniter\CodeIgniter->handleRequest(null, Object(Config\Cache), false)
 9 FCPATH\index.php(67): CodeIgniter\CodeIgniter->run()
10 SYSTEMPATH\Commands\Server\rewrite.php(47): require_once('FCPATH\\index.php')
INFO - 2023-08-03 17:19:58 --> Session: Class initialized using 'CodeIgniter\Session\Handlers\FileHandler' driver.
CRITICAL - 2023-08-03 17:19:58 --> Undefined variable $hasil_pengurangan
in APPPATH\Views\home.php on line 64.
 1 APPPATH\Views\home.php(64): CodeIgniter\Debug\Exceptions->errorHandler(2, 'Undefined variable $hasil_pengurangan', 'APPPATH\\Views\\home.php', 64)
 2 SYSTEMPATH\View\View.php(213): include('APPPATH\\Views\\home.php')
 3 SYSTEMPATH\View\View.php(216): CodeIgniter\View\View->CodeIgniter\View\{closure}()
 4 SYSTEMPATH\Common.php(1184): CodeIgniter\View\View->render('home', [], true)
 5 APPPATH\Controllers\Home.php(69): view('home', [...])
 6 SYSTEMPATH\CodeIgniter.php(934): App\Controllers\Home->index()
 7 SYSTEMPATH\CodeIgniter.php(499): CodeIgniter\CodeIgniter->runController(Object(App\Controllers\Home))
 8 SYSTEMPATH\CodeIgniter.php(368): CodeIgniter\CodeIgniter->handleRequest(null, Object(Config\Cache), false)
 9 FCPATH\index.php(67): CodeIgniter\CodeIgniter->run()
10 SYSTEMPATH\Commands\Server\rewrite.php(47): require_once('FCPATH\\index.php')
INFO - 2023-08-03 17:22:14 --> Session: Class initialized using 'CodeIgniter\Session\Handlers\FileHandler' driver.
CRITICAL - 2023-08-03 17:22:15 --> Undefined variable $jumlah_data
in APPPATH\Views\home.php on line 64.
 1 APPPATH\Views\home.php(64): CodeIgniter\Debug\Exceptions->errorHandler(2, 'Undefined variable $jumlah_data', 'APPPATH\\Views\\home.php', 64)
 2 SYSTEMPATH\View\View.php(213): include('APPPATH\\Views\\home.php')
 3 SYSTEMPATH\View\View.php(216): CodeIgniter\View\View->CodeIgniter\View\{closure}()
 4 SYSTEMPATH\Common.php(1184): CodeIgniter\View\View->render('home', [], true)
 5 APPPATH\Controllers\Home.php(69): view('home', [...])
 6 SYSTEMPATH\CodeIgniter.php(934): App\Controllers\Home->index()
 7 SYSTEMPATH\CodeIgniter.php(499): CodeIgniter\CodeIgniter->runController(Object(App\Controllers\Home))
 8 SYSTEMPATH\CodeIgniter.php(368): CodeIgniter\CodeIgniter->handleRequest(null, Object(Config\Cache), false)
 9 FCPATH\index.php(67): CodeIgniter\CodeIgniter->run()
10 SYSTEMPATH\Commands\Server\rewrite.php(47): require_once('FCPATH\\index.php')
INFO - 2023-08-03 17:23:17 --> Session: Class initialized using 'CodeIgniter\Session\Handlers\FileHandler' driver.
INFO - 2023-08-03 17:23:30 --> Session: Class initialized using 'CodeIgniter\Session\Handlers\FileHandler' driver.
INFO - 2023-08-03 17:24:04 --> Session: Class initialized using 'CodeIgniter\Session\Handlers\FileHandler' driver.
WARNING - 2023-08-03 17:24:04 --> Session: Sessions is enabled, and one exists.Please don't $session->start();
INFO - 2023-08-03 17:24:08 --> Session: Class initialized using 'CodeIgniter\Session\Handlers\FileHandler' driver.
WARNING - 2023-08-03 17:24:08 --> Session: Sessions is enabled, and one exists.Please don't $session->start();
INFO - 2023-08-03 17:24:59 --> Session: Class initialized using 'CodeIgniter\Session\Handlers\FileHandler' driver.
WARNING - 2023-08-03 17:24:59 --> Session: Sessions is enabled, and one exists.Please don't $session->start();
INFO - 2023-08-03 17:25:13 --> Session: Class initialized using 'CodeIgniter\Session\Handlers\FileHandler' driver.
INFO - 2023-08-03 17:25:36 --> Session: Class initialized using 'CodeIgniter\Session\Handlers\FileHandler' driver.
INFO - 2023-08-03 17:25:39 --> Session: Class initialized using 'CodeIgniter\Session\Handlers\FileHandler' driver.
INFO - 2023-08-03 17:25:41 --> Session: Class initialized using 'CodeIgniter\Session\Handlers\FileHandler' driver.
INFO - 2023-08-03 17:25:44 --> Session: Class initialized using 'CodeIgniter\Session\Handlers\FileHandler' driver.
INFO - 2023-08-03 17:26:03 --> Session: Class initialized using 'CodeIgniter\Session\Handlers\FileHandler' driver.
INFO - 2023-08-03 17:26:03 --> Session: Class initialized using 'CodeIgniter\Session\Handlers\FileHandler' driver.
