INFO - 2023-08-16 18:09:09 --> Session: Class initialized using 'CodeIgniter\Session\Handlers\FileHandler' driver.
INFO - 2023-08-16 18:09:10 --> Session: Class initialized using 'CodeIgniter\Session\Handlers\FileHandler' driver.
INFO - 2023-08-16 18:09:20 --> Session: Class initialized using 'CodeIgniter\Session\Handlers\FileHandler' driver.
CRITICAL - 2023-08-16 18:09:21 --> Invalid file: "login.php"
in SYSTEMPATH\Exceptions\FrameworkException.php on line 33.
 1 SYSTEMPATH\View\View.php(201): CodeIgniter\Exceptions\FrameworkException::forInvalidFile('login.php')
 2 SYSTEMPATH\Common.php(1184): CodeIgniter\View\View->render('login', [], true)
 3 APPPATH\Controllers\Login.php(87): view('login', [...])
 4 SYSTEMPATH\CodeIgniter.php(934): App\Controllers\Login->create()
 5 SYSTEMPATH\CodeIgniter.php(499): CodeIgniter\CodeIgniter->runController(Object(App\Controllers\Login))
 6 SYSTEMPATH\CodeIgniter.php(368): CodeIgniter\CodeIgniter->handleRequest(null, Object(Config\Cache), false)
 7 FCPATH\index.php(67): CodeIgniter\CodeIgniter->run()
 8 SYSTEMPATH\Commands\Server\rewrite.php(47): require_once('FCPATH\\index.php')
INFO - 2023-08-16 18:09:34 --> Session: Class initialized using 'CodeIgniter\Session\Handlers\FileHandler' driver.
INFO - 2023-08-16 18:09:44 --> Session: Class initialized using 'CodeIgniter\Session\Handlers\FileHandler' driver.
INFO - 2023-08-16 18:09:44 --> Session: Class initialized using 'CodeIgniter\Session\Handlers\FileHandler' driver.
INFO - 2023-08-16 18:10:02 --> Session: Class initialized using 'CodeIgniter\Session\Handlers\FileHandler' driver.
WARNING - 2023-08-16 18:10:02 --> Session: Sessions is enabled, and one exists.Please don't $session->start();
INFO - 2023-08-16 18:10:07 --> Session: Class initialized using 'CodeIgniter\Session\Handlers\FileHandler' driver.
WARNING - 2023-08-16 18:10:07 --> Session: Sessions is enabled, and one exists.Please don't $session->start();
INFO - 2023-08-16 18:10:13 --> Session: Class initialized using 'CodeIgniter\Session\Handlers\FileHandler' driver.
WARNING - 2023-08-16 18:10:13 --> Session: Sessions is enabled, and one exists.Please don't $session->start();
INFO - 2023-08-16 18:12:17 --> Session: Class initialized using 'CodeIgniter\Session\Handlers\FileHandler' driver.
WARNING - 2023-08-16 18:12:18 --> Session: Sessions is enabled, and one exists.Please don't $session->start();
INFO - 2023-08-16 18:12:55 --> Session: Class initialized using 'CodeIgniter\Session\Handlers\FileHandler' driver.
WARNING - 2023-08-16 18:12:55 --> Session: Sessions is enabled, and one exists.Please don't $session->start();
INFO - 2023-08-16 18:13:33 --> Session: Class initialized using 'CodeIgniter\Session\Handlers\FileHandler' driver.
WARNING - 2023-08-16 18:13:33 --> Session: Sessions is enabled, and one exists.Please don't $session->start();
INFO - 2023-08-16 18:16:27 --> Session: Class initialized using 'CodeIgniter\Session\Handlers\FileHandler' driver.
WARNING - 2023-08-16 18:16:27 --> Session: Sessions is enabled, and one exists.Please don't $session->start();
INFO - 2023-08-16 18:17:57 --> Session: Class initialized using 'CodeIgniter\Session\Handlers\FileHandler' driver.
WARNING - 2023-08-16 18:17:57 --> Session: Sessions is enabled, and one exists.Please don't $session->start();
INFO - 2023-08-16 18:18:26 --> Session: Class initialized using 'CodeIgniter\Session\Handlers\FileHandler' driver.
WARNING - 2023-08-16 18:18:26 --> Session: Sessions is enabled, and one exists.Please don't $session->start();
INFO - 2023-08-16 18:20:06 --> Session: Class initialized using 'CodeIgniter\Session\Handlers\FileHandler' driver.
WARNING - 2023-08-16 18:20:06 --> Session: Sessions is enabled, and one exists.Please don't $session->start();
INFO - 2023-08-16 18:20:33 --> Session: Class initialized using 'CodeIgniter\Session\Handlers\FileHandler' driver.
WARNING - 2023-08-16 18:20:33 --> Session: Sessions is enabled, and one exists.Please don't $session->start();
INFO - 2023-08-16 18:20:38 --> Session: Class initialized using 'CodeIgniter\Session\Handlers\FileHandler' driver.
WARNING - 2023-08-16 18:20:38 --> Session: Sessions is enabled, and one exists.Please don't $session->start();
INFO - 2023-08-16 18:21:04 --> Session: Class initialized using 'CodeIgniter\Session\Handlers\FileHandler' driver.
WARNING - 2023-08-16 18:21:04 --> Session: Sessions is enabled, and one exists.Please don't $session->start();
INFO - 2023-08-16 18:22:17 --> Session: Class initialized using 'CodeIgniter\Session\Handlers\FileHandler' driver.
WARNING - 2023-08-16 18:22:17 --> Session: Sessions is enabled, and one exists.Please don't $session->start();
INFO - 2023-08-16 18:22:29 --> Session: Class initialized using 'CodeIgniter\Session\Handlers\FileHandler' driver.
WARNING - 2023-08-16 18:22:29 --> Session: Sessions is enabled, and one exists.Please don't $session->start();
INFO - 2023-08-16 18:22:33 --> Session: Class initialized using 'CodeIgniter\Session\Handlers\FileHandler' driver.
WARNING - 2023-08-16 18:22:33 --> Session: Sessions is enabled, and one exists.Please don't $session->start();
INFO - 2023-08-16 18:22:41 --> Session: Class initialized using 'CodeIgniter\Session\Handlers\FileHandler' driver.
WARNING - 2023-08-16 18:22:41 --> Session: Sessions is enabled, and one exists.Please don't $session->start();
INFO - 2023-08-16 18:24:44 --> Session: Class initialized using 'CodeIgniter\Session\Handlers\FileHandler' driver.
WARNING - 2023-08-16 18:24:44 --> Session: Sessions is enabled, and one exists.Please don't $session->start();
INFO - 2023-08-16 18:25:04 --> Session: Class initialized using 'CodeIgniter\Session\Handlers\FileHandler' driver.
WARNING - 2023-08-16 18:25:04 --> Session: Sessions is enabled, and one exists.Please don't $session->start();
INFO - 2023-08-16 18:25:34 --> Session: Class initialized using 'CodeIgniter\Session\Handlers\FileHandler' driver.
WARNING - 2023-08-16 18:25:34 --> Session: Sessions is enabled, and one exists.Please don't $session->start();
INFO - 2023-08-16 18:25:37 --> Session: Class initialized using 'CodeIgniter\Session\Handlers\FileHandler' driver.
WARNING - 2023-08-16 18:25:37 --> Session: Sessions is enabled, and one exists.Please don't $session->start();
INFO - 2023-08-16 18:25:48 --> Session: Class initialized using 'CodeIgniter\Session\Handlers\FileHandler' driver.
WARNING - 2023-08-16 18:25:48 --> Session: Sessions is enabled, and one exists.Please don't $session->start();
INFO - 2023-08-16 18:26:24 --> Session: Class initialized using 'CodeIgniter\Session\Handlers\FileHandler' driver.
WARNING - 2023-08-16 18:26:24 --> Session: Sessions is enabled, and one exists.Please don't $session->start();
INFO - 2023-08-16 18:28:31 --> Session: Class initialized using 'CodeIgniter\Session\Handlers\FileHandler' driver.
WARNING - 2023-08-16 18:28:31 --> Session: Sessions is enabled, and one exists.Please don't $session->start();
INFO - 2023-08-16 18:30:00 --> Session: Class initialized using 'CodeIgniter\Session\Handlers\FileHandler' driver.
WARNING - 2023-08-16 18:30:00 --> Session: Sessions is enabled, and one exists.Please don't $session->start();
INFO - 2023-08-16 18:31:29 --> Session: Class initialized using 'CodeIgniter\Session\Handlers\FileHandler' driver.
WARNING - 2023-08-16 18:31:29 --> Session: Sessions is enabled, and one exists.Please don't $session->start();
INFO - 2023-08-16 18:33:03 --> Session: Class initialized using 'CodeIgniter\Session\Handlers\FileHandler' driver.
WARNING - 2023-08-16 18:33:04 --> Session: Sessions is enabled, and one exists.Please don't $session->start();
INFO - 2023-08-16 18:33:33 --> Session: Class initialized using 'CodeIgniter\Session\Handlers\FileHandler' driver.
WARNING - 2023-08-16 18:33:34 --> Session: Sessions is enabled, and one exists.Please don't $session->start();
INFO - 2023-08-16 18:34:29 --> Session: Class initialized using 'CodeIgniter\Session\Handlers\FileHandler' driver.
WARNING - 2023-08-16 18:34:29 --> Session: Sessions is enabled, and one exists.Please don't $session->start();
INFO - 2023-08-16 18:35:00 --> Session: Class initialized using 'CodeIgniter\Session\Handlers\FileHandler' driver.
WARNING - 2023-08-16 18:35:00 --> Session: Sessions is enabled, and one exists.Please don't $session->start();
INFO - 2023-08-16 18:35:05 --> Session: Class initialized using 'CodeIgniter\Session\Handlers\FileHandler' driver.
WARNING - 2023-08-16 18:35:05 --> Session: Sessions is enabled, and one exists.Please don't $session->start();
INFO - 2023-08-16 18:35:13 --> Session: Class initialized using 'CodeIgniter\Session\Handlers\FileHandler' driver.
WARNING - 2023-08-16 18:35:13 --> Session: Sessions is enabled, and one exists.Please don't $session->start();
INFO - 2023-08-16 18:36:20 --> Session: Class initialized using 'CodeIgniter\Session\Handlers\FileHandler' driver.
WARNING - 2023-08-16 18:36:20 --> Session: Sessions is enabled, and one exists.Please don't $session->start();
INFO - 2023-08-16 18:36:38 --> Session: Class initialized using 'CodeIgniter\Session\Handlers\FileHandler' driver.
WARNING - 2023-08-16 18:36:38 --> Session: Sessions is enabled, and one exists.Please don't $session->start();
INFO - 2023-08-16 18:36:38 --> Session: Class initialized using 'CodeIgniter\Session\Handlers\FileHandler' driver.
WARNING - 2023-08-16 18:36:38 --> Session: Sessions is enabled, and one exists.Please don't $session->start();
INFO - 2023-08-16 18:37:00 --> Session: Class initialized using 'CodeIgniter\Session\Handlers\FileHandler' driver.
INFO - 2023-08-16 18:37:08 --> Session: Class initialized using 'CodeIgniter\Session\Handlers\FileHandler' driver.
INFO - 2023-08-16 18:37:37 --> Session: Class initialized using 'CodeIgniter\Session\Handlers\FileHandler' driver.
INFO - 2023-08-16 18:37:43 --> Session: Class initialized using 'CodeIgniter\Session\Handlers\FileHandler' driver.
INFO - 2023-08-16 18:38:03 --> Session: Class initialized using 'CodeIgniter\Session\Handlers\FileHandler' driver.
INFO - 2023-08-16 18:38:05 --> Session: Class initialized using 'CodeIgniter\Session\Handlers\FileHandler' driver.
WARNING - 2023-08-16 18:38:05 --> Session: Sessions is enabled, and one exists.Please don't $session->start();
INFO - 2023-08-16 18:39:30 --> Session: Class initialized using 'CodeIgniter\Session\Handlers\FileHandler' driver.
WARNING - 2023-08-16 18:39:30 --> Session: Sessions is enabled, and one exists.Please don't $session->start();
INFO - 2023-08-16 18:40:27 --> Session: Class initialized using 'CodeIgniter\Session\Handlers\FileHandler' driver.
WARNING - 2023-08-16 18:40:27 --> Session: Sessions is enabled, and one exists.Please don't $session->start();
INFO - 2023-08-16 18:41:38 --> Session: Class initialized using 'CodeIgniter\Session\Handlers\FileHandler' driver.
WARNING - 2023-08-16 18:41:38 --> Session: Sessions is enabled, and one exists.Please don't $session->start();
INFO - 2023-08-16 18:41:58 --> Session: Class initialized using 'CodeIgniter\Session\Handlers\FileHandler' driver.
WARNING - 2023-08-16 18:41:58 --> Session: Sessions is enabled, and one exists.Please don't $session->start();
INFO - 2023-08-16 18:42:09 --> Session: Class initialized using 'CodeIgniter\Session\Handlers\FileHandler' driver.
WARNING - 2023-08-16 18:42:09 --> Session: Sessions is enabled, and one exists.Please don't $session->start();
INFO - 2023-08-16 18:42:20 --> Session: Class initialized using 'CodeIgniter\Session\Handlers\FileHandler' driver.
WARNING - 2023-08-16 18:42:20 --> Session: Sessions is enabled, and one exists.Please don't $session->start();
INFO - 2023-08-16 18:42:32 --> Session: Class initialized using 'CodeIgniter\Session\Handlers\FileHandler' driver.
WARNING - 2023-08-16 18:42:32 --> Session: Sessions is enabled, and one exists.Please don't $session->start();
INFO - 2023-08-16 18:42:42 --> Session: Class initialized using 'CodeIgniter\Session\Handlers\FileHandler' driver.
WARNING - 2023-08-16 18:42:42 --> Session: Sessions is enabled, and one exists.Please don't $session->start();
INFO - 2023-08-16 18:42:48 --> Session: Class initialized using 'CodeIgniter\Session\Handlers\FileHandler' driver.
WARNING - 2023-08-16 18:42:48 --> Session: Sessions is enabled, and one exists.Please don't $session->start();
INFO - 2023-08-16 18:45:51 --> Session: Class initialized using 'CodeIgniter\Session\Handlers\FileHandler' driver.
WARNING - 2023-08-16 18:45:51 --> Session: Sessions is enabled, and one exists.Please don't $session->start();
INFO - 2023-08-16 18:46:55 --> Session: Class initialized using 'CodeIgniter\Session\Handlers\FileHandler' driver.
WARNING - 2023-08-16 18:46:55 --> Session: Sessions is enabled, and one exists.Please don't $session->start();
INFO - 2023-08-16 18:47:22 --> Session: Class initialized using 'CodeIgniter\Session\Handlers\FileHandler' driver.
WARNING - 2023-08-16 18:47:22 --> Session: Sessions is enabled, and one exists.Please don't $session->start();
INFO - 2023-08-16 18:51:24 --> Session: Class initialized using 'CodeIgniter\Session\Handlers\FileHandler' driver.
INFO - 2023-08-16 18:51:28 --> Session: Class initialized using 'CodeIgniter\Session\Handlers\FileHandler' driver.
WARNING - 2023-08-16 18:51:28 --> Session: Sessions is enabled, and one exists.Please don't $session->start();
INFO - 2023-08-16 18:51:41 --> Session: Class initialized using 'CodeIgniter\Session\Handlers\FileHandler' driver.
WARNING - 2023-08-16 18:51:41 --> Session: Sessions is enabled, and one exists.Please don't $session->start();
INFO - 2023-08-16 18:51:53 --> Session: Class initialized using 'CodeIgniter\Session\Handlers\FileHandler' driver.
WARNING - 2023-08-16 18:51:53 --> Session: Sessions is enabled, and one exists.Please don't $session->start();
INFO - 2023-08-16 18:52:26 --> Session: Class initialized using 'CodeIgniter\Session\Handlers\FileHandler' driver.
WARNING - 2023-08-16 18:52:27 --> Session: Sessions is enabled, and one exists.Please don't $session->start();
INFO - 2023-08-16 18:52:47 --> Session: Class initialized using 'CodeIgniter\Session\Handlers\FileHandler' driver.
WARNING - 2023-08-16 18:52:47 --> Session: Sessions is enabled, and one exists.Please don't $session->start();
